   1              		.syntax unified
   2              		.cpu cortex-m3
   3              		.fpu softvfp
   4              		.eabi_attribute 20, 1
   5              		.eabi_attribute 21, 1
   6              		.eabi_attribute 23, 3
   7              		.eabi_attribute 24, 1
   8              		.eabi_attribute 25, 1
   9              		.eabi_attribute 26, 1
  10              		.eabi_attribute 30, 6
  11              		.eabi_attribute 34, 1
  12              		.eabi_attribute 18, 4
  13              		.thumb
  14              		.file	"icmpv6echo.c"
  15              		.text
  16              	.Ltext0:
  17              		.cfi_sections	.debug_frame
  18              		.section	.rodata
  19              		.align	2
  22              	rreg_uriquery:
  23 0000 683D7563 		.ascii	"h=ucb\000"
  23      6200
  24 0006 0000     		.align	2
  27              	infoBoardname:
  28 0008 43433235 		.ascii	"CC2538\000"
  28      333800
  29 000f 00       		.align	2
  32              	infouCName:
  33 0010 43433235 		.ascii	"CC2538\000"
  33      333800
  34 0017 00       		.align	2
  37              	infoRadioName:
  38 0018 43433235 		.ascii	"CC2538 SoC\000"
  38      33382053 
  38      6F4300
  39 0023 00       		.align	2
  42              	infoStackName:
  43 0024 4F70656E 		.ascii	"OpenWSN \000"
  43      57534E20 
  43      00
  44              		.comm	icmpv6echo_vars,22,4
  45              		.text
  46              		.align	2
  47              		.global	icmpv6echo_init
  48              		.thumb
  49              		.thumb_func
  51              	icmpv6echo_init:
  52              	.LFB0:
  53              		.file 1 "build/openmote-cc2538_armgcc/openstack/03b-IPv6/icmpv6echo.c"
   1:build/openmote-cc2538_armgcc/openstack/03b-IPv6/icmpv6echo.c **** #include "opendefs.h"
   2:build/openmote-cc2538_armgcc/openstack/03b-IPv6/icmpv6echo.c **** #include "icmpv6echo.h"
   3:build/openmote-cc2538_armgcc/openstack/03b-IPv6/icmpv6echo.c **** #include "icmpv6.h"
   4:build/openmote-cc2538_armgcc/openstack/03b-IPv6/icmpv6echo.c **** #include "openserial.h"
   5:build/openmote-cc2538_armgcc/openstack/03b-IPv6/icmpv6echo.c **** #include "openqueue.h"
   6:build/openmote-cc2538_armgcc/openstack/03b-IPv6/icmpv6echo.c **** #include "packetfunctions.h"
   7:build/openmote-cc2538_armgcc/openstack/03b-IPv6/icmpv6echo.c **** #include "debugpins.h"
   8:build/openmote-cc2538_armgcc/openstack/03b-IPv6/icmpv6echo.c **** 
   9:build/openmote-cc2538_armgcc/openstack/03b-IPv6/icmpv6echo.c **** //=========================== variables =======================================
  10:build/openmote-cc2538_armgcc/openstack/03b-IPv6/icmpv6echo.c **** 
  11:build/openmote-cc2538_armgcc/openstack/03b-IPv6/icmpv6echo.c **** icmpv6echo_vars_t icmpv6echo_vars;
  12:build/openmote-cc2538_armgcc/openstack/03b-IPv6/icmpv6echo.c **** 
  13:build/openmote-cc2538_armgcc/openstack/03b-IPv6/icmpv6echo.c **** //=========================== prototypes ======================================
  14:build/openmote-cc2538_armgcc/openstack/03b-IPv6/icmpv6echo.c **** 
  15:build/openmote-cc2538_armgcc/openstack/03b-IPv6/icmpv6echo.c **** //=========================== public ==========================================
  16:build/openmote-cc2538_armgcc/openstack/03b-IPv6/icmpv6echo.c **** 
  17:build/openmote-cc2538_armgcc/openstack/03b-IPv6/icmpv6echo.c **** void icmpv6echo_init(void) {
  54              		.loc 1 17 0
  55              		.cfi_startproc
  56              		@ args = 0, pretend = 0, frame = 0
  57              		@ frame_needed = 1, uses_anonymous_args = 0
  58              		@ link register save eliminated.
  59 0000 80B4     		push	{r7}
  60              		.cfi_def_cfa_offset 4
  61              		.cfi_offset 7, -4
  62 0002 00AF     		add	r7, sp, #0
  63              		.cfi_def_cfa_register 7
  18:build/openmote-cc2538_armgcc/openstack/03b-IPv6/icmpv6echo.c ****    icmpv6echo_vars.busySending    = FALSE;
  64              		.loc 1 18 0
  65 0004 064B     		ldr	r3, .L2
  66 0006 0022     		movs	r2, #0
  67 0008 1A70     		strb	r2, [r3]
  19:build/openmote-cc2538_armgcc/openstack/03b-IPv6/icmpv6echo.c ****    icmpv6echo_vars.seq            = 0;
  68              		.loc 1 19 0
  69 000a 054B     		ldr	r3, .L2
  70 000c 0022     		movs	r2, #0
  71 000e 5A82     		strh	r2, [r3, #18]	@ movhi
  20:build/openmote-cc2538_armgcc/openstack/03b-IPv6/icmpv6echo.c ****    icmpv6echo_vars.isReplyEnabled = TRUE;
  72              		.loc 1 20 0
  73 0010 034B     		ldr	r3, .L2
  74 0012 0122     		movs	r2, #1
  75 0014 1A75     		strb	r2, [r3, #20]
  21:build/openmote-cc2538_armgcc/openstack/03b-IPv6/icmpv6echo.c **** }
  76              		.loc 1 21 0
  77 0016 BD46     		mov	sp, r7
  78              		.cfi_def_cfa_register 13
  79              		@ sp needed
  80 0018 5DF8047B 		ldr	r7, [sp], #4
  81              		.cfi_restore 7
  82              		.cfi_def_cfa_offset 0
  83 001c 7047     		bx	lr
  84              	.L3:
  85 001e 00BF     		.align	2
  86              	.L2:
  87 0020 00000000 		.word	icmpv6echo_vars
  88              		.cfi_endproc
  89              	.LFE0:
  91              		.align	2
  92              		.global	icmpv6echo_trigger
  93              		.thumb
  94              		.thumb_func
  96              	icmpv6echo_trigger:
  97              	.LFB1:
  22:build/openmote-cc2538_armgcc/openstack/03b-IPv6/icmpv6echo.c **** 
  23:build/openmote-cc2538_armgcc/openstack/03b-IPv6/icmpv6echo.c **** void icmpv6echo_trigger(void) {
  98              		.loc 1 23 0
  99              		.cfi_startproc
 100              		@ args = 0, pretend = 0, frame = 24
 101              		@ frame_needed = 1, uses_anonymous_args = 0
 102 0024 B0B5     		push	{r4, r5, r7, lr}
 103              		.cfi_def_cfa_offset 16
 104              		.cfi_offset 4, -16
 105              		.cfi_offset 5, -12
 106              		.cfi_offset 7, -8
 107              		.cfi_offset 14, -4
 108 0026 86B0     		sub	sp, sp, #24
 109              		.cfi_def_cfa_offset 40
 110 0028 00AF     		add	r7, sp, #0
 111              		.cfi_def_cfa_register 7
  24:build/openmote-cc2538_armgcc/openstack/03b-IPv6/icmpv6echo.c ****    uint8_t number_bytes_from_input_buffer;
  25:build/openmote-cc2538_armgcc/openstack/03b-IPv6/icmpv6echo.c ****    uint8_t input_buffer[16];
  26:build/openmote-cc2538_armgcc/openstack/03b-IPv6/icmpv6echo.c ****    OpenQueueEntry_t* msg;
  27:build/openmote-cc2538_armgcc/openstack/03b-IPv6/icmpv6echo.c ****  
  28:build/openmote-cc2538_armgcc/openstack/03b-IPv6/icmpv6echo.c ****    
  29:build/openmote-cc2538_armgcc/openstack/03b-IPv6/icmpv6echo.c ****    //get command from OpenSerial (16B IPv6 destination address)
  30:build/openmote-cc2538_armgcc/openstack/03b-IPv6/icmpv6echo.c ****    number_bytes_from_input_buffer = openserial_getInputBuffer(&(input_buffer[0]),sizeof(input_buffe
 112              		.loc 1 30 0
 113 002a 3B46     		mov	r3, r7
 114 002c 1846     		mov	r0, r3
 115 002e 1021     		movs	r1, #16
 116 0030 FFF7FEFF 		bl	openserial_getInputBuffer
 117 0034 0346     		mov	r3, r0
 118 0036 FB75     		strb	r3, [r7, #23]
  31:build/openmote-cc2538_armgcc/openstack/03b-IPv6/icmpv6echo.c ****    if (number_bytes_from_input_buffer!=sizeof(input_buffer)) {
 119              		.loc 1 31 0
 120 0038 FB7D     		ldrb	r3, [r7, #23]	@ zero_extendqisi2
 121 003a 102B     		cmp	r3, #16
 122 003c 08D0     		beq	.L5
  32:build/openmote-cc2538_armgcc/openstack/03b-IPv6/icmpv6echo.c ****       openserial_printError(COMPONENT_ICMPv6ECHO,ERR_INPUTBUFFER_LENGTH,
 123              		.loc 1 32 0
 124 003e FB7D     		ldrb	r3, [r7, #23]	@ zero_extendqisi2
 125 0040 9BB2     		uxth	r3, r3
 126 0042 1420     		movs	r0, #20
 127 0044 3421     		movs	r1, #52
 128 0046 1A46     		mov	r2, r3
 129 0048 0023     		movs	r3, #0
 130 004a FFF7FEFF 		bl	openserial_printError
  33:build/openmote-cc2538_armgcc/openstack/03b-IPv6/icmpv6echo.c ****                             (errorparameter_t)number_bytes_from_input_buffer,
  34:build/openmote-cc2538_armgcc/openstack/03b-IPv6/icmpv6echo.c ****                             (errorparameter_t)0);
  35:build/openmote-cc2538_armgcc/openstack/03b-IPv6/icmpv6echo.c ****       return;
 131              		.loc 1 35 0
 132 004e 6DE0     		b	.L4
 133              	.L5:
  36:build/openmote-cc2538_armgcc/openstack/03b-IPv6/icmpv6echo.c ****    };
  37:build/openmote-cc2538_armgcc/openstack/03b-IPv6/icmpv6echo.c ****    icmpv6echo_vars.hisAddress.type  = ADDR_128B;
 134              		.loc 1 37 0
 135 0050 384B     		ldr	r3, .L11
 136 0052 0322     		movs	r2, #3
 137 0054 5A70     		strb	r2, [r3, #1]
  38:build/openmote-cc2538_armgcc/openstack/03b-IPv6/icmpv6echo.c ****    memcpy(&(icmpv6echo_vars.hisAddress.addr_128b[0]),&(input_buffer[0]),16);
 138              		.loc 1 38 0
 139 0056 3B46     		mov	r3, r7
 140 0058 3748     		ldr	r0, .L11+4
 141 005a 1946     		mov	r1, r3
 142 005c 1022     		movs	r2, #16
 143 005e FFF7FEFF 		bl	memcpy
  39:build/openmote-cc2538_armgcc/openstack/03b-IPv6/icmpv6echo.c ****    
  40:build/openmote-cc2538_armgcc/openstack/03b-IPv6/icmpv6echo.c ****    //send
  41:build/openmote-cc2538_armgcc/openstack/03b-IPv6/icmpv6echo.c ****    if (icmpv6echo_vars.busySending==TRUE) {
 144              		.loc 1 41 0
 145 0062 344B     		ldr	r3, .L11
 146 0064 1B78     		ldrb	r3, [r3]	@ zero_extendqisi2
 147 0066 002B     		cmp	r3, #0
 148 0068 06D0     		beq	.L7
  42:build/openmote-cc2538_armgcc/openstack/03b-IPv6/icmpv6echo.c ****       openserial_printError(COMPONENT_ICMPv6ECHO,ERR_BUSY_SENDING,
 149              		.loc 1 42 0
 150 006a 1420     		movs	r0, #20
 151 006c 2A21     		movs	r1, #42
 152 006e 0022     		movs	r2, #0
 153 0070 0023     		movs	r3, #0
 154 0072 FFF7FEFF 		bl	openserial_printError
 155 0076 59E0     		b	.L4
 156              	.L7:
  43:build/openmote-cc2538_armgcc/openstack/03b-IPv6/icmpv6echo.c ****                             (errorparameter_t)0,
  44:build/openmote-cc2538_armgcc/openstack/03b-IPv6/icmpv6echo.c ****                             (errorparameter_t)0);
  45:build/openmote-cc2538_armgcc/openstack/03b-IPv6/icmpv6echo.c ****    } else {
  46:build/openmote-cc2538_armgcc/openstack/03b-IPv6/icmpv6echo.c ****       icmpv6echo_vars.busySending = TRUE;
 157              		.loc 1 46 0
 158 0078 2E4B     		ldr	r3, .L11
 159 007a 0122     		movs	r2, #1
 160 007c 1A70     		strb	r2, [r3]
  47:build/openmote-cc2538_armgcc/openstack/03b-IPv6/icmpv6echo.c ****       
  48:build/openmote-cc2538_armgcc/openstack/03b-IPv6/icmpv6echo.c ****       msg = openqueue_getFreePacketBuffer(COMPONENT_ICMPv6ECHO);
 161              		.loc 1 48 0
 162 007e 1420     		movs	r0, #20
 163 0080 FFF7FEFF 		bl	openqueue_getFreePacketBuffer
 164 0084 3861     		str	r0, [r7, #16]
  49:build/openmote-cc2538_armgcc/openstack/03b-IPv6/icmpv6echo.c ****       if (msg==NULL) {
 165              		.loc 1 49 0
 166 0086 3B69     		ldr	r3, [r7, #16]
 167 0088 002B     		cmp	r3, #0
 168 008a 09D1     		bne	.L9
  50:build/openmote-cc2538_armgcc/openstack/03b-IPv6/icmpv6echo.c ****          openserial_printError(COMPONENT_ICMPv6ECHO,ERR_NO_FREE_PACKET_BUFFER,
 169              		.loc 1 50 0
 170 008c 1420     		movs	r0, #20
 171 008e 2C21     		movs	r1, #44
 172 0090 0022     		movs	r2, #0
 173 0092 0023     		movs	r3, #0
 174 0094 FFF7FEFF 		bl	openserial_printError
  51:build/openmote-cc2538_armgcc/openstack/03b-IPv6/icmpv6echo.c ****                                (errorparameter_t)0,
  52:build/openmote-cc2538_armgcc/openstack/03b-IPv6/icmpv6echo.c ****                                (errorparameter_t)0);
  53:build/openmote-cc2538_armgcc/openstack/03b-IPv6/icmpv6echo.c ****          icmpv6echo_vars.busySending = FALSE;
 175              		.loc 1 53 0
 176 0098 264B     		ldr	r3, .L11
 177 009a 0022     		movs	r2, #0
 178 009c 1A70     		strb	r2, [r3]
  54:build/openmote-cc2538_armgcc/openstack/03b-IPv6/icmpv6echo.c ****          return;
 179              		.loc 1 54 0
 180 009e 45E0     		b	.L4
 181              	.L9:
  55:build/openmote-cc2538_armgcc/openstack/03b-IPv6/icmpv6echo.c ****       }
  56:build/openmote-cc2538_armgcc/openstack/03b-IPv6/icmpv6echo.c ****       //admin
  57:build/openmote-cc2538_armgcc/openstack/03b-IPv6/icmpv6echo.c ****       msg->creator                               = COMPONENT_ICMPv6ECHO;
 182              		.loc 1 57 0
 183 00a0 3B69     		ldr	r3, [r7, #16]
 184 00a2 1422     		movs	r2, #20
 185 00a4 1A70     		strb	r2, [r3]
  58:build/openmote-cc2538_armgcc/openstack/03b-IPv6/icmpv6echo.c ****       msg->owner                                 = COMPONENT_ICMPv6ECHO;
 186              		.loc 1 58 0
 187 00a6 3B69     		ldr	r3, [r7, #16]
 188 00a8 1422     		movs	r2, #20
 189 00aa 5A70     		strb	r2, [r3, #1]
  59:build/openmote-cc2538_armgcc/openstack/03b-IPv6/icmpv6echo.c ****       //l4
  60:build/openmote-cc2538_armgcc/openstack/03b-IPv6/icmpv6echo.c ****       msg->l4_protocol                           = IANA_ICMPv6;
 190              		.loc 1 60 0
 191 00ac 3B69     		ldr	r3, [r7, #16]
 192 00ae 3A22     		movs	r2, #58
 193 00b0 9A73     		strb	r2, [r3, #14]
  61:build/openmote-cc2538_armgcc/openstack/03b-IPv6/icmpv6echo.c ****       msg->l4_sourcePortORicmpv6Type             = IANA_ICMPv6_ECHO_REQUEST;
 194              		.loc 1 61 0
 195 00b2 3B69     		ldr	r3, [r7, #16]
 196 00b4 8022     		movs	r2, #128
 197 00b6 1A82     		strh	r2, [r3, #16]	@ movhi
  62:build/openmote-cc2538_armgcc/openstack/03b-IPv6/icmpv6echo.c ****       //l3
  63:build/openmote-cc2538_armgcc/openstack/03b-IPv6/icmpv6echo.c ****       memcpy(&(msg->l3_destinationAdd),&icmpv6echo_vars.hisAddress,sizeof(open_addr_t));
 198              		.loc 1 63 0
 199 00b8 3B69     		ldr	r3, [r7, #16]
 200 00ba 03F11902 		add	r2, r3, #25
 201 00be 1D4B     		ldr	r3, .L11
 202 00c0 0133     		adds	r3, r3, #1
 203 00c2 1D68     		ldr	r5, [r3]	@ unaligned
 204 00c4 5C68     		ldr	r4, [r3, #4]	@ unaligned
 205 00c6 9868     		ldr	r0, [r3, #8]	@ unaligned
 206 00c8 D968     		ldr	r1, [r3, #12]	@ unaligned
 207 00ca 1560     		str	r5, [r2]	@ unaligned
 208 00cc 5460     		str	r4, [r2, #4]	@ unaligned
 209 00ce 9060     		str	r0, [r2, #8]	@ unaligned
 210 00d0 D160     		str	r1, [r2, #12]	@ unaligned
 211 00d2 1B7C     		ldrb	r3, [r3, #16]
 212 00d4 1374     		strb	r3, [r2, #16]
  64:build/openmote-cc2538_armgcc/openstack/03b-IPv6/icmpv6echo.c ****       //payload
  65:build/openmote-cc2538_armgcc/openstack/03b-IPv6/icmpv6echo.c ****       packetfunctions_reserveHeaderSize(msg,4);
 213              		.loc 1 65 0
 214 00d6 3869     		ldr	r0, [r7, #16]
 215 00d8 0421     		movs	r1, #4
 216 00da FFF7FEFF 		bl	packetfunctions_reserveHeaderSize
  66:build/openmote-cc2538_armgcc/openstack/03b-IPv6/icmpv6echo.c ****       packetfunctions_htonl(0x789abcde,(uint8_t*)(msg->payload));
 217              		.loc 1 66 0
 218 00de 3B69     		ldr	r3, [r7, #16]
 219 00e0 5B68     		ldr	r3, [r3, #4]
 220 00e2 1648     		ldr	r0, .L11+8
 221 00e4 1946     		mov	r1, r3
 222 00e6 FFF7FEFF 		bl	packetfunctions_htonl
  67:build/openmote-cc2538_armgcc/openstack/03b-IPv6/icmpv6echo.c ****       //ICMPv6 header
  68:build/openmote-cc2538_armgcc/openstack/03b-IPv6/icmpv6echo.c ****       packetfunctions_reserveHeaderSize(msg,sizeof(ICMPv6_ht));
 223              		.loc 1 68 0
 224 00ea 3869     		ldr	r0, [r7, #16]
 225 00ec 0421     		movs	r1, #4
 226 00ee FFF7FEFF 		bl	packetfunctions_reserveHeaderSize
  69:build/openmote-cc2538_armgcc/openstack/03b-IPv6/icmpv6echo.c ****       ((ICMPv6_ht*)(msg->payload))->type         = msg->l4_sourcePortORicmpv6Type;
 227              		.loc 1 69 0
 228 00f2 3B69     		ldr	r3, [r7, #16]
 229 00f4 5B68     		ldr	r3, [r3, #4]
 230 00f6 3A69     		ldr	r2, [r7, #16]
 231 00f8 128A     		ldrh	r2, [r2, #16]
 232 00fa D2B2     		uxtb	r2, r2
 233 00fc 1A70     		strb	r2, [r3]
  70:build/openmote-cc2538_armgcc/openstack/03b-IPv6/icmpv6echo.c ****       ((ICMPv6_ht*)(msg->payload))->code         = 0;
 234              		.loc 1 70 0
 235 00fe 3B69     		ldr	r3, [r7, #16]
 236 0100 5B68     		ldr	r3, [r3, #4]
 237 0102 0022     		movs	r2, #0
 238 0104 5A70     		strb	r2, [r3, #1]
  71:build/openmote-cc2538_armgcc/openstack/03b-IPv6/icmpv6echo.c ****       // Below Identifier might need to be replaced by the identifier used by icmpv6rpl
  72:build/openmote-cc2538_armgcc/openstack/03b-IPv6/icmpv6echo.c ****       // packetfunctions_htons(0x1234       ,(uint8_t*)&((ICMPv6_ht*)(msg->payload))->identifier);
  73:build/openmote-cc2538_armgcc/openstack/03b-IPv6/icmpv6echo.c ****       // Below sequence_number might need to be removed
  74:build/openmote-cc2538_armgcc/openstack/03b-IPv6/icmpv6echo.c ****       // packetfunctions_htons(icmpv6echo_vars.seq++ ,(uint8_t*)&((ICMPv6_ht*)(msg->payload))->sequ
  75:build/openmote-cc2538_armgcc/openstack/03b-IPv6/icmpv6echo.c ****       packetfunctions_calculateChecksum(msg,(uint8_t*)&(((ICMPv6_ht*)(msg->payload))->checksum));//
 239              		.loc 1 75 0
 240 0106 3B69     		ldr	r3, [r7, #16]
 241 0108 5B68     		ldr	r3, [r3, #4]
 242 010a 0233     		adds	r3, r3, #2
 243 010c 3869     		ldr	r0, [r7, #16]
 244 010e 1946     		mov	r1, r3
 245 0110 FFF7FEFF 		bl	packetfunctions_calculateChecksum
  76:build/openmote-cc2538_armgcc/openstack/03b-IPv6/icmpv6echo.c ****       //send
  77:build/openmote-cc2538_armgcc/openstack/03b-IPv6/icmpv6echo.c ****       if (icmpv6_send(msg)!=E_SUCCESS) {
 246              		.loc 1 77 0
 247 0114 3869     		ldr	r0, [r7, #16]
 248 0116 FFF7FEFF 		bl	icmpv6_send
 249 011a 0346     		mov	r3, r0
 250 011c 002B     		cmp	r3, #0
 251 011e 05D0     		beq	.L4
  78:build/openmote-cc2538_armgcc/openstack/03b-IPv6/icmpv6echo.c ****          icmpv6echo_vars.busySending = FALSE;
 252              		.loc 1 78 0
 253 0120 044B     		ldr	r3, .L11
 254 0122 0022     		movs	r2, #0
 255 0124 1A70     		strb	r2, [r3]
  79:build/openmote-cc2538_armgcc/openstack/03b-IPv6/icmpv6echo.c ****          openqueue_freePacketBuffer(msg);
 256              		.loc 1 79 0
 257 0126 3869     		ldr	r0, [r7, #16]
 258 0128 FFF7FEFF 		bl	openqueue_freePacketBuffer
 259              	.L4:
  80:build/openmote-cc2538_armgcc/openstack/03b-IPv6/icmpv6echo.c ****       }
  81:build/openmote-cc2538_armgcc/openstack/03b-IPv6/icmpv6echo.c ****    }
  82:build/openmote-cc2538_armgcc/openstack/03b-IPv6/icmpv6echo.c **** }
 260              		.loc 1 82 0
 261 012c 1837     		adds	r7, r7, #24
 262              		.cfi_def_cfa_offset 16
 263 012e BD46     		mov	sp, r7
 264              		.cfi_def_cfa_register 13
 265              		@ sp needed
 266 0130 B0BD     		pop	{r4, r5, r7, pc}
 267              	.L12:
 268 0132 00BF     		.align	2
 269              	.L11:
 270 0134 00000000 		.word	icmpv6echo_vars
 271 0138 02000000 		.word	icmpv6echo_vars+2
 272 013c DEBC9A78 		.word	2023406814
 273              		.cfi_endproc
 274              	.LFE1:
 276              		.align	2
 277              		.global	icmpv6echo_sendDone
 278              		.thumb
 279              		.thumb_func
 281              	icmpv6echo_sendDone:
 282              	.LFB2:
  83:build/openmote-cc2538_armgcc/openstack/03b-IPv6/icmpv6echo.c **** 
  84:build/openmote-cc2538_armgcc/openstack/03b-IPv6/icmpv6echo.c **** void icmpv6echo_sendDone(OpenQueueEntry_t* msg, owerror_t error) {
 283              		.loc 1 84 0
 284              		.cfi_startproc
 285              		@ args = 0, pretend = 0, frame = 8
 286              		@ frame_needed = 1, uses_anonymous_args = 0
 287 0140 80B5     		push	{r7, lr}
 288              		.cfi_def_cfa_offset 8
 289              		.cfi_offset 7, -8
 290              		.cfi_offset 14, -4
 291 0142 82B0     		sub	sp, sp, #8
 292              		.cfi_def_cfa_offset 16
 293 0144 00AF     		add	r7, sp, #0
 294              		.cfi_def_cfa_register 7
 295 0146 7860     		str	r0, [r7, #4]
 296 0148 0B46     		mov	r3, r1
 297 014a FB70     		strb	r3, [r7, #3]
  85:build/openmote-cc2538_armgcc/openstack/03b-IPv6/icmpv6echo.c ****    msg->owner = COMPONENT_ICMPv6ECHO;
 298              		.loc 1 85 0
 299 014c 7B68     		ldr	r3, [r7, #4]
 300 014e 1422     		movs	r2, #20
 301 0150 5A70     		strb	r2, [r3, #1]
  86:build/openmote-cc2538_armgcc/openstack/03b-IPv6/icmpv6echo.c ****    if (msg->creator!=COMPONENT_ICMPv6ECHO) {//that was a packet I had not created
 302              		.loc 1 86 0
 303 0152 7B68     		ldr	r3, [r7, #4]
 304 0154 1B78     		ldrb	r3, [r3]	@ zero_extendqisi2
 305 0156 142B     		cmp	r3, #20
 306 0158 05D0     		beq	.L14
  87:build/openmote-cc2538_armgcc/openstack/03b-IPv6/icmpv6echo.c ****       openserial_printError(COMPONENT_ICMPv6ECHO,ERR_UNEXPECTED_SENDDONE,
 307              		.loc 1 87 0
 308 015a 1420     		movs	r0, #20
 309 015c 2B21     		movs	r1, #43
 310 015e 0022     		movs	r2, #0
 311 0160 0023     		movs	r3, #0
 312 0162 FFF7FEFF 		bl	openserial_printError
 313              	.L14:
  88:build/openmote-cc2538_armgcc/openstack/03b-IPv6/icmpv6echo.c ****                             (errorparameter_t)0,
  89:build/openmote-cc2538_armgcc/openstack/03b-IPv6/icmpv6echo.c ****                             (errorparameter_t)0);
  90:build/openmote-cc2538_armgcc/openstack/03b-IPv6/icmpv6echo.c ****    }
  91:build/openmote-cc2538_armgcc/openstack/03b-IPv6/icmpv6echo.c ****    openqueue_freePacketBuffer(msg);
 314              		.loc 1 91 0
 315 0166 7868     		ldr	r0, [r7, #4]
 316 0168 FFF7FEFF 		bl	openqueue_freePacketBuffer
  92:build/openmote-cc2538_armgcc/openstack/03b-IPv6/icmpv6echo.c ****    icmpv6echo_vars.busySending = FALSE;
 317              		.loc 1 92 0
 318 016c 024B     		ldr	r3, .L15
 319 016e 0022     		movs	r2, #0
 320 0170 1A70     		strb	r2, [r3]
  93:build/openmote-cc2538_armgcc/openstack/03b-IPv6/icmpv6echo.c ****  }
 321              		.loc 1 93 0
 322 0172 0837     		adds	r7, r7, #8
 323              		.cfi_def_cfa_offset 8
 324 0174 BD46     		mov	sp, r7
 325              		.cfi_def_cfa_register 13
 326              		@ sp needed
 327 0176 80BD     		pop	{r7, pc}
 328              	.L16:
 329              		.align	2
 330              	.L15:
 331 0178 00000000 		.word	icmpv6echo_vars
 332              		.cfi_endproc
 333              	.LFE2:
 335              		.align	2
 336              		.global	icmpv6echo_receive
 337              		.thumb
 338              		.thumb_func
 340              	icmpv6echo_receive:
 341              	.LFB3:
  94:build/openmote-cc2538_armgcc/openstack/03b-IPv6/icmpv6echo.c **** 
  95:build/openmote-cc2538_armgcc/openstack/03b-IPv6/icmpv6echo.c **** void icmpv6echo_receive(OpenQueueEntry_t* msg) {
 342              		.loc 1 95 0
 343              		.cfi_startproc
 344              		@ args = 0, pretend = 0, frame = 16
 345              		@ frame_needed = 1, uses_anonymous_args = 0
 346 017c 80B5     		push	{r7, lr}
 347              		.cfi_def_cfa_offset 8
 348              		.cfi_offset 7, -8
 349              		.cfi_offset 14, -4
 350 017e 84B0     		sub	sp, sp, #16
 351              		.cfi_def_cfa_offset 24
 352 0180 00AF     		add	r7, sp, #0
 353              		.cfi_def_cfa_register 7
 354 0182 7860     		str	r0, [r7, #4]
  96:build/openmote-cc2538_armgcc/openstack/03b-IPv6/icmpv6echo.c ****    OpenQueueEntry_t* reply;
  97:build/openmote-cc2538_armgcc/openstack/03b-IPv6/icmpv6echo.c ****    msg->owner = COMPONENT_ICMPv6ECHO;
 355              		.loc 1 97 0
 356 0184 7B68     		ldr	r3, [r7, #4]
 357 0186 1422     		movs	r2, #20
 358 0188 5A70     		strb	r2, [r3, #1]
  98:build/openmote-cc2538_armgcc/openstack/03b-IPv6/icmpv6echo.c ****    switch(msg->l4_sourcePortORicmpv6Type) {
 359              		.loc 1 98 0
 360 018a 7B68     		ldr	r3, [r7, #4]
 361 018c 1B8A     		ldrh	r3, [r3, #16]
 362 018e 802B     		cmp	r3, #128
 363 0190 02D0     		beq	.L19
 364 0192 812B     		cmp	r3, #129
 365 0194 69D0     		beq	.L20
 366 0196 72E0     		b	.L26
 367              	.L19:
  99:build/openmote-cc2538_armgcc/openstack/03b-IPv6/icmpv6echo.c ****       case IANA_ICMPv6_ECHO_REQUEST:
 100:build/openmote-cc2538_armgcc/openstack/03b-IPv6/icmpv6echo.c ****          openserial_printInfo(COMPONENT_ICMPv6ECHO,ERR_RCVD_ECHO_REQUEST,
 368              		.loc 1 100 0
 369 0198 1420     		movs	r0, #20
 370 019a 0121     		movs	r1, #1
 371 019c 0022     		movs	r2, #0
 372 019e 0023     		movs	r3, #0
 373 01a0 FFF7FEFF 		bl	openserial_printInfo
 101:build/openmote-cc2538_armgcc/openstack/03b-IPv6/icmpv6echo.c ****                                (errorparameter_t)0,
 102:build/openmote-cc2538_armgcc/openstack/03b-IPv6/icmpv6echo.c ****                                (errorparameter_t)0);
 103:build/openmote-cc2538_armgcc/openstack/03b-IPv6/icmpv6echo.c ****          if (icmpv6echo_vars.isReplyEnabled){
 374              		.loc 1 103 0
 375 01a4 3D4B     		ldr	r3, .L27
 376 01a6 1B7D     		ldrb	r3, [r3, #20]	@ zero_extendqisi2
 377 01a8 002B     		cmp	r3, #0
 378 01aa 59D0     		beq	.L21
 104:build/openmote-cc2538_armgcc/openstack/03b-IPv6/icmpv6echo.c ****              // get a new openqueuEntry_t for the echo reply
 105:build/openmote-cc2538_armgcc/openstack/03b-IPv6/icmpv6echo.c ****              reply = openqueue_getFreePacketBuffer(COMPONENT_ICMPv6ECHO);
 379              		.loc 1 105 0
 380 01ac 1420     		movs	r0, #20
 381 01ae FFF7FEFF 		bl	openqueue_getFreePacketBuffer
 382 01b2 F860     		str	r0, [r7, #12]
 106:build/openmote-cc2538_armgcc/openstack/03b-IPv6/icmpv6echo.c ****              if (reply==NULL) {
 383              		.loc 1 106 0
 384 01b4 FB68     		ldr	r3, [r7, #12]
 385 01b6 002B     		cmp	r3, #0
 386 01b8 09D1     		bne	.L22
 107:build/openmote-cc2538_armgcc/openstack/03b-IPv6/icmpv6echo.c ****                 openserial_printError(COMPONENT_ICMPv6ECHO,ERR_NO_FREE_PACKET_BUFFER,
 387              		.loc 1 107 0
 388 01ba 1420     		movs	r0, #20
 389 01bc 2C21     		movs	r1, #44
 390 01be 0122     		movs	r2, #1
 391 01c0 0023     		movs	r3, #0
 392 01c2 FFF7FEFF 		bl	openserial_printError
 108:build/openmote-cc2538_armgcc/openstack/03b-IPv6/icmpv6echo.c ****                                       (errorparameter_t)1,
 109:build/openmote-cc2538_armgcc/openstack/03b-IPv6/icmpv6echo.c ****                                       (errorparameter_t)0);
 110:build/openmote-cc2538_armgcc/openstack/03b-IPv6/icmpv6echo.c ****                 openqueue_freePacketBuffer(msg);
 393              		.loc 1 110 0
 394 01c6 7868     		ldr	r0, [r7, #4]
 395 01c8 FFF7FEFF 		bl	openqueue_freePacketBuffer
 111:build/openmote-cc2538_armgcc/openstack/03b-IPv6/icmpv6echo.c ****                 return;
 396              		.loc 1 111 0
 397 01cc 63E0     		b	.L17
 398              	.L22:
 112:build/openmote-cc2538_armgcc/openstack/03b-IPv6/icmpv6echo.c ****              }
 113:build/openmote-cc2538_armgcc/openstack/03b-IPv6/icmpv6echo.c ****              // take ownership over reply
 114:build/openmote-cc2538_armgcc/openstack/03b-IPv6/icmpv6echo.c ****              reply->creator = COMPONENT_ICMPv6ECHO;
 399              		.loc 1 114 0
 400 01ce FB68     		ldr	r3, [r7, #12]
 401 01d0 1422     		movs	r2, #20
 402 01d2 1A70     		strb	r2, [r3]
 115:build/openmote-cc2538_armgcc/openstack/03b-IPv6/icmpv6echo.c ****              reply->owner   = COMPONENT_ICMPv6ECHO;
 403              		.loc 1 115 0
 404 01d4 FB68     		ldr	r3, [r7, #12]
 405 01d6 1422     		movs	r2, #20
 406 01d8 5A70     		strb	r2, [r3, #1]
 116:build/openmote-cc2538_armgcc/openstack/03b-IPv6/icmpv6echo.c ****              // copy payload from msg to (end of) reply
 117:build/openmote-cc2538_armgcc/openstack/03b-IPv6/icmpv6echo.c ****              packetfunctions_reserveHeaderSize(reply,msg->length);
 407              		.loc 1 117 0
 408 01da 7B68     		ldr	r3, [r7, #4]
 409 01dc 1B7A     		ldrb	r3, [r3, #8]	@ zero_extendqisi2
 410 01de F868     		ldr	r0, [r7, #12]
 411 01e0 1946     		mov	r1, r3
 412 01e2 FFF7FEFF 		bl	packetfunctions_reserveHeaderSize
 118:build/openmote-cc2538_armgcc/openstack/03b-IPv6/icmpv6echo.c ****              memcpy(reply->payload,msg->payload,msg->length);
 413              		.loc 1 118 0
 414 01e6 FB68     		ldr	r3, [r7, #12]
 415 01e8 5968     		ldr	r1, [r3, #4]
 416 01ea 7B68     		ldr	r3, [r7, #4]
 417 01ec 5A68     		ldr	r2, [r3, #4]
 418 01ee 7B68     		ldr	r3, [r7, #4]
 419 01f0 1B7A     		ldrb	r3, [r3, #8]	@ zero_extendqisi2
 420 01f2 0846     		mov	r0, r1
 421 01f4 1146     		mov	r1, r2
 422 01f6 1A46     		mov	r2, r3
 423 01f8 FFF7FEFF 		bl	memcpy
 119:build/openmote-cc2538_armgcc/openstack/03b-IPv6/icmpv6echo.c ****              // copy source of msg in destination of reply
 120:build/openmote-cc2538_armgcc/openstack/03b-IPv6/icmpv6echo.c ****              memcpy(&(reply->l3_destinationAdd),&(msg->l3_sourceAdd),sizeof(open_addr_t));
 424              		.loc 1 120 0
 425 01fc FB68     		ldr	r3, [r7, #12]
 426 01fe 03F11902 		add	r2, r3, #25
 427 0202 7B68     		ldr	r3, [r7, #4]
 428 0204 2A33     		adds	r3, r3, #42
 429 0206 1046     		mov	r0, r2
 430 0208 1946     		mov	r1, r3
 431 020a 1122     		movs	r2, #17
 432 020c FFF7FEFF 		bl	memcpy
 121:build/openmote-cc2538_armgcc/openstack/03b-IPv6/icmpv6echo.c ****              // free up msg
 122:build/openmote-cc2538_armgcc/openstack/03b-IPv6/icmpv6echo.c ****              openqueue_freePacketBuffer(msg);
 433              		.loc 1 122 0
 434 0210 7868     		ldr	r0, [r7, #4]
 435 0212 FFF7FEFF 		bl	openqueue_freePacketBuffer
 123:build/openmote-cc2538_armgcc/openstack/03b-IPv6/icmpv6echo.c ****              msg = NULL;
 436              		.loc 1 123 0
 437 0216 0023     		movs	r3, #0
 438 0218 7B60     		str	r3, [r7, #4]
 124:build/openmote-cc2538_armgcc/openstack/03b-IPv6/icmpv6echo.c ****              // administrative information for reply
 125:build/openmote-cc2538_armgcc/openstack/03b-IPv6/icmpv6echo.c ****              reply->l4_protocol                   = IANA_ICMPv6;
 439              		.loc 1 125 0
 440 021a FB68     		ldr	r3, [r7, #12]
 441 021c 3A22     		movs	r2, #58
 442 021e 9A73     		strb	r2, [r3, #14]
 126:build/openmote-cc2538_armgcc/openstack/03b-IPv6/icmpv6echo.c ****              reply->l4_sourcePortORicmpv6Type     = IANA_ICMPv6_ECHO_REPLY;
 443              		.loc 1 126 0
 444 0220 FB68     		ldr	r3, [r7, #12]
 445 0222 8122     		movs	r2, #129
 446 0224 1A82     		strh	r2, [r3, #16]	@ movhi
 127:build/openmote-cc2538_armgcc/openstack/03b-IPv6/icmpv6echo.c ****              ((ICMPv6_ht*)(reply->payload))->type = reply->l4_sourcePortORicmpv6Type;
 447              		.loc 1 127 0
 448 0226 FB68     		ldr	r3, [r7, #12]
 449 0228 5B68     		ldr	r3, [r3, #4]
 450 022a FA68     		ldr	r2, [r7, #12]
 451 022c 128A     		ldrh	r2, [r2, #16]
 452 022e D2B2     		uxtb	r2, r2
 453 0230 1A70     		strb	r2, [r3]
 128:build/openmote-cc2538_armgcc/openstack/03b-IPv6/icmpv6echo.c ****              packetfunctions_calculateChecksum(reply,(uint8_t*)&(((ICMPv6_ht*)(reply->payload))->ch
 454              		.loc 1 128 0
 455 0232 FB68     		ldr	r3, [r7, #12]
 456 0234 5B68     		ldr	r3, [r3, #4]
 457 0236 0233     		adds	r3, r3, #2
 458 0238 F868     		ldr	r0, [r7, #12]
 459 023a 1946     		mov	r1, r3
 460 023c FFF7FEFF 		bl	packetfunctions_calculateChecksum
 129:build/openmote-cc2538_armgcc/openstack/03b-IPv6/icmpv6echo.c ****              icmpv6echo_vars.busySending = TRUE;
 461              		.loc 1 129 0
 462 0240 164B     		ldr	r3, .L27
 463 0242 0122     		movs	r2, #1
 464 0244 1A70     		strb	r2, [r3]
 130:build/openmote-cc2538_armgcc/openstack/03b-IPv6/icmpv6echo.c ****              if (icmpv6_send(reply)!=E_SUCCESS) {
 465              		.loc 1 130 0
 466 0246 F868     		ldr	r0, [r7, #12]
 467 0248 FFF7FEFF 		bl	icmpv6_send
 468 024c 0346     		mov	r3, r0
 469 024e 002B     		cmp	r3, #0
 470 0250 0AD0     		beq	.L25
 131:build/openmote-cc2538_armgcc/openstack/03b-IPv6/icmpv6echo.c ****                 icmpv6echo_vars.busySending = FALSE;
 471              		.loc 1 131 0
 472 0252 124B     		ldr	r3, .L27
 473 0254 0022     		movs	r2, #0
 474 0256 1A70     		strb	r2, [r3]
 132:build/openmote-cc2538_armgcc/openstack/03b-IPv6/icmpv6echo.c ****                 openqueue_freePacketBuffer(reply);
 475              		.loc 1 132 0
 476 0258 F868     		ldr	r0, [r7, #12]
 477 025a FFF7FEFF 		bl	openqueue_freePacketBuffer
 133:build/openmote-cc2538_armgcc/openstack/03b-IPv6/icmpv6echo.c ****              }
 134:build/openmote-cc2538_armgcc/openstack/03b-IPv6/icmpv6echo.c ****          } else {
 135:build/openmote-cc2538_armgcc/openstack/03b-IPv6/icmpv6echo.c ****              // free up msg
 136:build/openmote-cc2538_armgcc/openstack/03b-IPv6/icmpv6echo.c ****              openqueue_freePacketBuffer(msg);
 137:build/openmote-cc2538_armgcc/openstack/03b-IPv6/icmpv6echo.c ****          }
 138:build/openmote-cc2538_armgcc/openstack/03b-IPv6/icmpv6echo.c ****          break;
 478              		.loc 1 138 0
 479 025e 1AE0     		b	.L17
 480              	.L21:
 136:build/openmote-cc2538_armgcc/openstack/03b-IPv6/icmpv6echo.c ****          }
 481              		.loc 1 136 0
 482 0260 7868     		ldr	r0, [r7, #4]
 483 0262 FFF7FEFF 		bl	openqueue_freePacketBuffer
 484              		.loc 1 138 0
 485 0266 16E0     		b	.L17
 486              	.L25:
 487              		.loc 1 138 0 is_stmt 0 discriminator 1
 488 0268 15E0     		b	.L17
 489              	.L20:
 139:build/openmote-cc2538_armgcc/openstack/03b-IPv6/icmpv6echo.c ****       case IANA_ICMPv6_ECHO_REPLY:
 140:build/openmote-cc2538_armgcc/openstack/03b-IPv6/icmpv6echo.c ****          openserial_printInfo(COMPONENT_ICMPv6ECHO,ERR_RCVD_ECHO_REPLY,
 490              		.loc 1 140 0 is_stmt 1
 491 026a 1420     		movs	r0, #20
 492 026c 0221     		movs	r1, #2
 493 026e 0022     		movs	r2, #0
 494 0270 0023     		movs	r3, #0
 495 0272 FFF7FEFF 		bl	openserial_printInfo
 141:build/openmote-cc2538_armgcc/openstack/03b-IPv6/icmpv6echo.c ****                                (errorparameter_t)0,
 142:build/openmote-cc2538_armgcc/openstack/03b-IPv6/icmpv6echo.c ****                                (errorparameter_t)0);
 143:build/openmote-cc2538_armgcc/openstack/03b-IPv6/icmpv6echo.c ****          openqueue_freePacketBuffer(msg);
 496              		.loc 1 143 0
 497 0276 7868     		ldr	r0, [r7, #4]
 498 0278 FFF7FEFF 		bl	openqueue_freePacketBuffer
 144:build/openmote-cc2538_armgcc/openstack/03b-IPv6/icmpv6echo.c ****          break;
 499              		.loc 1 144 0
 500 027c 0BE0     		b	.L17
 501              	.L26:
 145:build/openmote-cc2538_armgcc/openstack/03b-IPv6/icmpv6echo.c ****       default:
 146:build/openmote-cc2538_armgcc/openstack/03b-IPv6/icmpv6echo.c ****          openserial_printError(COMPONENT_ICMPv6ECHO,ERR_UNSUPPORTED_ICMPV6_TYPE,
 502              		.loc 1 146 0
 503 027e 7B68     		ldr	r3, [r7, #4]
 504 0280 1B8A     		ldrh	r3, [r3, #16]
 505 0282 1420     		movs	r0, #20
 506 0284 0B21     		movs	r1, #11
 507 0286 1A46     		mov	r2, r3
 508 0288 0223     		movs	r3, #2
 509 028a FFF7FEFF 		bl	openserial_printError
 147:build/openmote-cc2538_armgcc/openstack/03b-IPv6/icmpv6echo.c ****                                (errorparameter_t)msg->l4_sourcePortORicmpv6Type,
 148:build/openmote-cc2538_armgcc/openstack/03b-IPv6/icmpv6echo.c ****                                (errorparameter_t)2);
 149:build/openmote-cc2538_armgcc/openstack/03b-IPv6/icmpv6echo.c ****          openqueue_freePacketBuffer(msg);
 510              		.loc 1 149 0
 511 028e 7868     		ldr	r0, [r7, #4]
 512 0290 FFF7FEFF 		bl	openqueue_freePacketBuffer
 150:build/openmote-cc2538_armgcc/openstack/03b-IPv6/icmpv6echo.c ****          break;
 513              		.loc 1 150 0
 514 0294 00BF     		nop
 515              	.L17:
 151:build/openmote-cc2538_armgcc/openstack/03b-IPv6/icmpv6echo.c ****    }
 152:build/openmote-cc2538_armgcc/openstack/03b-IPv6/icmpv6echo.c **** }
 516              		.loc 1 152 0
 517 0296 1037     		adds	r7, r7, #16
 518              		.cfi_def_cfa_offset 8
 519 0298 BD46     		mov	sp, r7
 520              		.cfi_def_cfa_register 13
 521              		@ sp needed
 522 029a 80BD     		pop	{r7, pc}
 523              	.L28:
 524              		.align	2
 525              	.L27:
 526 029c 00000000 		.word	icmpv6echo_vars
 527              		.cfi_endproc
 528              	.LFE3:
 530              		.align	2
 531              		.global	icmpv6echo_setIsReplyEnabled
 532              		.thumb
 533              		.thumb_func
 535              	icmpv6echo_setIsReplyEnabled:
 536              	.LFB4:
 153:build/openmote-cc2538_armgcc/openstack/03b-IPv6/icmpv6echo.c **** 
 154:build/openmote-cc2538_armgcc/openstack/03b-IPv6/icmpv6echo.c **** void icmpv6echo_setIsReplyEnabled(bool isEnabled){
 537              		.loc 1 154 0
 538              		.cfi_startproc
 539              		@ args = 0, pretend = 0, frame = 8
 540              		@ frame_needed = 1, uses_anonymous_args = 0
 541              		@ link register save eliminated.
 542 02a0 80B4     		push	{r7}
 543              		.cfi_def_cfa_offset 4
 544              		.cfi_offset 7, -4
 545 02a2 83B0     		sub	sp, sp, #12
 546              		.cfi_def_cfa_offset 16
 547 02a4 00AF     		add	r7, sp, #0
 548              		.cfi_def_cfa_register 7
 549 02a6 0346     		mov	r3, r0
 550 02a8 FB71     		strb	r3, [r7, #7]
 155:build/openmote-cc2538_armgcc/openstack/03b-IPv6/icmpv6echo.c ****     icmpv6echo_vars.isReplyEnabled = isEnabled;
 551              		.loc 1 155 0
 552 02aa 044A     		ldr	r2, .L30
 553 02ac FB79     		ldrb	r3, [r7, #7]
 554 02ae 1375     		strb	r3, [r2, #20]
 156:build/openmote-cc2538_armgcc/openstack/03b-IPv6/icmpv6echo.c **** }
 555              		.loc 1 156 0
 556 02b0 0C37     		adds	r7, r7, #12
 557              		.cfi_def_cfa_offset 4
 558 02b2 BD46     		mov	sp, r7
 559              		.cfi_def_cfa_register 13
 560              		@ sp needed
 561 02b4 5DF8047B 		ldr	r7, [sp], #4
 562              		.cfi_restore 7
 563              		.cfi_def_cfa_offset 0
 564 02b8 7047     		bx	lr
 565              	.L31:
 566 02ba 00BF     		.align	2
 567              	.L30:
 568 02bc 00000000 		.word	icmpv6echo_vars
 569              		.cfi_endproc
 570              	.LFE4:
 572              	.Letext0:
 573              		.file 2 "/usr/include/newlib/machine/_default_types.h"
 574              		.file 3 "/usr/include/newlib/sys/_stdint.h"
 575              		.file 4 "inc/opendefs.h"
 576              		.file 5 "build/openmote-cc2538_armgcc/openstack/03b-IPv6/icmpv6echo.h"
 577              		.file 6 "build/openmote-cc2538_armgcc/openstack/03b-IPv6/icmpv6.h"
 578              		.file 7 "bsp/boards/openmote-cc2538/board_info.h"
DEFINED SYMBOLS
                            *ABS*:0000000000000000 icmpv6echo.c
     /tmp/cc9YOtnE.s:19     .rodata:0000000000000000 $d
     /tmp/cc9YOtnE.s:22     .rodata:0000000000000000 rreg_uriquery
     /tmp/cc9YOtnE.s:27     .rodata:0000000000000008 infoBoardname
     /tmp/cc9YOtnE.s:32     .rodata:0000000000000010 infouCName
     /tmp/cc9YOtnE.s:37     .rodata:0000000000000018 infoRadioName
     /tmp/cc9YOtnE.s:42     .rodata:0000000000000024 infoStackName
                            *COM*:0000000000000016 icmpv6echo_vars
     /tmp/cc9YOtnE.s:46     .text:0000000000000000 $t
     /tmp/cc9YOtnE.s:51     .text:0000000000000000 icmpv6echo_init
     /tmp/cc9YOtnE.s:87     .text:0000000000000020 $d
     /tmp/cc9YOtnE.s:91     .text:0000000000000024 $t
     /tmp/cc9YOtnE.s:96     .text:0000000000000024 icmpv6echo_trigger
     /tmp/cc9YOtnE.s:270    .text:0000000000000134 $d
     /tmp/cc9YOtnE.s:276    .text:0000000000000140 $t
     /tmp/cc9YOtnE.s:281    .text:0000000000000140 icmpv6echo_sendDone
     /tmp/cc9YOtnE.s:331    .text:0000000000000178 $d
     /tmp/cc9YOtnE.s:335    .text:000000000000017c $t
     /tmp/cc9YOtnE.s:340    .text:000000000000017c icmpv6echo_receive
     /tmp/cc9YOtnE.s:526    .text:000000000000029c $d
     /tmp/cc9YOtnE.s:530    .text:00000000000002a0 $t
     /tmp/cc9YOtnE.s:535    .text:00000000000002a0 icmpv6echo_setIsReplyEnabled
     /tmp/cc9YOtnE.s:568    .text:00000000000002bc $d
                     .debug_frame:0000000000000010 $d
                           .group:0000000000000000 wm4.0.c64f62fd52e22d94e2a6dd9c07eeb43e
                           .group:0000000000000000 wm4.features.h.22.2e382148a0560adabf236cddd4e880f4
                           .group:0000000000000000 wm4._default_types.h.15.933e8edd27a65e0b69af4a865eb623d2
                           .group:0000000000000000 wm4._intsup.h.10.35a45952db64d30146faa63a55c20c1c
                           .group:0000000000000000 wm4._stdint.h.10.f76354baea1c7088202064e6f3d4f5e3
                           .group:0000000000000000 wm4.stdint.h.23.373a9d32a9e4c2e88fd347156532d281
                           .group:0000000000000000 wm4.toolchain_defs.h.2.e5fd326231d01413e5361944b26cde07
                           .group:0000000000000000 wm4.newlib.h.8.2702bca278809460f0af6fba1d84eb68
                           .group:0000000000000000 wm4.config.h.220.a09b0b0de3c25be3f39d71990e617bff
                           .group:0000000000000000 wm4._ansi.h.23.84af8eb8cd468d25cc5f45f5eb13ec51
                           .group:0000000000000000 wm4.stddef.h.39.daafd3d79fe2f3a84d2d73d7d4e706f8
                           .group:0000000000000000 wm4.lock.h.2.9bc98482741e5e2a9450b12934a684ea
                           .group:0000000000000000 wm4._types.h.54.d3d34a3b7f3cc230cd159baf022b4b08
                           .group:0000000000000000 wm4.stddef.h.158.61317cdbfb4026324507d123a50b0fd6
                           .group:0000000000000000 wm4.reent.h.17.8bd9e4098e0428508c282cad794fae43
                           .group:0000000000000000 wm4.cdefs.h.47.e6563c1c3863188ba4ac4eaa2c85b6f1
                           .group:0000000000000000 wm4.string.h.15.dab3980bf35408a4c507182805e2de3a
                           .group:0000000000000000 wm4.stddef.h.158.a7efb00f6cbc6f43213b50e183c9830c
                           .group:0000000000000000 wm4.stdbool.h.29.1c9ee6859ce8145f7838a4f2549ccec2
                           .group:0000000000000000 wm4.hw_types.h.67.b10589a0806dcc2d274d6fab6b736519
                           .group:0000000000000000 wm4.interrupt.h.41.272fc4ec0e276feb439e7974d0f77eaf
                           .group:0000000000000000 wm4.board_info.h.22.b5c65365e76c8378df4f4b0ed59cbc39
                           .group:0000000000000000 wm4.opendefs.h.23.47191652995b7fa35f12da40c3552cda
                           .group:0000000000000000 wm4.stdio.h.27.3fc80220048df77954e38daec3bb9670
                           .group:0000000000000000 wm4.stdarg.h.34.3a23a216c0c293b3d2ea2e89281481e6
                           .group:0000000000000000 wm4.types.h.24.b2be5f53932a9c9d07787288b29b6d75
                           .group:0000000000000000 wm4.types.h.2.e9cec8c90ab35f77d9f499e06ae02400
                           .group:0000000000000000 wm4.types.h.82.82b71f3f44c70e3a459d0f66642b05eb
                           .group:0000000000000000 wm4.stdio.h.2.4aa87247282eca6c8f36f9de33d8df1a
                           .group:0000000000000000 wm4.stdio.h.68.a99a2db1e55915cfd1b035cc1e9fcff1
                           .group:0000000000000000 wm4.stdarg.h.31.48e922dd0aaedfb616aafd8a7b7a4949
                           .group:0000000000000000 wm4.openserial.h.32.c1b1c4db184af4a79a2b8ff62d908d4d
                           .group:0000000000000000 wm4.IEEE802154.h.2.38fb510ed33a23a9a0660164e6dfab69

UNDEFINED SYMBOLS
openserial_getInputBuffer
openserial_printError
memcpy
openqueue_getFreePacketBuffer
packetfunctions_reserveHeaderSize
packetfunctions_htonl
packetfunctions_calculateChecksum
icmpv6_send
openqueue_freePacketBuffer
openserial_printInfo
