   1              		.syntax unified
   2              		.cpu cortex-m3
   3              		.fpu softvfp
   4              		.eabi_attribute 20, 1
   5              		.eabi_attribute 21, 1
   6              		.eabi_attribute 23, 3
   7              		.eabi_attribute 24, 1
   8              		.eabi_attribute 25, 1
   9              		.eabi_attribute 26, 1
  10              		.eabi_attribute 30, 6
  11              		.eabi_attribute 34, 1
  12              		.eabi_attribute 18, 4
  13              		.thumb
  14              		.file	"03oos_openwsn.c"
  15              		.text
  16              	.Ltext0:
  17              		.cfi_sections	.debug_frame
  18              		.section	.rodata
  19              		.align	2
  22              	rreg_uriquery:
  23 0000 683D7563 		.ascii	"h=ucb\000"
  23      6200
  24 0006 0000     		.align	2
  27              	infoBoardname:
  28 0008 43433235 		.ascii	"CC2538\000"
  28      333800
  29 000f 00       		.align	2
  32              	infouCName:
  33 0010 43433235 		.ascii	"CC2538\000"
  33      333800
  34 0017 00       		.align	2
  37              	infoRadioName:
  38 0018 43433235 		.ascii	"CC2538 SoC\000"
  38      33382053 
  38      6F4300
  39 0023 00       		.align	2
  42              	infoStackName:
  43 0024 4F70656E 		.ascii	"OpenWSN \000"
  43      57534E20 
  43      00
  44              		.text
  45              		.align	2
  46              		.global	mote_main
  47              		.thumb
  48              		.thumb_func
  50              	mote_main:
  51              	.LFB0:
  52              		.file 1 "build/openmote-cc2538_armgcc/projects/common/03oos_openwsn/03oos_openwsn.c"
   1:build/openmote-cc2538_armgcc/projects/common/03oos_openwsn/03oos_openwsn.c **** /**
   2:build/openmote-cc2538_armgcc/projects/common/03oos_openwsn/03oos_openwsn.c **** \brief This project runs the full OpenWSN stack.
   3:build/openmote-cc2538_armgcc/projects/common/03oos_openwsn/03oos_openwsn.c **** 
   4:build/openmote-cc2538_armgcc/projects/common/03oos_openwsn/03oos_openwsn.c **** \author Thomas Watteyne <watteyne@eecs.berkeley.edu>, August 2010
   5:build/openmote-cc2538_armgcc/projects/common/03oos_openwsn/03oos_openwsn.c **** */
   6:build/openmote-cc2538_armgcc/projects/common/03oos_openwsn/03oos_openwsn.c **** 
   7:build/openmote-cc2538_armgcc/projects/common/03oos_openwsn/03oos_openwsn.c **** #include "board.h"
   8:build/openmote-cc2538_armgcc/projects/common/03oos_openwsn/03oos_openwsn.c **** #include "scheduler.h"
   9:build/openmote-cc2538_armgcc/projects/common/03oos_openwsn/03oos_openwsn.c **** #include "openstack.h"
  10:build/openmote-cc2538_armgcc/projects/common/03oos_openwsn/03oos_openwsn.c **** #include "opendefs.h"
  11:build/openmote-cc2538_armgcc/projects/common/03oos_openwsn/03oos_openwsn.c **** 
  12:build/openmote-cc2538_armgcc/projects/common/03oos_openwsn/03oos_openwsn.c **** int mote_main(void) {
  53              		.loc 1 12 0
  54              		.cfi_startproc
  55              		@ args = 0, pretend = 0, frame = 0
  56              		@ frame_needed = 1, uses_anonymous_args = 0
  57 0000 80B5     		push	{r7, lr}
  58              		.cfi_def_cfa_offset 8
  59              		.cfi_offset 7, -8
  60              		.cfi_offset 14, -4
  61 0002 00AF     		add	r7, sp, #0
  62              		.cfi_def_cfa_register 7
  13:build/openmote-cc2538_armgcc/projects/common/03oos_openwsn/03oos_openwsn.c **** 
  14:build/openmote-cc2538_armgcc/projects/common/03oos_openwsn/03oos_openwsn.c ****     // initialize
  15:build/openmote-cc2538_armgcc/projects/common/03oos_openwsn/03oos_openwsn.c ****     board_init();
  63              		.loc 1 15 0
  64 0004 FFF7FEFF 		bl	board_init
  16:build/openmote-cc2538_armgcc/projects/common/03oos_openwsn/03oos_openwsn.c ****     scheduler_init();
  65              		.loc 1 16 0
  66 0008 FFF7FEFF 		bl	scheduler_init
  17:build/openmote-cc2538_armgcc/projects/common/03oos_openwsn/03oos_openwsn.c ****     openstack_init();
  67              		.loc 1 17 0
  68 000c FFF7FEFF 		bl	openstack_init
  18:build/openmote-cc2538_armgcc/projects/common/03oos_openwsn/03oos_openwsn.c **** 
  19:build/openmote-cc2538_armgcc/projects/common/03oos_openwsn/03oos_openwsn.c ****     // start
  20:build/openmote-cc2538_armgcc/projects/common/03oos_openwsn/03oos_openwsn.c ****     scheduler_start();
  69              		.loc 1 20 0
  70 0010 FFF7FEFF 		bl	scheduler_start
  21:build/openmote-cc2538_armgcc/projects/common/03oos_openwsn/03oos_openwsn.c ****     return 0; // this line should never be reached
  71              		.loc 1 21 0
  72 0014 0023     		movs	r3, #0
  22:build/openmote-cc2538_armgcc/projects/common/03oos_openwsn/03oos_openwsn.c **** }
  73              		.loc 1 22 0
  74 0016 1846     		mov	r0, r3
  75 0018 80BD     		pop	{r7, pc}
  76              		.cfi_endproc
  77              	.LFE0:
  79              	.Letext0:
  80              		.file 2 "/usr/include/newlib/machine/_default_types.h"
  81              		.file 3 "/usr/include/newlib/sys/_stdint.h"
  82              		.file 4 "bsp/boards/openmote-cc2538/board_info.h"
  83              		.file 5 "inc/opendefs.h"
DEFINED SYMBOLS
                            *ABS*:0000000000000000 03oos_openwsn.c
     /tmp/ccD2xyiJ.s:19     .rodata:0000000000000000 $d
     /tmp/ccD2xyiJ.s:22     .rodata:0000000000000000 rreg_uriquery
     /tmp/ccD2xyiJ.s:27     .rodata:0000000000000008 infoBoardname
     /tmp/ccD2xyiJ.s:32     .rodata:0000000000000010 infouCName
     /tmp/ccD2xyiJ.s:37     .rodata:0000000000000018 infoRadioName
     /tmp/ccD2xyiJ.s:42     .rodata:0000000000000024 infoStackName
     /tmp/ccD2xyiJ.s:45     .text:0000000000000000 $t
     /tmp/ccD2xyiJ.s:50     .text:0000000000000000 mote_main
                     .debug_frame:0000000000000010 $d
                           .group:0000000000000000 wm4.0.c64f62fd52e22d94e2a6dd9c07eeb43e
                           .group:0000000000000000 wm4.features.h.22.2e382148a0560adabf236cddd4e880f4
                           .group:0000000000000000 wm4._default_types.h.15.933e8edd27a65e0b69af4a865eb623d2
                           .group:0000000000000000 wm4._intsup.h.10.35a45952db64d30146faa63a55c20c1c
                           .group:0000000000000000 wm4._stdint.h.10.f76354baea1c7088202064e6f3d4f5e3
                           .group:0000000000000000 wm4.stdint.h.23.373a9d32a9e4c2e88fd347156532d281
                           .group:0000000000000000 wm4.newlib.h.8.2702bca278809460f0af6fba1d84eb68
                           .group:0000000000000000 wm4.config.h.220.a09b0b0de3c25be3f39d71990e617bff
                           .group:0000000000000000 wm4._ansi.h.23.84af8eb8cd468d25cc5f45f5eb13ec51
                           .group:0000000000000000 wm4.stddef.h.39.daafd3d79fe2f3a84d2d73d7d4e706f8
                           .group:0000000000000000 wm4.lock.h.2.9bc98482741e5e2a9450b12934a684ea
                           .group:0000000000000000 wm4._types.h.54.d3d34a3b7f3cc230cd159baf022b4b08
                           .group:0000000000000000 wm4.stddef.h.158.61317cdbfb4026324507d123a50b0fd6
                           .group:0000000000000000 wm4.reent.h.17.8bd9e4098e0428508c282cad794fae43
                           .group:0000000000000000 wm4.cdefs.h.47.e6563c1c3863188ba4ac4eaa2c85b6f1
                           .group:0000000000000000 wm4.string.h.15.dab3980bf35408a4c507182805e2de3a
                           .group:0000000000000000 wm4.stddef.h.158.a7efb00f6cbc6f43213b50e183c9830c
                           .group:0000000000000000 wm4.stdbool.h.29.1c9ee6859ce8145f7838a4f2549ccec2
                           .group:0000000000000000 wm4.hw_types.h.67.b10589a0806dcc2d274d6fab6b736519
                           .group:0000000000000000 wm4.interrupt.h.41.272fc4ec0e276feb439e7974d0f77eaf
                           .group:0000000000000000 wm4.board_info.h.22.b5c65365e76c8378df4f4b0ed59cbc39
                           .group:0000000000000000 wm4.toolchain_defs.h.2.1de8df52ab2567aa1aa0a288d2325900
                           .group:0000000000000000 wm4.opendefs.h.23.47191652995b7fa35f12da40c3552cda

UNDEFINED SYMBOLS
board_init
scheduler_init
openstack_init
scheduler_start
