   1              		.syntax unified
   2              		.cpu cortex-m3
   3              		.fpu softvfp
   4              		.eabi_attribute 20, 1
   5              		.eabi_attribute 21, 1
   6              		.eabi_attribute 23, 3
   7              		.eabi_attribute 24, 1
   8              		.eabi_attribute 25, 1
   9              		.eabi_attribute 26, 1
  10              		.eabi_attribute 30, 6
  11              		.eabi_attribute 34, 1
  12              		.eabi_attribute 18, 4
  13              		.thumb
  14              		.file	"scheduler.c"
  15              		.text
  16              	.Ltext0:
  17              		.cfi_sections	.debug_frame
  18              		.section	.rodata
  19              		.align	2
  22              	rreg_uriquery:
  23 0000 683D7563 		.ascii	"h=ucb\000"
  23      6200
  24 0006 0000     		.align	2
  27              	infoBoardname:
  28 0008 43433235 		.ascii	"CC2538\000"
  28      333800
  29 000f 00       		.align	2
  32              	infouCName:
  33 0010 43433235 		.ascii	"CC2538\000"
  33      333800
  34 0017 00       		.align	2
  37              	infoRadioName:
  38 0018 43433235 		.ascii	"CC2538 SoC\000"
  38      33382053 
  38      6F4300
  39 0023 00       		.align	2
  42              	infoStackName:
  43 0024 4F70656E 		.ascii	"OpenWSN \000"
  43      57534E20 
  43      00
  44              		.comm	scheduler_vars,128,4
  45              		.comm	scheduler_dbg,2,4
  46              		.text
  47              		.align	2
  48              		.global	scheduler_init
  49              		.thumb
  50              		.thumb_func
  52              	scheduler_init:
  53              	.LFB0:
  54              		.file 1 "build/openmote-cc2538_armgcc/kernel/openos/scheduler.c"
   1:build/openmote-cc2538_armgcc/kernel/openos/scheduler.c **** /**
   2:build/openmote-cc2538_armgcc/kernel/openos/scheduler.c **** \brief OpenOS scheduler.
   3:build/openmote-cc2538_armgcc/kernel/openos/scheduler.c **** 
   4:build/openmote-cc2538_armgcc/kernel/openos/scheduler.c **** \author Thomas Watteyne <watteyne@eecs.berkeley.edu>, February 2012.
   5:build/openmote-cc2538_armgcc/kernel/openos/scheduler.c **** */
   6:build/openmote-cc2538_armgcc/kernel/openos/scheduler.c **** 
   7:build/openmote-cc2538_armgcc/kernel/openos/scheduler.c **** #include "opendefs.h"
   8:build/openmote-cc2538_armgcc/kernel/openos/scheduler.c **** #include "scheduler.h"
   9:build/openmote-cc2538_armgcc/kernel/openos/scheduler.c **** #include "board.h"
  10:build/openmote-cc2538_armgcc/kernel/openos/scheduler.c **** #include "debugpins.h"
  11:build/openmote-cc2538_armgcc/kernel/openos/scheduler.c **** #include "leds.h"
  12:build/openmote-cc2538_armgcc/kernel/openos/scheduler.c **** 
  13:build/openmote-cc2538_armgcc/kernel/openos/scheduler.c **** //=========================== variables =======================================
  14:build/openmote-cc2538_armgcc/kernel/openos/scheduler.c **** 
  15:build/openmote-cc2538_armgcc/kernel/openos/scheduler.c **** scheduler_vars_t scheduler_vars;
  16:build/openmote-cc2538_armgcc/kernel/openos/scheduler.c **** scheduler_dbg_t  scheduler_dbg;
  17:build/openmote-cc2538_armgcc/kernel/openos/scheduler.c **** 
  18:build/openmote-cc2538_armgcc/kernel/openos/scheduler.c **** //=========================== prototypes ======================================
  19:build/openmote-cc2538_armgcc/kernel/openos/scheduler.c **** 
  20:build/openmote-cc2538_armgcc/kernel/openos/scheduler.c **** void consumeTask(uint8_t taskId);
  21:build/openmote-cc2538_armgcc/kernel/openos/scheduler.c **** 
  22:build/openmote-cc2538_armgcc/kernel/openos/scheduler.c **** //=========================== public ==========================================
  23:build/openmote-cc2538_armgcc/kernel/openos/scheduler.c **** 
  24:build/openmote-cc2538_armgcc/kernel/openos/scheduler.c **** void scheduler_init(void) {   
  55              		.loc 1 24 0
  56              		.cfi_startproc
  57              		@ args = 0, pretend = 0, frame = 0
  58              		@ frame_needed = 1, uses_anonymous_args = 0
  59 0000 80B5     		push	{r7, lr}
  60              		.cfi_def_cfa_offset 8
  61              		.cfi_offset 7, -8
  62              		.cfi_offset 14, -4
  63 0002 00AF     		add	r7, sp, #0
  64              		.cfi_def_cfa_register 7
  25:build/openmote-cc2538_armgcc/kernel/openos/scheduler.c ****    
  26:build/openmote-cc2538_armgcc/kernel/openos/scheduler.c ****    // initialization module variables
  27:build/openmote-cc2538_armgcc/kernel/openos/scheduler.c ****    memset(&scheduler_vars,0,sizeof(scheduler_vars_t));
  65              		.loc 1 27 0
  66 0004 0548     		ldr	r0, .L2
  67 0006 0021     		movs	r1, #0
  68 0008 8022     		movs	r2, #128
  69 000a FFF7FEFF 		bl	memset
  28:build/openmote-cc2538_armgcc/kernel/openos/scheduler.c ****    memset(&scheduler_dbg,0,sizeof(scheduler_dbg_t));
  70              		.loc 1 28 0
  71 000e 0448     		ldr	r0, .L2+4
  72 0010 0021     		movs	r1, #0
  73 0012 0222     		movs	r2, #2
  74 0014 FFF7FEFF 		bl	memset
  29:build/openmote-cc2538_armgcc/kernel/openos/scheduler.c ****    
  30:build/openmote-cc2538_armgcc/kernel/openos/scheduler.c ****    // enable the scheduler's interrupt so SW can wake up the scheduler
  31:build/openmote-cc2538_armgcc/kernel/openos/scheduler.c ****    SCHEDULER_ENABLE_INTERRUPT();
  32:build/openmote-cc2538_armgcc/kernel/openos/scheduler.c **** }
  75              		.loc 1 32 0
  76 0018 80BD     		pop	{r7, pc}
  77              	.L3:
  78 001a 00BF     		.align	2
  79              	.L2:
  80 001c 00000000 		.word	scheduler_vars
  81 0020 00000000 		.word	scheduler_dbg
  82              		.cfi_endproc
  83              	.LFE0:
  85              		.align	2
  86              		.global	scheduler_start
  87              		.thumb
  88              		.thumb_func
  90              	scheduler_start:
  91              	.LFB1:
  33:build/openmote-cc2538_armgcc/kernel/openos/scheduler.c **** 
  34:build/openmote-cc2538_armgcc/kernel/openos/scheduler.c **** void scheduler_start(void) {
  92              		.loc 1 34 0
  93              		.cfi_startproc
  94              		@ args = 0, pretend = 0, frame = 8
  95              		@ frame_needed = 1, uses_anonymous_args = 0
  96 0024 80B5     		push	{r7, lr}
  97              		.cfi_def_cfa_offset 8
  98              		.cfi_offset 7, -8
  99              		.cfi_offset 14, -4
 100 0026 82B0     		sub	sp, sp, #8
 101              		.cfi_def_cfa_offset 16
 102 0028 00AF     		add	r7, sp, #0
 103              		.cfi_def_cfa_register 7
 104              	.L7:
  35:build/openmote-cc2538_armgcc/kernel/openos/scheduler.c ****    taskList_item_t* pThisTask;
  36:build/openmote-cc2538_armgcc/kernel/openos/scheduler.c ****    while (1) {
  37:build/openmote-cc2538_armgcc/kernel/openos/scheduler.c ****       while(scheduler_vars.task_list!=NULL) {
 105              		.loc 1 37 0
 106 002a 1CE0     		b	.L5
 107              	.L6:
  38:build/openmote-cc2538_armgcc/kernel/openos/scheduler.c ****          // there is still at least one task in the linked-list of tasks
  39:build/openmote-cc2538_armgcc/kernel/openos/scheduler.c ****          
  40:build/openmote-cc2538_armgcc/kernel/openos/scheduler.c ****     	 INTERRUPT_DECLARATION();
  41:build/openmote-cc2538_armgcc/kernel/openos/scheduler.c ****     	 DISABLE_INTERRUPTS();
 108              		.loc 1 41 0
 109 002c FFF7FEFF 		bl	IntMasterDisable
  42:build/openmote-cc2538_armgcc/kernel/openos/scheduler.c **** 
  43:build/openmote-cc2538_armgcc/kernel/openos/scheduler.c ****          // the task to execute is the one at the head of the queue
  44:build/openmote-cc2538_armgcc/kernel/openos/scheduler.c ****          pThisTask                = scheduler_vars.task_list;
 110              		.loc 1 44 0
 111 0030 124B     		ldr	r3, .L8
 112 0032 9B6F     		ldr	r3, [r3, #120]
 113 0034 7B60     		str	r3, [r7, #4]
  45:build/openmote-cc2538_armgcc/kernel/openos/scheduler.c ****          
  46:build/openmote-cc2538_armgcc/kernel/openos/scheduler.c ****          // shift the queue by one task
  47:build/openmote-cc2538_armgcc/kernel/openos/scheduler.c ****          scheduler_vars.task_list = pThisTask->next;
 114              		.loc 1 47 0
 115 0036 7B68     		ldr	r3, [r7, #4]
 116 0038 9B68     		ldr	r3, [r3, #8]
 117 003a 104A     		ldr	r2, .L8
 118 003c 9367     		str	r3, [r2, #120]
  48:build/openmote-cc2538_armgcc/kernel/openos/scheduler.c ****          
  49:build/openmote-cc2538_armgcc/kernel/openos/scheduler.c ****          ENABLE_INTERRUPTS();
 119              		.loc 1 49 0
 120 003e FFF7FEFF 		bl	IntMasterEnable
  50:build/openmote-cc2538_armgcc/kernel/openos/scheduler.c **** 
  51:build/openmote-cc2538_armgcc/kernel/openos/scheduler.c ****          // execute the current task
  52:build/openmote-cc2538_armgcc/kernel/openos/scheduler.c ****          pThisTask->cb();
 121              		.loc 1 52 0
 122 0042 7B68     		ldr	r3, [r7, #4]
 123 0044 1B68     		ldr	r3, [r3]
 124 0046 9847     		blx	r3
  53:build/openmote-cc2538_armgcc/kernel/openos/scheduler.c ****          
  54:build/openmote-cc2538_armgcc/kernel/openos/scheduler.c ****          // free up this task container
  55:build/openmote-cc2538_armgcc/kernel/openos/scheduler.c ****          pThisTask->cb            = NULL;
 125              		.loc 1 55 0
 126 0048 7B68     		ldr	r3, [r7, #4]
 127 004a 0022     		movs	r2, #0
 128 004c 1A60     		str	r2, [r3]
  56:build/openmote-cc2538_armgcc/kernel/openos/scheduler.c ****          pThisTask->prio          = TASKPRIO_NONE;
 129              		.loc 1 56 0
 130 004e 7B68     		ldr	r3, [r7, #4]
 131 0050 0022     		movs	r2, #0
 132 0052 1A71     		strb	r2, [r3, #4]
  57:build/openmote-cc2538_armgcc/kernel/openos/scheduler.c ****          pThisTask->next          = NULL;
 133              		.loc 1 57 0
 134 0054 7B68     		ldr	r3, [r7, #4]
 135 0056 0022     		movs	r2, #0
 136 0058 9A60     		str	r2, [r3, #8]
  58:build/openmote-cc2538_armgcc/kernel/openos/scheduler.c ****          scheduler_dbg.numTasksCur--;
 137              		.loc 1 58 0
 138 005a 094B     		ldr	r3, .L8+4
 139 005c 1B78     		ldrb	r3, [r3]	@ zero_extendqisi2
 140 005e 013B     		subs	r3, r3, #1
 141 0060 DAB2     		uxtb	r2, r3
 142 0062 074B     		ldr	r3, .L8+4
 143 0064 1A70     		strb	r2, [r3]
 144              	.L5:
  37:build/openmote-cc2538_armgcc/kernel/openos/scheduler.c ****          // there is still at least one task in the linked-list of tasks
 145              		.loc 1 37 0
 146 0066 054B     		ldr	r3, .L8
 147 0068 9B6F     		ldr	r3, [r3, #120]
 148 006a 002B     		cmp	r3, #0
 149 006c DED1     		bne	.L6
  59:build/openmote-cc2538_armgcc/kernel/openos/scheduler.c ****       }
  60:build/openmote-cc2538_armgcc/kernel/openos/scheduler.c ****       debugpins_task_clr();
 150              		.loc 1 60 0
 151 006e FFF7FEFF 		bl	debugpins_task_clr
  61:build/openmote-cc2538_armgcc/kernel/openos/scheduler.c ****       board_sleep();
 152              		.loc 1 61 0
 153 0072 FFF7FEFF 		bl	board_sleep
  62:build/openmote-cc2538_armgcc/kernel/openos/scheduler.c ****       debugpins_task_set();                      // IAR should halt here if nothing to do
 154              		.loc 1 62 0
 155 0076 FFF7FEFF 		bl	debugpins_task_set
  63:build/openmote-cc2538_armgcc/kernel/openos/scheduler.c ****    }
 156              		.loc 1 63 0
 157 007a D6E7     		b	.L7
 158              	.L9:
 159              		.align	2
 160              	.L8:
 161 007c 00000000 		.word	scheduler_vars
 162 0080 00000000 		.word	scheduler_dbg
 163              		.cfi_endproc
 164              	.LFE1:
 166              		.align	2
 167              		.global	scheduler_push_task
 168              		.thumb
 169              		.thumb_func
 171              	scheduler_push_task:
 172              	.LFB2:
  64:build/openmote-cc2538_armgcc/kernel/openos/scheduler.c **** }
  65:build/openmote-cc2538_armgcc/kernel/openos/scheduler.c **** 
  66:build/openmote-cc2538_armgcc/kernel/openos/scheduler.c ****  void scheduler_push_task(task_cbt cb, task_prio_t prio) {
 173              		.loc 1 66 0
 174              		.cfi_startproc
 175              		@ args = 0, pretend = 0, frame = 16
 176              		@ frame_needed = 1, uses_anonymous_args = 0
 177 0084 80B5     		push	{r7, lr}
 178              		.cfi_def_cfa_offset 8
 179              		.cfi_offset 7, -8
 180              		.cfi_offset 14, -4
 181 0086 84B0     		sub	sp, sp, #16
 182              		.cfi_def_cfa_offset 24
 183 0088 00AF     		add	r7, sp, #0
 184              		.cfi_def_cfa_register 7
 185 008a 7860     		str	r0, [r7, #4]
 186 008c 0B46     		mov	r3, r1
 187 008e FB70     		strb	r3, [r7, #3]
  67:build/openmote-cc2538_armgcc/kernel/openos/scheduler.c ****    taskList_item_t*  taskContainer;
  68:build/openmote-cc2538_armgcc/kernel/openos/scheduler.c ****    taskList_item_t** taskListWalker;
  69:build/openmote-cc2538_armgcc/kernel/openos/scheduler.c ****    INTERRUPT_DECLARATION();
  70:build/openmote-cc2538_armgcc/kernel/openos/scheduler.c ****    
  71:build/openmote-cc2538_armgcc/kernel/openos/scheduler.c ****    DISABLE_INTERRUPTS();
 188              		.loc 1 71 0
 189 0090 FFF7FEFF 		bl	IntMasterDisable
  72:build/openmote-cc2538_armgcc/kernel/openos/scheduler.c ****    
  73:build/openmote-cc2538_armgcc/kernel/openos/scheduler.c ****    // find an empty task container
  74:build/openmote-cc2538_armgcc/kernel/openos/scheduler.c ****    taskContainer = &scheduler_vars.taskBuf[0];
 190              		.loc 1 74 0
 191 0094 244B     		ldr	r3, .L19
 192 0096 FB60     		str	r3, [r7, #12]
  75:build/openmote-cc2538_armgcc/kernel/openos/scheduler.c ****    while (taskContainer->cb!=NULL &&
 193              		.loc 1 75 0
 194 0098 02E0     		b	.L11
 195              	.L13:
  76:build/openmote-cc2538_armgcc/kernel/openos/scheduler.c ****           taskContainer<=&scheduler_vars.taskBuf[TASK_LIST_DEPTH-1]) {
  77:build/openmote-cc2538_armgcc/kernel/openos/scheduler.c ****       taskContainer++;
 196              		.loc 1 77 0
 197 009a FB68     		ldr	r3, [r7, #12]
 198 009c 0C33     		adds	r3, r3, #12
 199 009e FB60     		str	r3, [r7, #12]
 200              	.L11:
  75:build/openmote-cc2538_armgcc/kernel/openos/scheduler.c ****    while (taskContainer->cb!=NULL &&
 201              		.loc 1 75 0
 202 00a0 FB68     		ldr	r3, [r7, #12]
 203 00a2 1B68     		ldr	r3, [r3]
 204 00a4 002B     		cmp	r3, #0
 205 00a6 03D0     		beq	.L12
  75:build/openmote-cc2538_armgcc/kernel/openos/scheduler.c ****    while (taskContainer->cb!=NULL &&
 206              		.loc 1 75 0 is_stmt 0 discriminator 1
 207 00a8 FB68     		ldr	r3, [r7, #12]
 208 00aa 204A     		ldr	r2, .L19+4
 209 00ac 9342     		cmp	r3, r2
 210 00ae F4D9     		bls	.L13
 211              	.L12:
  78:build/openmote-cc2538_armgcc/kernel/openos/scheduler.c ****    }
  79:build/openmote-cc2538_armgcc/kernel/openos/scheduler.c ****    if (taskContainer>&scheduler_vars.taskBuf[TASK_LIST_DEPTH-1]) {
 212              		.loc 1 79 0 is_stmt 1
 213 00b0 FB68     		ldr	r3, [r7, #12]
 214 00b2 1E4A     		ldr	r2, .L19+4
 215 00b4 9342     		cmp	r3, r2
 216 00b6 03D9     		bls	.L14
  80:build/openmote-cc2538_armgcc/kernel/openos/scheduler.c ****       // task list has overflown. This should never happpen!
  81:build/openmote-cc2538_armgcc/kernel/openos/scheduler.c ****    
  82:build/openmote-cc2538_armgcc/kernel/openos/scheduler.c ****       // we can not print from within the kernel. Instead:
  83:build/openmote-cc2538_armgcc/kernel/openos/scheduler.c ****       // blink the error LED
  84:build/openmote-cc2538_armgcc/kernel/openos/scheduler.c ****       leds_error_blink();
 217              		.loc 1 84 0
 218 00b8 FFF7FEFF 		bl	leds_error_blink
  85:build/openmote-cc2538_armgcc/kernel/openos/scheduler.c ****       // reset the board
  86:build/openmote-cc2538_armgcc/kernel/openos/scheduler.c ****       board_reset();
 219              		.loc 1 86 0
 220 00bc FFF7FEFF 		bl	board_reset
 221              	.L14:
  87:build/openmote-cc2538_armgcc/kernel/openos/scheduler.c ****    }
  88:build/openmote-cc2538_armgcc/kernel/openos/scheduler.c ****    // fill that task container with this task
  89:build/openmote-cc2538_armgcc/kernel/openos/scheduler.c ****    taskContainer->cb              = cb;
 222              		.loc 1 89 0
 223 00c0 FB68     		ldr	r3, [r7, #12]
 224 00c2 7A68     		ldr	r2, [r7, #4]
 225 00c4 1A60     		str	r2, [r3]
  90:build/openmote-cc2538_armgcc/kernel/openos/scheduler.c ****    taskContainer->prio            = prio;
 226              		.loc 1 90 0
 227 00c6 FB68     		ldr	r3, [r7, #12]
 228 00c8 FA78     		ldrb	r2, [r7, #3]
 229 00ca 1A71     		strb	r2, [r3, #4]
  91:build/openmote-cc2538_armgcc/kernel/openos/scheduler.c ****    
  92:build/openmote-cc2538_armgcc/kernel/openos/scheduler.c ****    // find position in queue
  93:build/openmote-cc2538_armgcc/kernel/openos/scheduler.c ****    taskListWalker                 = &scheduler_vars.task_list;
 230              		.loc 1 93 0
 231 00cc 184B     		ldr	r3, .L19+8
 232 00ce BB60     		str	r3, [r7, #8]
  94:build/openmote-cc2538_armgcc/kernel/openos/scheduler.c ****    while (*taskListWalker!=NULL &&
 233              		.loc 1 94 0
 234 00d0 03E0     		b	.L15
 235              	.L17:
  95:build/openmote-cc2538_armgcc/kernel/openos/scheduler.c ****           (*taskListWalker)->prio <= taskContainer->prio) {
  96:build/openmote-cc2538_armgcc/kernel/openos/scheduler.c ****       taskListWalker              = (taskList_item_t**)&((*taskListWalker)->next);
 236              		.loc 1 96 0
 237 00d2 BB68     		ldr	r3, [r7, #8]
 238 00d4 1B68     		ldr	r3, [r3]
 239 00d6 0833     		adds	r3, r3, #8
 240 00d8 BB60     		str	r3, [r7, #8]
 241              	.L15:
  94:build/openmote-cc2538_armgcc/kernel/openos/scheduler.c ****    while (*taskListWalker!=NULL &&
 242              		.loc 1 94 0
 243 00da BB68     		ldr	r3, [r7, #8]
 244 00dc 1B68     		ldr	r3, [r3]
 245 00de 002B     		cmp	r3, #0
 246 00e0 06D0     		beq	.L16
  95:build/openmote-cc2538_armgcc/kernel/openos/scheduler.c ****           (*taskListWalker)->prio <= taskContainer->prio) {
 247              		.loc 1 95 0 discriminator 1
 248 00e2 BB68     		ldr	r3, [r7, #8]
 249 00e4 1B68     		ldr	r3, [r3]
 250 00e6 1A79     		ldrb	r2, [r3, #4]	@ zero_extendqisi2
 251 00e8 FB68     		ldr	r3, [r7, #12]
 252 00ea 1B79     		ldrb	r3, [r3, #4]	@ zero_extendqisi2
  94:build/openmote-cc2538_armgcc/kernel/openos/scheduler.c ****    while (*taskListWalker!=NULL &&
 253              		.loc 1 94 0 discriminator 1
 254 00ec 9A42     		cmp	r2, r3
 255 00ee F0D9     		bls	.L17
 256              	.L16:
  97:build/openmote-cc2538_armgcc/kernel/openos/scheduler.c ****    }
  98:build/openmote-cc2538_armgcc/kernel/openos/scheduler.c ****    // insert at that position
  99:build/openmote-cc2538_armgcc/kernel/openos/scheduler.c ****    taskContainer->next            = *taskListWalker;
 257              		.loc 1 99 0
 258 00f0 BB68     		ldr	r3, [r7, #8]
 259 00f2 1A68     		ldr	r2, [r3]
 260 00f4 FB68     		ldr	r3, [r7, #12]
 261 00f6 9A60     		str	r2, [r3, #8]
 100:build/openmote-cc2538_armgcc/kernel/openos/scheduler.c ****    *taskListWalker                = taskContainer;
 262              		.loc 1 100 0
 263 00f8 BB68     		ldr	r3, [r7, #8]
 264 00fa FA68     		ldr	r2, [r7, #12]
 265 00fc 1A60     		str	r2, [r3]
 101:build/openmote-cc2538_armgcc/kernel/openos/scheduler.c ****    // maintain debug stats
 102:build/openmote-cc2538_armgcc/kernel/openos/scheduler.c ****    scheduler_dbg.numTasksCur++;
 266              		.loc 1 102 0
 267 00fe 0D4B     		ldr	r3, .L19+12
 268 0100 1B78     		ldrb	r3, [r3]	@ zero_extendqisi2
 269 0102 0133     		adds	r3, r3, #1
 270 0104 DAB2     		uxtb	r2, r3
 271 0106 0B4B     		ldr	r3, .L19+12
 272 0108 1A70     		strb	r2, [r3]
 103:build/openmote-cc2538_armgcc/kernel/openos/scheduler.c ****    if (scheduler_dbg.numTasksCur>scheduler_dbg.numTasksMax) {
 273              		.loc 1 103 0
 274 010a 0A4B     		ldr	r3, .L19+12
 275 010c 1A78     		ldrb	r2, [r3]	@ zero_extendqisi2
 276 010e 094B     		ldr	r3, .L19+12
 277 0110 5B78     		ldrb	r3, [r3, #1]	@ zero_extendqisi2
 278 0112 9A42     		cmp	r2, r3
 279 0114 03D9     		bls	.L18
 104:build/openmote-cc2538_armgcc/kernel/openos/scheduler.c ****       scheduler_dbg.numTasksMax   = scheduler_dbg.numTasksCur;
 280              		.loc 1 104 0
 281 0116 074B     		ldr	r3, .L19+12
 282 0118 1A78     		ldrb	r2, [r3]	@ zero_extendqisi2
 283 011a 064B     		ldr	r3, .L19+12
 284 011c 5A70     		strb	r2, [r3, #1]
 285              	.L18:
 105:build/openmote-cc2538_armgcc/kernel/openos/scheduler.c ****    }
 106:build/openmote-cc2538_armgcc/kernel/openos/scheduler.c ****    
 107:build/openmote-cc2538_armgcc/kernel/openos/scheduler.c ****    ENABLE_INTERRUPTS();
 286              		.loc 1 107 0
 287 011e FFF7FEFF 		bl	IntMasterEnable
 108:build/openmote-cc2538_armgcc/kernel/openos/scheduler.c **** }
 288              		.loc 1 108 0
 289 0122 1037     		adds	r7, r7, #16
 290              		.cfi_def_cfa_offset 8
 291 0124 BD46     		mov	sp, r7
 292              		.cfi_def_cfa_register 13
 293              		@ sp needed
 294 0126 80BD     		pop	{r7, pc}
 295              	.L20:
 296              		.align	2
 297              	.L19:
 298 0128 00000000 		.word	scheduler_vars
 299 012c 6C000000 		.word	scheduler_vars+108
 300 0130 78000000 		.word	scheduler_vars+120
 301 0134 00000000 		.word	scheduler_dbg
 302              		.cfi_endproc
 303              	.LFE2:
 305              	.Letext0:
 306              		.file 2 "/usr/include/newlib/machine/_default_types.h"
 307              		.file 3 "/usr/include/newlib/sys/_stdint.h"
 308              		.file 4 "kernel/scheduler.h"
 309              		.file 5 "bsp/boards/openmote-cc2538/board_info.h"
 310              		.file 6 "inc/opendefs.h"
DEFINED SYMBOLS
                            *ABS*:0000000000000000 scheduler.c
     /tmp/ccJdJwmi.s:19     .rodata:0000000000000000 $d
     /tmp/ccJdJwmi.s:22     .rodata:0000000000000000 rreg_uriquery
     /tmp/ccJdJwmi.s:27     .rodata:0000000000000008 infoBoardname
     /tmp/ccJdJwmi.s:32     .rodata:0000000000000010 infouCName
     /tmp/ccJdJwmi.s:37     .rodata:0000000000000018 infoRadioName
     /tmp/ccJdJwmi.s:42     .rodata:0000000000000024 infoStackName
                            *COM*:0000000000000080 scheduler_vars
                            *COM*:0000000000000002 scheduler_dbg
     /tmp/ccJdJwmi.s:47     .text:0000000000000000 $t
     /tmp/ccJdJwmi.s:52     .text:0000000000000000 scheduler_init
     /tmp/ccJdJwmi.s:80     .text:000000000000001c $d
     /tmp/ccJdJwmi.s:85     .text:0000000000000024 $t
     /tmp/ccJdJwmi.s:90     .text:0000000000000024 scheduler_start
     /tmp/ccJdJwmi.s:161    .text:000000000000007c $d
     /tmp/ccJdJwmi.s:166    .text:0000000000000084 $t
     /tmp/ccJdJwmi.s:171    .text:0000000000000084 scheduler_push_task
     /tmp/ccJdJwmi.s:298    .text:0000000000000128 $d
                     .debug_frame:0000000000000010 $d
                           .group:0000000000000000 wm4.0.c64f62fd52e22d94e2a6dd9c07eeb43e
                           .group:0000000000000000 wm4.features.h.22.2e382148a0560adabf236cddd4e880f4
                           .group:0000000000000000 wm4._default_types.h.15.933e8edd27a65e0b69af4a865eb623d2
                           .group:0000000000000000 wm4._intsup.h.10.35a45952db64d30146faa63a55c20c1c
                           .group:0000000000000000 wm4._stdint.h.10.f76354baea1c7088202064e6f3d4f5e3
                           .group:0000000000000000 wm4.stdint.h.23.373a9d32a9e4c2e88fd347156532d281
                           .group:0000000000000000 wm4.toolchain_defs.h.2.e5fd326231d01413e5361944b26cde07
                           .group:0000000000000000 wm4.newlib.h.8.2702bca278809460f0af6fba1d84eb68
                           .group:0000000000000000 wm4.config.h.220.a09b0b0de3c25be3f39d71990e617bff
                           .group:0000000000000000 wm4._ansi.h.23.84af8eb8cd468d25cc5f45f5eb13ec51
                           .group:0000000000000000 wm4.stddef.h.39.daafd3d79fe2f3a84d2d73d7d4e706f8
                           .group:0000000000000000 wm4.lock.h.2.9bc98482741e5e2a9450b12934a684ea
                           .group:0000000000000000 wm4._types.h.54.d3d34a3b7f3cc230cd159baf022b4b08
                           .group:0000000000000000 wm4.stddef.h.158.61317cdbfb4026324507d123a50b0fd6
                           .group:0000000000000000 wm4.reent.h.17.8bd9e4098e0428508c282cad794fae43
                           .group:0000000000000000 wm4.cdefs.h.47.e6563c1c3863188ba4ac4eaa2c85b6f1
                           .group:0000000000000000 wm4.string.h.15.dab3980bf35408a4c507182805e2de3a
                           .group:0000000000000000 wm4.stddef.h.158.a7efb00f6cbc6f43213b50e183c9830c
                           .group:0000000000000000 wm4.stdbool.h.29.1c9ee6859ce8145f7838a4f2549ccec2
                           .group:0000000000000000 wm4.hw_types.h.67.b10589a0806dcc2d274d6fab6b736519
                           .group:0000000000000000 wm4.interrupt.h.41.272fc4ec0e276feb439e7974d0f77eaf
                           .group:0000000000000000 wm4.board_info.h.22.b5c65365e76c8378df4f4b0ed59cbc39
                           .group:0000000000000000 wm4.opendefs.h.23.47191652995b7fa35f12da40c3552cda
                           .group:0000000000000000 wm4.scheduler.h.2.d8d85f436d0d4b3991926a15b8490cf4

UNDEFINED SYMBOLS
memset
IntMasterDisable
IntMasterEnable
debugpins_task_clr
board_sleep
debugpins_task_set
leds_error_blink
board_reset
