   1              		.syntax unified
   2              		.cpu cortex-m3
   3              		.fpu softvfp
   4              		.eabi_attribute 20, 1
   5              		.eabi_attribute 21, 1
   6              		.eabi_attribute 23, 3
   7              		.eabi_attribute 24, 1
   8              		.eabi_attribute 25, 1
   9              		.eabi_attribute 26, 1
  10              		.eabi_attribute 30, 6
  11              		.eabi_attribute 34, 1
  12              		.eabi_attribute 18, 4
  13              		.thumb
  14              		.file	"cborencoder.c"
  15              		.text
  16              	.Ltext0:
  17              		.cfi_sections	.debug_frame
  18              		.section	.rodata
  19              		.align	2
  22              	rreg_uriquery:
  23 0000 683D7563 		.ascii	"h=ucb\000"
  23      6200
  24 0006 0000     		.align	2
  27              	infoBoardname:
  28 0008 43433235 		.ascii	"CC2538\000"
  28      333800
  29 000f 00       		.align	2
  32              	infouCName:
  33 0010 43433235 		.ascii	"CC2538\000"
  33      333800
  34 0017 00       		.align	2
  37              	infoRadioName:
  38 0018 43433235 		.ascii	"CC2538 SoC\000"
  38      33382053 
  38      6F4300
  39 0023 00       		.align	2
  42              	infoStackName:
  43 0024 4F70656E 		.ascii	"OpenWSN \000"
  43      57534E20 
  43      00
  44              		.text
  45              		.align	2
  46              		.global	cborencoder_put_text
  47              		.thumb
  48              		.thumb_func
  50              	cborencoder_put_text:
  51              	.LFB0:
  52              		.file 1 "build/openmote-cc2538_armgcc/openapps/opencoap/cborencoder.c"
   1:build/openmote-cc2538_armgcc/openapps/opencoap/cborencoder.c **** /**
   2:build/openmote-cc2538_armgcc/openapps/opencoap/cborencoder.c **** \brief CBOR encoding functions.
   3:build/openmote-cc2538_armgcc/openapps/opencoap/cborencoder.c **** \Author Martin Gunnarsson <martin.gunnarsson@ri.se>
   4:build/openmote-cc2538_armgcc/openapps/opencoap/cborencoder.c **** \author Modified by Malisa Vucinic <malishav@gmail.com>
   5:build/openmote-cc2538_armgcc/openapps/opencoap/cborencoder.c **** */
   6:build/openmote-cc2538_armgcc/openapps/opencoap/cborencoder.c **** 
   7:build/openmote-cc2538_armgcc/openapps/opencoap/cborencoder.c **** #include "cborencoder.h"
   8:build/openmote-cc2538_armgcc/openapps/opencoap/cborencoder.c **** 
   9:build/openmote-cc2538_armgcc/openapps/opencoap/cborencoder.c **** uint8_t
  10:build/openmote-cc2538_armgcc/openapps/opencoap/cborencoder.c **** cborencoder_put_text(uint8_t *buffer, const char *text, uint8_t text_len) {
  53              		.loc 1 10 0
  54              		.cfi_startproc
  55              		@ args = 0, pretend = 0, frame = 24
  56              		@ frame_needed = 1, uses_anonymous_args = 0
  57 0000 80B5     		push	{r7, lr}
  58              		.cfi_def_cfa_offset 8
  59              		.cfi_offset 7, -8
  60              		.cfi_offset 14, -4
  61 0002 86B0     		sub	sp, sp, #24
  62              		.cfi_def_cfa_offset 32
  63 0004 00AF     		add	r7, sp, #0
  64              		.cfi_def_cfa_register 7
  65 0006 F860     		str	r0, [r7, #12]
  66 0008 B960     		str	r1, [r7, #8]
  67 000a 1346     		mov	r3, r2
  68 000c FB71     		strb	r3, [r7, #7]
  11:build/openmote-cc2538_armgcc/openapps/opencoap/cborencoder.c ****     uint8_t ret = 0;
  69              		.loc 1 11 0
  70 000e 0023     		movs	r3, #0
  71 0010 FB75     		strb	r3, [r7, #23]
  12:build/openmote-cc2538_armgcc/openapps/opencoap/cborencoder.c **** 
  13:build/openmote-cc2538_armgcc/openapps/opencoap/cborencoder.c ****     if(text_len > 23 ){
  72              		.loc 1 13 0
  73 0012 FB79     		ldrb	r3, [r7, #7]	@ zero_extendqisi2
  74 0014 172B     		cmp	r3, #23
  75 0016 10D9     		bls	.L2
  14:build/openmote-cc2538_armgcc/openapps/opencoap/cborencoder.c ****         buffer[ret++] = 0x78;
  76              		.loc 1 14 0
  77 0018 FB7D     		ldrb	r3, [r7, #23]	@ zero_extendqisi2
  78 001a 5A1C     		adds	r2, r3, #1
  79 001c FA75     		strb	r2, [r7, #23]
  80 001e 1A46     		mov	r2, r3
  81 0020 FB68     		ldr	r3, [r7, #12]
  82 0022 1344     		add	r3, r3, r2
  83 0024 7822     		movs	r2, #120
  84 0026 1A70     		strb	r2, [r3]
  15:build/openmote-cc2538_armgcc/openapps/opencoap/cborencoder.c ****         buffer[ret++] = text_len;
  85              		.loc 1 15 0
  86 0028 FB7D     		ldrb	r3, [r7, #23]	@ zero_extendqisi2
  87 002a 5A1C     		adds	r2, r3, #1
  88 002c FA75     		strb	r2, [r7, #23]
  89 002e 1A46     		mov	r2, r3
  90 0030 FB68     		ldr	r3, [r7, #12]
  91 0032 1344     		add	r3, r3, r2
  92 0034 FA79     		ldrb	r2, [r7, #7]
  93 0036 1A70     		strb	r2, [r3]
  94 0038 0AE0     		b	.L3
  95              	.L2:
  16:build/openmote-cc2538_armgcc/openapps/opencoap/cborencoder.c ****     } else {
  17:build/openmote-cc2538_armgcc/openapps/opencoap/cborencoder.c ****         buffer[ret++] = (0x60 | text_len);
  96              		.loc 1 17 0
  97 003a FB7D     		ldrb	r3, [r7, #23]	@ zero_extendqisi2
  98 003c 5A1C     		adds	r2, r3, #1
  99 003e FA75     		strb	r2, [r7, #23]
 100 0040 1A46     		mov	r2, r3
 101 0042 FB68     		ldr	r3, [r7, #12]
 102 0044 1344     		add	r3, r3, r2
 103 0046 FA79     		ldrb	r2, [r7, #7]
 104 0048 42F06002 		orr	r2, r2, #96
 105 004c D2B2     		uxtb	r2, r2
 106 004e 1A70     		strb	r2, [r3]
 107              	.L3:
  18:build/openmote-cc2538_armgcc/openapps/opencoap/cborencoder.c ****     }
  19:build/openmote-cc2538_armgcc/openapps/opencoap/cborencoder.c **** 
  20:build/openmote-cc2538_armgcc/openapps/opencoap/cborencoder.c ****     if (text_len != 0 && text != NULL) {
 108              		.loc 1 20 0
 109 0050 FB79     		ldrb	r3, [r7, #7]	@ zero_extendqisi2
 110 0052 002B     		cmp	r3, #0
 111 0054 0FD0     		beq	.L4
 112              		.loc 1 20 0 is_stmt 0 discriminator 1
 113 0056 BB68     		ldr	r3, [r7, #8]
 114 0058 002B     		cmp	r3, #0
 115 005a 0CD0     		beq	.L4
  21:build/openmote-cc2538_armgcc/openapps/opencoap/cborencoder.c ****         memcpy(&buffer[ret], text, text_len);
 116              		.loc 1 21 0 is_stmt 1
 117 005c FB7D     		ldrb	r3, [r7, #23]	@ zero_extendqisi2
 118 005e FA68     		ldr	r2, [r7, #12]
 119 0060 1A44     		add	r2, r2, r3
 120 0062 FB79     		ldrb	r3, [r7, #7]	@ zero_extendqisi2
 121 0064 1046     		mov	r0, r2
 122 0066 B968     		ldr	r1, [r7, #8]
 123 0068 1A46     		mov	r2, r3
 124 006a FFF7FEFF 		bl	memcpy
  22:build/openmote-cc2538_armgcc/openapps/opencoap/cborencoder.c ****         ret += text_len;
 125              		.loc 1 22 0
 126 006e FA7D     		ldrb	r2, [r7, #23]
 127 0070 FB79     		ldrb	r3, [r7, #7]
 128 0072 1344     		add	r3, r3, r2
 129 0074 FB75     		strb	r3, [r7, #23]
 130              	.L4:
  23:build/openmote-cc2538_armgcc/openapps/opencoap/cborencoder.c ****     }
  24:build/openmote-cc2538_armgcc/openapps/opencoap/cborencoder.c **** 
  25:build/openmote-cc2538_armgcc/openapps/opencoap/cborencoder.c ****     return ret;
 131              		.loc 1 25 0
 132 0076 FB7D     		ldrb	r3, [r7, #23]	@ zero_extendqisi2
  26:build/openmote-cc2538_armgcc/openapps/opencoap/cborencoder.c **** }
 133              		.loc 1 26 0
 134 0078 1846     		mov	r0, r3
 135 007a 1837     		adds	r7, r7, #24
 136              		.cfi_def_cfa_offset 8
 137 007c BD46     		mov	sp, r7
 138              		.cfi_def_cfa_register 13
 139              		@ sp needed
 140 007e 80BD     		pop	{r7, pc}
 141              		.cfi_endproc
 142              	.LFE0:
 144              		.align	2
 145              		.global	cborencoder_put_array
 146              		.thumb
 147              		.thumb_func
 149              	cborencoder_put_array:
 150              	.LFB1:
  27:build/openmote-cc2538_armgcc/openapps/opencoap/cborencoder.c **** 
  28:build/openmote-cc2538_armgcc/openapps/opencoap/cborencoder.c **** uint8_t
  29:build/openmote-cc2538_armgcc/openapps/opencoap/cborencoder.c **** cborencoder_put_array(uint8_t *buffer, uint8_t elements) {
 151              		.loc 1 29 0
 152              		.cfi_startproc
 153              		@ args = 0, pretend = 0, frame = 16
 154              		@ frame_needed = 1, uses_anonymous_args = 0
 155              		@ link register save eliminated.
 156 0080 80B4     		push	{r7}
 157              		.cfi_def_cfa_offset 4
 158              		.cfi_offset 7, -4
 159 0082 85B0     		sub	sp, sp, #20
 160              		.cfi_def_cfa_offset 24
 161 0084 00AF     		add	r7, sp, #0
 162              		.cfi_def_cfa_register 7
 163 0086 7860     		str	r0, [r7, #4]
 164 0088 0B46     		mov	r3, r1
 165 008a FB70     		strb	r3, [r7, #3]
  30:build/openmote-cc2538_armgcc/openapps/opencoap/cborencoder.c ****     uint8_t ret = 0;
 166              		.loc 1 30 0
 167 008c 0023     		movs	r3, #0
 168 008e FB73     		strb	r3, [r7, #15]
  31:build/openmote-cc2538_armgcc/openapps/opencoap/cborencoder.c **** 
  32:build/openmote-cc2538_armgcc/openapps/opencoap/cborencoder.c ****     if(elements > 15){
 169              		.loc 1 32 0
 170 0090 FB78     		ldrb	r3, [r7, #3]	@ zero_extendqisi2
 171 0092 0F2B     		cmp	r3, #15
 172 0094 01D9     		bls	.L7
  33:build/openmote-cc2538_armgcc/openapps/opencoap/cborencoder.c ****         return 0;
 173              		.loc 1 33 0
 174 0096 0023     		movs	r3, #0
 175 0098 0BE0     		b	.L8
 176              	.L7:
  34:build/openmote-cc2538_armgcc/openapps/opencoap/cborencoder.c ****     }
  35:build/openmote-cc2538_armgcc/openapps/opencoap/cborencoder.c **** 
  36:build/openmote-cc2538_armgcc/openapps/opencoap/cborencoder.c ****     buffer[ret++] = (0x80 | elements);
 177              		.loc 1 36 0
 178 009a FB7B     		ldrb	r3, [r7, #15]	@ zero_extendqisi2
 179 009c 5A1C     		adds	r2, r3, #1
 180 009e FA73     		strb	r2, [r7, #15]
 181 00a0 1A46     		mov	r2, r3
 182 00a2 7B68     		ldr	r3, [r7, #4]
 183 00a4 1344     		add	r3, r3, r2
 184 00a6 FA78     		ldrb	r2, [r7, #3]
 185 00a8 62F07F02 		orn	r2, r2, #127
 186 00ac D2B2     		uxtb	r2, r2
 187 00ae 1A70     		strb	r2, [r3]
  37:build/openmote-cc2538_armgcc/openapps/opencoap/cborencoder.c ****     return ret;
 188              		.loc 1 37 0
 189 00b0 FB7B     		ldrb	r3, [r7, #15]	@ zero_extendqisi2
 190              	.L8:
  38:build/openmote-cc2538_armgcc/openapps/opencoap/cborencoder.c **** }
 191              		.loc 1 38 0
 192 00b2 1846     		mov	r0, r3
 193 00b4 1437     		adds	r7, r7, #20
 194              		.cfi_def_cfa_offset 4
 195 00b6 BD46     		mov	sp, r7
 196              		.cfi_def_cfa_register 13
 197              		@ sp needed
 198 00b8 5DF8047B 		ldr	r7, [sp], #4
 199              		.cfi_restore 7
 200              		.cfi_def_cfa_offset 0
 201 00bc 7047     		bx	lr
 202              		.cfi_endproc
 203              	.LFE1:
 205 00be 00BF     		.align	2
 206              		.global	cborencoder_put_bytes
 207              		.thumb
 208              		.thumb_func
 210              	cborencoder_put_bytes:
 211              	.LFB2:
  39:build/openmote-cc2538_armgcc/openapps/opencoap/cborencoder.c **** 
  40:build/openmote-cc2538_armgcc/openapps/opencoap/cborencoder.c **** uint8_t
  41:build/openmote-cc2538_armgcc/openapps/opencoap/cborencoder.c **** cborencoder_put_bytes(uint8_t *buffer, const uint8_t *bytes, uint8_t bytes_len) {
 212              		.loc 1 41 0
 213              		.cfi_startproc
 214              		@ args = 0, pretend = 0, frame = 24
 215              		@ frame_needed = 1, uses_anonymous_args = 0
 216 00c0 80B5     		push	{r7, lr}
 217              		.cfi_def_cfa_offset 8
 218              		.cfi_offset 7, -8
 219              		.cfi_offset 14, -4
 220 00c2 86B0     		sub	sp, sp, #24
 221              		.cfi_def_cfa_offset 32
 222 00c4 00AF     		add	r7, sp, #0
 223              		.cfi_def_cfa_register 7
 224 00c6 F860     		str	r0, [r7, #12]
 225 00c8 B960     		str	r1, [r7, #8]
 226 00ca 1346     		mov	r3, r2
 227 00cc FB71     		strb	r3, [r7, #7]
  42:build/openmote-cc2538_armgcc/openapps/opencoap/cborencoder.c ****     uint8_t ret = 0;
 228              		.loc 1 42 0
 229 00ce 0023     		movs	r3, #0
 230 00d0 FB75     		strb	r3, [r7, #23]
  43:build/openmote-cc2538_armgcc/openapps/opencoap/cborencoder.c **** 
  44:build/openmote-cc2538_armgcc/openapps/opencoap/cborencoder.c ****     if(bytes_len > 23){
 231              		.loc 1 44 0
 232 00d2 FB79     		ldrb	r3, [r7, #7]	@ zero_extendqisi2
 233 00d4 172B     		cmp	r3, #23
 234 00d6 10D9     		bls	.L10
  45:build/openmote-cc2538_armgcc/openapps/opencoap/cborencoder.c ****         buffer[ret++] = 0x58;
 235              		.loc 1 45 0
 236 00d8 FB7D     		ldrb	r3, [r7, #23]	@ zero_extendqisi2
 237 00da 5A1C     		adds	r2, r3, #1
 238 00dc FA75     		strb	r2, [r7, #23]
 239 00de 1A46     		mov	r2, r3
 240 00e0 FB68     		ldr	r3, [r7, #12]
 241 00e2 1344     		add	r3, r3, r2
 242 00e4 5822     		movs	r2, #88
 243 00e6 1A70     		strb	r2, [r3]
  46:build/openmote-cc2538_armgcc/openapps/opencoap/cborencoder.c ****         buffer[ret++] = bytes_len;
 244              		.loc 1 46 0
 245 00e8 FB7D     		ldrb	r3, [r7, #23]	@ zero_extendqisi2
 246 00ea 5A1C     		adds	r2, r3, #1
 247 00ec FA75     		strb	r2, [r7, #23]
 248 00ee 1A46     		mov	r2, r3
 249 00f0 FB68     		ldr	r3, [r7, #12]
 250 00f2 1344     		add	r3, r3, r2
 251 00f4 FA79     		ldrb	r2, [r7, #7]
 252 00f6 1A70     		strb	r2, [r3]
 253 00f8 0AE0     		b	.L11
 254              	.L10:
  47:build/openmote-cc2538_armgcc/openapps/opencoap/cborencoder.c ****     } else {
  48:build/openmote-cc2538_armgcc/openapps/opencoap/cborencoder.c ****         buffer[ret++] = (0x40 | bytes_len);
 255              		.loc 1 48 0
 256 00fa FB7D     		ldrb	r3, [r7, #23]	@ zero_extendqisi2
 257 00fc 5A1C     		adds	r2, r3, #1
 258 00fe FA75     		strb	r2, [r7, #23]
 259 0100 1A46     		mov	r2, r3
 260 0102 FB68     		ldr	r3, [r7, #12]
 261 0104 1344     		add	r3, r3, r2
 262 0106 FA79     		ldrb	r2, [r7, #7]
 263 0108 42F04002 		orr	r2, r2, #64
 264 010c D2B2     		uxtb	r2, r2
 265 010e 1A70     		strb	r2, [r3]
 266              	.L11:
  49:build/openmote-cc2538_armgcc/openapps/opencoap/cborencoder.c ****     }
  50:build/openmote-cc2538_armgcc/openapps/opencoap/cborencoder.c **** 
  51:build/openmote-cc2538_armgcc/openapps/opencoap/cborencoder.c ****     if (bytes_len != 0 && bytes != NULL){
 267              		.loc 1 51 0
 268 0110 FB79     		ldrb	r3, [r7, #7]	@ zero_extendqisi2
 269 0112 002B     		cmp	r3, #0
 270 0114 0FD0     		beq	.L12
 271              		.loc 1 51 0 is_stmt 0 discriminator 1
 272 0116 BB68     		ldr	r3, [r7, #8]
 273 0118 002B     		cmp	r3, #0
 274 011a 0CD0     		beq	.L12
  52:build/openmote-cc2538_armgcc/openapps/opencoap/cborencoder.c ****         memcpy(&buffer[ret], bytes, bytes_len);
 275              		.loc 1 52 0 is_stmt 1
 276 011c FB7D     		ldrb	r3, [r7, #23]	@ zero_extendqisi2
 277 011e FA68     		ldr	r2, [r7, #12]
 278 0120 1A44     		add	r2, r2, r3
 279 0122 FB79     		ldrb	r3, [r7, #7]	@ zero_extendqisi2
 280 0124 1046     		mov	r0, r2
 281 0126 B968     		ldr	r1, [r7, #8]
 282 0128 1A46     		mov	r2, r3
 283 012a FFF7FEFF 		bl	memcpy
  53:build/openmote-cc2538_armgcc/openapps/opencoap/cborencoder.c ****         ret += bytes_len;
 284              		.loc 1 53 0
 285 012e FA7D     		ldrb	r2, [r7, #23]
 286 0130 FB79     		ldrb	r3, [r7, #7]
 287 0132 1344     		add	r3, r3, r2
 288 0134 FB75     		strb	r3, [r7, #23]
 289              	.L12:
  54:build/openmote-cc2538_armgcc/openapps/opencoap/cborencoder.c ****     }
  55:build/openmote-cc2538_armgcc/openapps/opencoap/cborencoder.c **** 
  56:build/openmote-cc2538_armgcc/openapps/opencoap/cborencoder.c ****     return ret;
 290              		.loc 1 56 0
 291 0136 FB7D     		ldrb	r3, [r7, #23]	@ zero_extendqisi2
  57:build/openmote-cc2538_armgcc/openapps/opencoap/cborencoder.c **** }
 292              		.loc 1 57 0
 293 0138 1846     		mov	r0, r3
 294 013a 1837     		adds	r7, r7, #24
 295              		.cfi_def_cfa_offset 8
 296 013c BD46     		mov	sp, r7
 297              		.cfi_def_cfa_register 13
 298              		@ sp needed
 299 013e 80BD     		pop	{r7, pc}
 300              		.cfi_endproc
 301              	.LFE2:
 303              		.align	2
 304              		.global	cborencoder_put_unsigned
 305              		.thumb
 306              		.thumb_func
 308              	cborencoder_put_unsigned:
 309              	.LFB3:
  58:build/openmote-cc2538_armgcc/openapps/opencoap/cborencoder.c **** 
  59:build/openmote-cc2538_armgcc/openapps/opencoap/cborencoder.c **** uint8_t
  60:build/openmote-cc2538_armgcc/openapps/opencoap/cborencoder.c **** cborencoder_put_unsigned(uint8_t *buffer, uint8_t value) {
 310              		.loc 1 60 0
 311              		.cfi_startproc
 312              		@ args = 0, pretend = 0, frame = 16
 313              		@ frame_needed = 1, uses_anonymous_args = 0
 314              		@ link register save eliminated.
 315 0140 80B4     		push	{r7}
 316              		.cfi_def_cfa_offset 4
 317              		.cfi_offset 7, -4
 318 0142 85B0     		sub	sp, sp, #20
 319              		.cfi_def_cfa_offset 24
 320 0144 00AF     		add	r7, sp, #0
 321              		.cfi_def_cfa_register 7
 322 0146 7860     		str	r0, [r7, #4]
 323 0148 0B46     		mov	r3, r1
 324 014a FB70     		strb	r3, [r7, #3]
  61:build/openmote-cc2538_armgcc/openapps/opencoap/cborencoder.c ****     uint8_t ret = 0;
 325              		.loc 1 61 0
 326 014c 0023     		movs	r3, #0
 327 014e FB73     		strb	r3, [r7, #15]
  62:build/openmote-cc2538_armgcc/openapps/opencoap/cborencoder.c **** 
  63:build/openmote-cc2538_armgcc/openapps/opencoap/cborencoder.c ****     if(value > 0x17 ){
 328              		.loc 1 63 0
 329 0150 FB78     		ldrb	r3, [r7, #3]	@ zero_extendqisi2
 330 0152 172B     		cmp	r3, #23
 331 0154 11D9     		bls	.L15
  64:build/openmote-cc2538_armgcc/openapps/opencoap/cborencoder.c ****         buffer[ret++] = 0x18;
 332              		.loc 1 64 0
 333 0156 FB7B     		ldrb	r3, [r7, #15]	@ zero_extendqisi2
 334 0158 5A1C     		adds	r2, r3, #1
 335 015a FA73     		strb	r2, [r7, #15]
 336 015c 1A46     		mov	r2, r3
 337 015e 7B68     		ldr	r3, [r7, #4]
 338 0160 1344     		add	r3, r3, r2
 339 0162 1822     		movs	r2, #24
 340 0164 1A70     		strb	r2, [r3]
  65:build/openmote-cc2538_armgcc/openapps/opencoap/cborencoder.c ****         buffer[ret++] = value;
 341              		.loc 1 65 0
 342 0166 FB7B     		ldrb	r3, [r7, #15]	@ zero_extendqisi2
 343 0168 5A1C     		adds	r2, r3, #1
 344 016a FA73     		strb	r2, [r7, #15]
 345 016c 1A46     		mov	r2, r3
 346 016e 7B68     		ldr	r3, [r7, #4]
 347 0170 1344     		add	r3, r3, r2
 348 0172 FA78     		ldrb	r2, [r7, #3]
 349 0174 1A70     		strb	r2, [r3]
  66:build/openmote-cc2538_armgcc/openapps/opencoap/cborencoder.c ****         return ret;
 350              		.loc 1 66 0
 351 0176 FB7B     		ldrb	r3, [r7, #15]	@ zero_extendqisi2
 352 0178 08E0     		b	.L16
 353              	.L15:
  67:build/openmote-cc2538_armgcc/openapps/opencoap/cborencoder.c ****     }
  68:build/openmote-cc2538_armgcc/openapps/opencoap/cborencoder.c **** 
  69:build/openmote-cc2538_armgcc/openapps/opencoap/cborencoder.c ****     buffer[ret++] = value;
 354              		.loc 1 69 0
 355 017a FB7B     		ldrb	r3, [r7, #15]	@ zero_extendqisi2
 356 017c 5A1C     		adds	r2, r3, #1
 357 017e FA73     		strb	r2, [r7, #15]
 358 0180 1A46     		mov	r2, r3
 359 0182 7B68     		ldr	r3, [r7, #4]
 360 0184 1344     		add	r3, r3, r2
 361 0186 FA78     		ldrb	r2, [r7, #3]
 362 0188 1A70     		strb	r2, [r3]
  70:build/openmote-cc2538_armgcc/openapps/opencoap/cborencoder.c ****     return ret;
 363              		.loc 1 70 0
 364 018a FB7B     		ldrb	r3, [r7, #15]	@ zero_extendqisi2
 365              	.L16:
  71:build/openmote-cc2538_armgcc/openapps/opencoap/cborencoder.c **** }
 366              		.loc 1 71 0
 367 018c 1846     		mov	r0, r3
 368 018e 1437     		adds	r7, r7, #20
 369              		.cfi_def_cfa_offset 4
 370 0190 BD46     		mov	sp, r7
 371              		.cfi_def_cfa_register 13
 372              		@ sp needed
 373 0192 5DF8047B 		ldr	r7, [sp], #4
 374              		.cfi_restore 7
 375              		.cfi_def_cfa_offset 0
 376 0196 7047     		bx	lr
 377              		.cfi_endproc
 378              	.LFE3:
 380              		.align	2
 381              		.global	cborencoder_put_null
 382              		.thumb
 383              		.thumb_func
 385              	cborencoder_put_null:
 386              	.LFB4:
  72:build/openmote-cc2538_armgcc/openapps/opencoap/cborencoder.c **** 
  73:build/openmote-cc2538_armgcc/openapps/opencoap/cborencoder.c **** uint8_t
  74:build/openmote-cc2538_armgcc/openapps/opencoap/cborencoder.c **** cborencoder_put_null(uint8_t *buffer) {
 387              		.loc 1 74 0
 388              		.cfi_startproc
 389              		@ args = 0, pretend = 0, frame = 16
 390              		@ frame_needed = 1, uses_anonymous_args = 0
 391              		@ link register save eliminated.
 392 0198 80B4     		push	{r7}
 393              		.cfi_def_cfa_offset 4
 394              		.cfi_offset 7, -4
 395 019a 85B0     		sub	sp, sp, #20
 396              		.cfi_def_cfa_offset 24
 397 019c 00AF     		add	r7, sp, #0
 398              		.cfi_def_cfa_register 7
 399 019e 7860     		str	r0, [r7, #4]
  75:build/openmote-cc2538_armgcc/openapps/opencoap/cborencoder.c ****     uint8_t ret = 0;
 400              		.loc 1 75 0
 401 01a0 0023     		movs	r3, #0
 402 01a2 FB73     		strb	r3, [r7, #15]
  76:build/openmote-cc2538_armgcc/openapps/opencoap/cborencoder.c **** 
  77:build/openmote-cc2538_armgcc/openapps/opencoap/cborencoder.c ****     buffer[ret++] = 0xf6;
 403              		.loc 1 77 0
 404 01a4 FB7B     		ldrb	r3, [r7, #15]	@ zero_extendqisi2
 405 01a6 5A1C     		adds	r2, r3, #1
 406 01a8 FA73     		strb	r2, [r7, #15]
 407 01aa 1A46     		mov	r2, r3
 408 01ac 7B68     		ldr	r3, [r7, #4]
 409 01ae 1344     		add	r3, r3, r2
 410 01b0 F622     		movs	r2, #246
 411 01b2 1A70     		strb	r2, [r3]
  78:build/openmote-cc2538_armgcc/openapps/opencoap/cborencoder.c ****     return ret;
 412              		.loc 1 78 0
 413 01b4 FB7B     		ldrb	r3, [r7, #15]	@ zero_extendqisi2
  79:build/openmote-cc2538_armgcc/openapps/opencoap/cborencoder.c **** }
 414              		.loc 1 79 0
 415 01b6 1846     		mov	r0, r3
 416 01b8 1437     		adds	r7, r7, #20
 417              		.cfi_def_cfa_offset 4
 418 01ba BD46     		mov	sp, r7
 419              		.cfi_def_cfa_register 13
 420              		@ sp needed
 421 01bc 5DF8047B 		ldr	r7, [sp], #4
 422              		.cfi_restore 7
 423              		.cfi_def_cfa_offset 0
 424 01c0 7047     		bx	lr
 425              		.cfi_endproc
 426              	.LFE4:
 428 01c2 00BF     		.align	2
 429              		.global	cborencoder_put_map
 430              		.thumb
 431              		.thumb_func
 433              	cborencoder_put_map:
 434              	.LFB5:
  80:build/openmote-cc2538_armgcc/openapps/opencoap/cborencoder.c **** 
  81:build/openmote-cc2538_armgcc/openapps/opencoap/cborencoder.c **** uint8_t
  82:build/openmote-cc2538_armgcc/openapps/opencoap/cborencoder.c **** cborencoder_put_map(uint8_t *buffer, uint8_t elements) {
 435              		.loc 1 82 0
 436              		.cfi_startproc
 437              		@ args = 0, pretend = 0, frame = 16
 438              		@ frame_needed = 1, uses_anonymous_args = 0
 439              		@ link register save eliminated.
 440 01c4 80B4     		push	{r7}
 441              		.cfi_def_cfa_offset 4
 442              		.cfi_offset 7, -4
 443 01c6 85B0     		sub	sp, sp, #20
 444              		.cfi_def_cfa_offset 24
 445 01c8 00AF     		add	r7, sp, #0
 446              		.cfi_def_cfa_register 7
 447 01ca 7860     		str	r0, [r7, #4]
 448 01cc 0B46     		mov	r3, r1
 449 01ce FB70     		strb	r3, [r7, #3]
  83:build/openmote-cc2538_armgcc/openapps/opencoap/cborencoder.c ****     uint8_t ret = 0;
 450              		.loc 1 83 0
 451 01d0 0023     		movs	r3, #0
 452 01d2 FB73     		strb	r3, [r7, #15]
  84:build/openmote-cc2538_armgcc/openapps/opencoap/cborencoder.c **** 
  85:build/openmote-cc2538_armgcc/openapps/opencoap/cborencoder.c ****     if(elements > 15){
 453              		.loc 1 85 0
 454 01d4 FB78     		ldrb	r3, [r7, #3]	@ zero_extendqisi2
 455 01d6 0F2B     		cmp	r3, #15
 456 01d8 01D9     		bls	.L20
  86:build/openmote-cc2538_armgcc/openapps/opencoap/cborencoder.c ****         return 0;
 457              		.loc 1 86 0
 458 01da 0023     		movs	r3, #0
 459 01dc 0BE0     		b	.L21
 460              	.L20:
  87:build/openmote-cc2538_armgcc/openapps/opencoap/cborencoder.c ****     }
  88:build/openmote-cc2538_armgcc/openapps/opencoap/cborencoder.c **** 
  89:build/openmote-cc2538_armgcc/openapps/opencoap/cborencoder.c ****     buffer[ret++] = (0xa0 | elements);
 461              		.loc 1 89 0
 462 01de FB7B     		ldrb	r3, [r7, #15]	@ zero_extendqisi2
 463 01e0 5A1C     		adds	r2, r3, #1
 464 01e2 FA73     		strb	r2, [r7, #15]
 465 01e4 1A46     		mov	r2, r3
 466 01e6 7B68     		ldr	r3, [r7, #4]
 467 01e8 1344     		add	r3, r3, r2
 468 01ea FA78     		ldrb	r2, [r7, #3]
 469 01ec 62F05F02 		orn	r2, r2, #95
 470 01f0 D2B2     		uxtb	r2, r2
 471 01f2 1A70     		strb	r2, [r3]
  90:build/openmote-cc2538_armgcc/openapps/opencoap/cborencoder.c ****     return ret;
 472              		.loc 1 90 0
 473 01f4 FB7B     		ldrb	r3, [r7, #15]	@ zero_extendqisi2
 474              	.L21:
  91:build/openmote-cc2538_armgcc/openapps/opencoap/cborencoder.c **** }
 475              		.loc 1 91 0
 476 01f6 1846     		mov	r0, r3
 477 01f8 1437     		adds	r7, r7, #20
 478              		.cfi_def_cfa_offset 4
 479 01fa BD46     		mov	sp, r7
 480              		.cfi_def_cfa_register 13
 481              		@ sp needed
 482 01fc 5DF8047B 		ldr	r7, [sp], #4
 483              		.cfi_restore 7
 484              		.cfi_def_cfa_offset 0
 485 0200 7047     		bx	lr
 486              		.cfi_endproc
 487              	.LFE5:
 489              	.Letext0:
 490              		.file 2 "/usr/include/newlib/machine/_default_types.h"
 491              		.file 3 "/usr/include/newlib/sys/_stdint.h"
 492              		.file 4 "bsp/boards/openmote-cc2538/board_info.h"
 493              		.file 5 "inc/opendefs.h"
DEFINED SYMBOLS
                            *ABS*:0000000000000000 cborencoder.c
     /tmp/ccXAjFXI.s:19     .rodata:0000000000000000 $d
     /tmp/ccXAjFXI.s:22     .rodata:0000000000000000 rreg_uriquery
     /tmp/ccXAjFXI.s:27     .rodata:0000000000000008 infoBoardname
     /tmp/ccXAjFXI.s:32     .rodata:0000000000000010 infouCName
     /tmp/ccXAjFXI.s:37     .rodata:0000000000000018 infoRadioName
     /tmp/ccXAjFXI.s:42     .rodata:0000000000000024 infoStackName
     /tmp/ccXAjFXI.s:45     .text:0000000000000000 $t
     /tmp/ccXAjFXI.s:50     .text:0000000000000000 cborencoder_put_text
     /tmp/ccXAjFXI.s:149    .text:0000000000000080 cborencoder_put_array
     /tmp/ccXAjFXI.s:210    .text:00000000000000c0 cborencoder_put_bytes
     /tmp/ccXAjFXI.s:308    .text:0000000000000140 cborencoder_put_unsigned
     /tmp/ccXAjFXI.s:385    .text:0000000000000198 cborencoder_put_null
     /tmp/ccXAjFXI.s:433    .text:00000000000001c4 cborencoder_put_map
                     .debug_frame:0000000000000010 $d
                           .group:0000000000000000 wm4.0.c64f62fd52e22d94e2a6dd9c07eeb43e
                           .group:0000000000000000 wm4.features.h.22.2e382148a0560adabf236cddd4e880f4
                           .group:0000000000000000 wm4._default_types.h.15.933e8edd27a65e0b69af4a865eb623d2
                           .group:0000000000000000 wm4._intsup.h.10.35a45952db64d30146faa63a55c20c1c
                           .group:0000000000000000 wm4._stdint.h.10.f76354baea1c7088202064e6f3d4f5e3
                           .group:0000000000000000 wm4.stdint.h.23.373a9d32a9e4c2e88fd347156532d281
                           .group:0000000000000000 wm4.toolchain_defs.h.2.e5fd326231d01413e5361944b26cde07
                           .group:0000000000000000 wm4.newlib.h.8.2702bca278809460f0af6fba1d84eb68
                           .group:0000000000000000 wm4.config.h.220.a09b0b0de3c25be3f39d71990e617bff
                           .group:0000000000000000 wm4._ansi.h.23.84af8eb8cd468d25cc5f45f5eb13ec51
                           .group:0000000000000000 wm4.stddef.h.39.daafd3d79fe2f3a84d2d73d7d4e706f8
                           .group:0000000000000000 wm4.lock.h.2.9bc98482741e5e2a9450b12934a684ea
                           .group:0000000000000000 wm4._types.h.54.d3d34a3b7f3cc230cd159baf022b4b08
                           .group:0000000000000000 wm4.stddef.h.158.61317cdbfb4026324507d123a50b0fd6
                           .group:0000000000000000 wm4.reent.h.17.8bd9e4098e0428508c282cad794fae43
                           .group:0000000000000000 wm4.cdefs.h.47.e6563c1c3863188ba4ac4eaa2c85b6f1
                           .group:0000000000000000 wm4.string.h.15.dab3980bf35408a4c507182805e2de3a
                           .group:0000000000000000 wm4.stddef.h.158.a7efb00f6cbc6f43213b50e183c9830c
                           .group:0000000000000000 wm4.stdbool.h.29.1c9ee6859ce8145f7838a4f2549ccec2
                           .group:0000000000000000 wm4.hw_types.h.67.b10589a0806dcc2d274d6fab6b736519
                           .group:0000000000000000 wm4.interrupt.h.41.272fc4ec0e276feb439e7974d0f77eaf
                           .group:0000000000000000 wm4.board_info.h.22.b5c65365e76c8378df4f4b0ed59cbc39
                           .group:0000000000000000 wm4.opendefs.h.23.47191652995b7fa35f12da40c3552cda

UNDEFINED SYMBOLS
memcpy
