   1              		.syntax unified
   2              		.cpu cortex-m3
   3              		.fpu softvfp
   4              		.eabi_attribute 20, 1
   5              		.eabi_attribute 21, 1
   6              		.eabi_attribute 23, 3
   7              		.eabi_attribute 24, 1
   8              		.eabi_attribute 25, 1
   9              		.eabi_attribute 26, 1
  10              		.eabi_attribute 30, 6
  11              		.eabi_attribute 34, 1
  12              		.eabi_attribute 18, 4
  13              		.thumb
  14              		.file	"usha.c"
  15              		.text
  16              	.Ltext0:
  17              		.cfi_sections	.debug_frame
  18              		.align	2
  19              		.global	USHAReset
  20              		.thumb
  21              		.thumb_func
  23              	USHAReset:
  24              	.LFB0:
  25              		.file 1 "build/openmote-cc2538_armgcc/openapps/opencoap/usha.c"
   1:build/openmote-cc2538_armgcc/openapps/opencoap/usha.c **** /**************************** usha.c ***************************/
   2:build/openmote-cc2538_armgcc/openapps/opencoap/usha.c **** /***************** See RFC 6234 for details. *******************/
   3:build/openmote-cc2538_armgcc/openapps/opencoap/usha.c **** /* Copyright (c) 2011 IETF Trust and the persons identified as */
   4:build/openmote-cc2538_armgcc/openapps/opencoap/usha.c **** /* authors of the code.  All rights reserved.                  */
   5:build/openmote-cc2538_armgcc/openapps/opencoap/usha.c **** /* See sha.h for terms of use and redistribution.              */
   6:build/openmote-cc2538_armgcc/openapps/opencoap/usha.c **** 
   7:build/openmote-cc2538_armgcc/openapps/opencoap/usha.c **** /*
   8:build/openmote-cc2538_armgcc/openapps/opencoap/usha.c ****  *  Description:
   9:build/openmote-cc2538_armgcc/openapps/opencoap/usha.c ****  *     This file implements a unified interface to the SHA algorithms.
  10:build/openmote-cc2538_armgcc/openapps/opencoap/usha.c ****  */
  11:build/openmote-cc2538_armgcc/openapps/opencoap/usha.c **** 
  12:build/openmote-cc2538_armgcc/openapps/opencoap/usha.c **** #include "sha.h"
  13:build/openmote-cc2538_armgcc/openapps/opencoap/usha.c **** 
  14:build/openmote-cc2538_armgcc/openapps/opencoap/usha.c **** /*
  15:build/openmote-cc2538_armgcc/openapps/opencoap/usha.c ****  *  USHAReset
  16:build/openmote-cc2538_armgcc/openapps/opencoap/usha.c ****  *
  17:build/openmote-cc2538_armgcc/openapps/opencoap/usha.c ****  *  Description:
  18:build/openmote-cc2538_armgcc/openapps/opencoap/usha.c ****  *      This function will initialize the SHA Context in preparation
  19:build/openmote-cc2538_armgcc/openapps/opencoap/usha.c ****  *      for computing a new SHA message digest.
  20:build/openmote-cc2538_armgcc/openapps/opencoap/usha.c ****  *
  21:build/openmote-cc2538_armgcc/openapps/opencoap/usha.c ****  *  Parameters:
  22:build/openmote-cc2538_armgcc/openapps/opencoap/usha.c ****  *      context: [in/out]
  23:build/openmote-cc2538_armgcc/openapps/opencoap/usha.c ****  *          The context to reset.
  24:build/openmote-cc2538_armgcc/openapps/opencoap/usha.c ****  *      whichSha: [in]
  25:build/openmote-cc2538_armgcc/openapps/opencoap/usha.c ****  *          Selects which SHA reset to call
  26:build/openmote-cc2538_armgcc/openapps/opencoap/usha.c ****  *
  27:build/openmote-cc2538_armgcc/openapps/opencoap/usha.c ****  *  Returns:
  28:build/openmote-cc2538_armgcc/openapps/opencoap/usha.c ****  *      sha Error Code.
  29:build/openmote-cc2538_armgcc/openapps/opencoap/usha.c ****  *
  30:build/openmote-cc2538_armgcc/openapps/opencoap/usha.c ****  */
  31:build/openmote-cc2538_armgcc/openapps/opencoap/usha.c **** int USHAReset(USHAContext *context, enum SHAversion whichSha)
  32:build/openmote-cc2538_armgcc/openapps/opencoap/usha.c **** {
  26              		.loc 1 32 0
  27              		.cfi_startproc
  28              		@ args = 0, pretend = 0, frame = 8
  29              		@ frame_needed = 1, uses_anonymous_args = 0
  30 0000 80B5     		push	{r7, lr}
  31              		.cfi_def_cfa_offset 8
  32              		.cfi_offset 7, -8
  33              		.cfi_offset 14, -4
  34 0002 82B0     		sub	sp, sp, #8
  35              		.cfi_def_cfa_offset 16
  36 0004 00AF     		add	r7, sp, #0
  37              		.cfi_def_cfa_register 7
  38 0006 7860     		str	r0, [r7, #4]
  39 0008 0B46     		mov	r3, r1
  40 000a FB70     		strb	r3, [r7, #3]
  33:build/openmote-cc2538_armgcc/openapps/opencoap/usha.c ****   if (!context) return shaNull;
  41              		.loc 1 33 0
  42 000c 7B68     		ldr	r3, [r7, #4]
  43 000e 002B     		cmp	r3, #0
  44 0010 01D1     		bne	.L2
  45              		.loc 1 33 0 is_stmt 0 discriminator 1
  46 0012 0123     		movs	r3, #1
  47 0014 0DE0     		b	.L3
  48              	.L2:
  34:build/openmote-cc2538_armgcc/openapps/opencoap/usha.c ****   context->whichSha = whichSha;
  49              		.loc 1 34 0 is_stmt 1
  50 0016 FA78     		ldrb	r2, [r7, #3]	@ zero_extendqisi2
  51 0018 7B68     		ldr	r3, [r7, #4]
  52 001a 1A60     		str	r2, [r3]
  35:build/openmote-cc2538_armgcc/openapps/opencoap/usha.c ****   switch (whichSha) {
  53              		.loc 1 35 0
  54 001c FB78     		ldrb	r3, [r7, #3]	@ zero_extendqisi2
  55 001e 022B     		cmp	r3, #2
  56 0020 06D1     		bne	.L6
  36:build/openmote-cc2538_armgcc/openapps/opencoap/usha.c ****   //  case SHA1:   return SHA1Reset((SHA1Context*)&context->ctx);
  37:build/openmote-cc2538_armgcc/openapps/opencoap/usha.c ****   //  case SHA224: return SHA224Reset((SHA224Context*)&context->ctx);
  38:build/openmote-cc2538_armgcc/openapps/opencoap/usha.c ****     case SHA256: return SHA256Reset((SHA256Context*)&context->ctx);
  57              		.loc 1 38 0
  58 0022 7B68     		ldr	r3, [r7, #4]
  59 0024 0833     		adds	r3, r3, #8
  60 0026 1846     		mov	r0, r3
  61 0028 FFF7FEFF 		bl	SHA256Reset
  62 002c 0346     		mov	r3, r0
  63 002e 00E0     		b	.L3
  64              	.L6:
  39:build/openmote-cc2538_armgcc/openapps/opencoap/usha.c ****   //  case SHA384: return SHA384Reset((SHA384Context*)&context->ctx);
  40:build/openmote-cc2538_armgcc/openapps/opencoap/usha.c ****   //  case SHA512: return SHA512Reset((SHA512Context*)&context->ctx);
  41:build/openmote-cc2538_armgcc/openapps/opencoap/usha.c ****     default: return shaBadParam;
  65              		.loc 1 41 0
  66 0030 0423     		movs	r3, #4
  67              	.L3:
  42:build/openmote-cc2538_armgcc/openapps/opencoap/usha.c ****   }
  43:build/openmote-cc2538_armgcc/openapps/opencoap/usha.c **** }
  68              		.loc 1 43 0
  69 0032 1846     		mov	r0, r3
  70 0034 0837     		adds	r7, r7, #8
  71              		.cfi_def_cfa_offset 8
  72 0036 BD46     		mov	sp, r7
  73              		.cfi_def_cfa_register 13
  74              		@ sp needed
  75 0038 80BD     		pop	{r7, pc}
  76              		.cfi_endproc
  77              	.LFE0:
  79 003a 00BF     		.align	2
  80              		.global	USHAInput
  81              		.thumb
  82              		.thumb_func
  84              	USHAInput:
  85              	.LFB1:
  44:build/openmote-cc2538_armgcc/openapps/opencoap/usha.c **** 
  45:build/openmote-cc2538_armgcc/openapps/opencoap/usha.c **** /*
  46:build/openmote-cc2538_armgcc/openapps/opencoap/usha.c ****  *  USHAInput
  47:build/openmote-cc2538_armgcc/openapps/opencoap/usha.c ****  *
  48:build/openmote-cc2538_armgcc/openapps/opencoap/usha.c ****  *  Description:
  49:build/openmote-cc2538_armgcc/openapps/opencoap/usha.c ****  *      This function accepts an array of octets as the next portion
  50:build/openmote-cc2538_armgcc/openapps/opencoap/usha.c ****  *      of the message.
  51:build/openmote-cc2538_armgcc/openapps/opencoap/usha.c ****  *
  52:build/openmote-cc2538_armgcc/openapps/opencoap/usha.c ****  *  Parameters:
  53:build/openmote-cc2538_armgcc/openapps/opencoap/usha.c ****  *      context: [in/out]
  54:build/openmote-cc2538_armgcc/openapps/opencoap/usha.c ****  *          The SHA context to update.
  55:build/openmote-cc2538_armgcc/openapps/opencoap/usha.c ****  *      message_array: [in]
  56:build/openmote-cc2538_armgcc/openapps/opencoap/usha.c ****  *          An array of octets representing the next portion of
  57:build/openmote-cc2538_armgcc/openapps/opencoap/usha.c ****  *          the message.
  58:build/openmote-cc2538_armgcc/openapps/opencoap/usha.c ****  *      length: [in]
  59:build/openmote-cc2538_armgcc/openapps/opencoap/usha.c ****  *          The length of the message in message_array.
  60:build/openmote-cc2538_armgcc/openapps/opencoap/usha.c ****  *
  61:build/openmote-cc2538_armgcc/openapps/opencoap/usha.c ****  *  Returns:
  62:build/openmote-cc2538_armgcc/openapps/opencoap/usha.c ****  *      sha Error Code.
  63:build/openmote-cc2538_armgcc/openapps/opencoap/usha.c ****  *
  64:build/openmote-cc2538_armgcc/openapps/opencoap/usha.c ****  */
  65:build/openmote-cc2538_armgcc/openapps/opencoap/usha.c **** int USHAInput(USHAContext *context,
  66:build/openmote-cc2538_armgcc/openapps/opencoap/usha.c ****               const uint8_t *bytes, unsigned int bytecount)
  67:build/openmote-cc2538_armgcc/openapps/opencoap/usha.c **** {
  86              		.loc 1 67 0
  87              		.cfi_startproc
  88              		@ args = 0, pretend = 0, frame = 16
  89              		@ frame_needed = 1, uses_anonymous_args = 0
  90 003c 80B5     		push	{r7, lr}
  91              		.cfi_def_cfa_offset 8
  92              		.cfi_offset 7, -8
  93              		.cfi_offset 14, -4
  94 003e 84B0     		sub	sp, sp, #16
  95              		.cfi_def_cfa_offset 24
  96 0040 00AF     		add	r7, sp, #0
  97              		.cfi_def_cfa_register 7
  98 0042 F860     		str	r0, [r7, #12]
  99 0044 B960     		str	r1, [r7, #8]
 100 0046 7A60     		str	r2, [r7, #4]
  68:build/openmote-cc2538_armgcc/openapps/opencoap/usha.c ****   if (!context) return shaNull;
 101              		.loc 1 68 0
 102 0048 FB68     		ldr	r3, [r7, #12]
 103 004a 002B     		cmp	r3, #0
 104 004c 01D1     		bne	.L8
 105              		.loc 1 68 0 is_stmt 0 discriminator 1
 106 004e 0123     		movs	r3, #1
 107 0050 0DE0     		b	.L9
 108              	.L8:
  69:build/openmote-cc2538_armgcc/openapps/opencoap/usha.c ****   switch (context->whichSha) {
 109              		.loc 1 69 0 is_stmt 1
 110 0052 FB68     		ldr	r3, [r7, #12]
 111 0054 1B68     		ldr	r3, [r3]
 112 0056 022B     		cmp	r3, #2
 113 0058 08D1     		bne	.L12
  70:build/openmote-cc2538_armgcc/openapps/opencoap/usha.c ****     case SHA256:
  71:build/openmote-cc2538_armgcc/openapps/opencoap/usha.c ****       return SHA256Input((SHA256Context*)&context->ctx, bytes,
 114              		.loc 1 71 0
 115 005a FB68     		ldr	r3, [r7, #12]
 116 005c 0833     		adds	r3, r3, #8
 117 005e 1846     		mov	r0, r3
 118 0060 B968     		ldr	r1, [r7, #8]
 119 0062 7A68     		ldr	r2, [r7, #4]
 120 0064 FFF7FEFF 		bl	SHA256Input
 121 0068 0346     		mov	r3, r0
 122 006a 00E0     		b	.L9
 123              	.L12:
  72:build/openmote-cc2538_armgcc/openapps/opencoap/usha.c ****           bytecount);
  73:build/openmote-cc2538_armgcc/openapps/opencoap/usha.c ****     default: return shaBadParam;
 124              		.loc 1 73 0
 125 006c 0423     		movs	r3, #4
 126              	.L9:
  74:build/openmote-cc2538_armgcc/openapps/opencoap/usha.c ****   }
  75:build/openmote-cc2538_armgcc/openapps/opencoap/usha.c **** }
 127              		.loc 1 75 0
 128 006e 1846     		mov	r0, r3
 129 0070 1037     		adds	r7, r7, #16
 130              		.cfi_def_cfa_offset 8
 131 0072 BD46     		mov	sp, r7
 132              		.cfi_def_cfa_register 13
 133              		@ sp needed
 134 0074 80BD     		pop	{r7, pc}
 135              		.cfi_endproc
 136              	.LFE1:
 138 0076 00BF     		.align	2
 139              		.global	USHAFinalBits
 140              		.thumb
 141              		.thumb_func
 143              	USHAFinalBits:
 144              	.LFB2:
  76:build/openmote-cc2538_armgcc/openapps/opencoap/usha.c **** 
  77:build/openmote-cc2538_armgcc/openapps/opencoap/usha.c **** /*
  78:build/openmote-cc2538_armgcc/openapps/opencoap/usha.c ****  * USHAFinalBits
  79:build/openmote-cc2538_armgcc/openapps/opencoap/usha.c ****  *
  80:build/openmote-cc2538_armgcc/openapps/opencoap/usha.c ****  * Description:
  81:build/openmote-cc2538_armgcc/openapps/opencoap/usha.c ****  *   This function will add in any final bits of the message.
  82:build/openmote-cc2538_armgcc/openapps/opencoap/usha.c ****  *
  83:build/openmote-cc2538_armgcc/openapps/opencoap/usha.c ****  * Parameters:
  84:build/openmote-cc2538_armgcc/openapps/opencoap/usha.c ****  *   context: [in/out]
  85:build/openmote-cc2538_armgcc/openapps/opencoap/usha.c ****  *     The SHA context to update.
  86:build/openmote-cc2538_armgcc/openapps/opencoap/usha.c ****  *   message_bits: [in]
  87:build/openmote-cc2538_armgcc/openapps/opencoap/usha.c ****  *     The final bits of the message, in the upper portion of the
  88:build/openmote-cc2538_armgcc/openapps/opencoap/usha.c ****  *     byte.  (Use 0b###00000 instead of 0b00000### to input the
  89:build/openmote-cc2538_armgcc/openapps/opencoap/usha.c ****  *     three bits ###.)
  90:build/openmote-cc2538_armgcc/openapps/opencoap/usha.c ****  *   length: [in]
  91:build/openmote-cc2538_armgcc/openapps/opencoap/usha.c ****  *     The number of bits in message_bits, between 1 and 7.
  92:build/openmote-cc2538_armgcc/openapps/opencoap/usha.c ****  *
  93:build/openmote-cc2538_armgcc/openapps/opencoap/usha.c ****  * Returns:
  94:build/openmote-cc2538_armgcc/openapps/opencoap/usha.c ****  *   sha Error Code.
  95:build/openmote-cc2538_armgcc/openapps/opencoap/usha.c ****  */
  96:build/openmote-cc2538_armgcc/openapps/opencoap/usha.c **** int USHAFinalBits(USHAContext *context,
  97:build/openmote-cc2538_armgcc/openapps/opencoap/usha.c ****                   uint8_t bits, unsigned int bit_count)
  98:build/openmote-cc2538_armgcc/openapps/opencoap/usha.c **** {
 145              		.loc 1 98 0
 146              		.cfi_startproc
 147              		@ args = 0, pretend = 0, frame = 16
 148              		@ frame_needed = 1, uses_anonymous_args = 0
 149 0078 80B5     		push	{r7, lr}
 150              		.cfi_def_cfa_offset 8
 151              		.cfi_offset 7, -8
 152              		.cfi_offset 14, -4
 153 007a 84B0     		sub	sp, sp, #16
 154              		.cfi_def_cfa_offset 24
 155 007c 00AF     		add	r7, sp, #0
 156              		.cfi_def_cfa_register 7
 157 007e F860     		str	r0, [r7, #12]
 158 0080 0B46     		mov	r3, r1
 159 0082 7A60     		str	r2, [r7, #4]
 160 0084 FB72     		strb	r3, [r7, #11]
  99:build/openmote-cc2538_armgcc/openapps/opencoap/usha.c ****   if (!context) return shaNull;
 161              		.loc 1 99 0
 162 0086 FB68     		ldr	r3, [r7, #12]
 163 0088 002B     		cmp	r3, #0
 164 008a 01D1     		bne	.L14
 165              		.loc 1 99 0 is_stmt 0 discriminator 1
 166 008c 0123     		movs	r3, #1
 167 008e 0FE0     		b	.L15
 168              	.L14:
 100:build/openmote-cc2538_armgcc/openapps/opencoap/usha.c ****   switch (context->whichSha) {
 169              		.loc 1 100 0 is_stmt 1
 170 0090 FB68     		ldr	r3, [r7, #12]
 171 0092 1B68     		ldr	r3, [r3]
 172 0094 022B     		cmp	r3, #2
 173 0096 0AD1     		bne	.L18
 101:build/openmote-cc2538_armgcc/openapps/opencoap/usha.c ****     case SHA256:
 102:build/openmote-cc2538_armgcc/openapps/opencoap/usha.c ****       return SHA256FinalBits((SHA256Context*)&context->ctx, bits,
 174              		.loc 1 102 0
 175 0098 FB68     		ldr	r3, [r7, #12]
 176 009a 03F10802 		add	r2, r3, #8
 177 009e FB7A     		ldrb	r3, [r7, #11]	@ zero_extendqisi2
 178 00a0 1046     		mov	r0, r2
 179 00a2 1946     		mov	r1, r3
 180 00a4 7A68     		ldr	r2, [r7, #4]
 181 00a6 FFF7FEFF 		bl	SHA256FinalBits
 182 00aa 0346     		mov	r3, r0
 183 00ac 00E0     		b	.L15
 184              	.L18:
 103:build/openmote-cc2538_armgcc/openapps/opencoap/usha.c ****           bit_count);
 104:build/openmote-cc2538_armgcc/openapps/opencoap/usha.c ****     default: return shaBadParam;
 185              		.loc 1 104 0
 186 00ae 0423     		movs	r3, #4
 187              	.L15:
 105:build/openmote-cc2538_armgcc/openapps/opencoap/usha.c ****   }
 106:build/openmote-cc2538_armgcc/openapps/opencoap/usha.c **** }
 188              		.loc 1 106 0
 189 00b0 1846     		mov	r0, r3
 190 00b2 1037     		adds	r7, r7, #16
 191              		.cfi_def_cfa_offset 8
 192 00b4 BD46     		mov	sp, r7
 193              		.cfi_def_cfa_register 13
 194              		@ sp needed
 195 00b6 80BD     		pop	{r7, pc}
 196              		.cfi_endproc
 197              	.LFE2:
 199              		.align	2
 200              		.global	USHAResult
 201              		.thumb
 202              		.thumb_func
 204              	USHAResult:
 205              	.LFB3:
 107:build/openmote-cc2538_armgcc/openapps/opencoap/usha.c **** 
 108:build/openmote-cc2538_armgcc/openapps/opencoap/usha.c **** /*
 109:build/openmote-cc2538_armgcc/openapps/opencoap/usha.c ****  * USHAResult
 110:build/openmote-cc2538_armgcc/openapps/opencoap/usha.c ****  *
 111:build/openmote-cc2538_armgcc/openapps/opencoap/usha.c ****  * Description:
 112:build/openmote-cc2538_armgcc/openapps/opencoap/usha.c ****  *   This function will return the message digest of the appropriate
 113:build/openmote-cc2538_armgcc/openapps/opencoap/usha.c ****  *   bit size, as returned by USHAHashSizeBits(whichSHA) for the
 114:build/openmote-cc2538_armgcc/openapps/opencoap/usha.c ****  *   'whichSHA' value used in the preceeding call to USHAReset,
 115:build/openmote-cc2538_armgcc/openapps/opencoap/usha.c ****  *   into the Message_Digest array provided by the caller.
 116:build/openmote-cc2538_armgcc/openapps/opencoap/usha.c ****  *
 117:build/openmote-cc2538_armgcc/openapps/opencoap/usha.c ****  * Parameters:
 118:build/openmote-cc2538_armgcc/openapps/opencoap/usha.c ****  *   context: [in/out]
 119:build/openmote-cc2538_armgcc/openapps/opencoap/usha.c ****  *     The context to use to calculate the SHA-1 hash.
 120:build/openmote-cc2538_armgcc/openapps/opencoap/usha.c ****  *   Message_Digest: [out]
 121:build/openmote-cc2538_armgcc/openapps/opencoap/usha.c ****  *     Where the digest is returned.
 122:build/openmote-cc2538_armgcc/openapps/opencoap/usha.c ****  *
 123:build/openmote-cc2538_armgcc/openapps/opencoap/usha.c ****  * Returns:
 124:build/openmote-cc2538_armgcc/openapps/opencoap/usha.c ****  *   sha Error Code.
 125:build/openmote-cc2538_armgcc/openapps/opencoap/usha.c ****  *
 126:build/openmote-cc2538_armgcc/openapps/opencoap/usha.c ****  */
 127:build/openmote-cc2538_armgcc/openapps/opencoap/usha.c **** int USHAResult(USHAContext *context,
 128:build/openmote-cc2538_armgcc/openapps/opencoap/usha.c ****                uint8_t Message_Digest[USHAMaxHashSize])
 129:build/openmote-cc2538_armgcc/openapps/opencoap/usha.c **** {
 206              		.loc 1 129 0
 207              		.cfi_startproc
 208              		@ args = 0, pretend = 0, frame = 8
 209              		@ frame_needed = 1, uses_anonymous_args = 0
 210 00b8 80B5     		push	{r7, lr}
 211              		.cfi_def_cfa_offset 8
 212              		.cfi_offset 7, -8
 213              		.cfi_offset 14, -4
 214 00ba 82B0     		sub	sp, sp, #8
 215              		.cfi_def_cfa_offset 16
 216 00bc 00AF     		add	r7, sp, #0
 217              		.cfi_def_cfa_register 7
 218 00be 7860     		str	r0, [r7, #4]
 219 00c0 3960     		str	r1, [r7]
 130:build/openmote-cc2538_armgcc/openapps/opencoap/usha.c ****   if (!context) return shaNull;
 220              		.loc 1 130 0
 221 00c2 7B68     		ldr	r3, [r7, #4]
 222 00c4 002B     		cmp	r3, #0
 223 00c6 01D1     		bne	.L20
 224              		.loc 1 130 0 is_stmt 0 discriminator 1
 225 00c8 0123     		movs	r3, #1
 226 00ca 0CE0     		b	.L21
 227              	.L20:
 131:build/openmote-cc2538_armgcc/openapps/opencoap/usha.c ****   switch (context->whichSha) {
 228              		.loc 1 131 0 is_stmt 1
 229 00cc 7B68     		ldr	r3, [r7, #4]
 230 00ce 1B68     		ldr	r3, [r3]
 231 00d0 022B     		cmp	r3, #2
 232 00d2 07D1     		bne	.L24
 132:build/openmote-cc2538_armgcc/openapps/opencoap/usha.c ****     case SHA256:
 133:build/openmote-cc2538_armgcc/openapps/opencoap/usha.c ****       return SHA256Result((SHA256Context*)&context->ctx,
 233              		.loc 1 133 0
 234 00d4 7B68     		ldr	r3, [r7, #4]
 235 00d6 0833     		adds	r3, r3, #8
 236 00d8 1846     		mov	r0, r3
 237 00da 3968     		ldr	r1, [r7]
 238 00dc FFF7FEFF 		bl	SHA256Result
 239 00e0 0346     		mov	r3, r0
 240 00e2 00E0     		b	.L21
 241              	.L24:
 134:build/openmote-cc2538_armgcc/openapps/opencoap/usha.c ****                           Message_Digest);
 135:build/openmote-cc2538_armgcc/openapps/opencoap/usha.c ****     default: return shaBadParam;
 242              		.loc 1 135 0
 243 00e4 0423     		movs	r3, #4
 244              	.L21:
 136:build/openmote-cc2538_armgcc/openapps/opencoap/usha.c ****   }
 137:build/openmote-cc2538_armgcc/openapps/opencoap/usha.c **** }
 245              		.loc 1 137 0
 246 00e6 1846     		mov	r0, r3
 247 00e8 0837     		adds	r7, r7, #8
 248              		.cfi_def_cfa_offset 8
 249 00ea BD46     		mov	sp, r7
 250              		.cfi_def_cfa_register 13
 251              		@ sp needed
 252 00ec 80BD     		pop	{r7, pc}
 253              		.cfi_endproc
 254              	.LFE3:
 256 00ee 00BF     		.align	2
 257              		.global	USHABlockSize
 258              		.thumb
 259              		.thumb_func
 261              	USHABlockSize:
 262              	.LFB4:
 138:build/openmote-cc2538_armgcc/openapps/opencoap/usha.c **** 
 139:build/openmote-cc2538_armgcc/openapps/opencoap/usha.c **** /*
 140:build/openmote-cc2538_armgcc/openapps/opencoap/usha.c ****  * USHABlockSize
 141:build/openmote-cc2538_armgcc/openapps/opencoap/usha.c ****  *
 142:build/openmote-cc2538_armgcc/openapps/opencoap/usha.c ****  * Description:
 143:build/openmote-cc2538_armgcc/openapps/opencoap/usha.c ****  *   This function will return the blocksize for the given SHA
 144:build/openmote-cc2538_armgcc/openapps/opencoap/usha.c ****  *   algorithm.
 145:build/openmote-cc2538_armgcc/openapps/opencoap/usha.c ****  *
 146:build/openmote-cc2538_armgcc/openapps/opencoap/usha.c ****  * Parameters:
 147:build/openmote-cc2538_armgcc/openapps/opencoap/usha.c ****  *   whichSha:
 148:build/openmote-cc2538_armgcc/openapps/opencoap/usha.c ****  *     which SHA algorithm to query
 149:build/openmote-cc2538_armgcc/openapps/opencoap/usha.c ****  *
 150:build/openmote-cc2538_armgcc/openapps/opencoap/usha.c ****  * Returns:
 151:build/openmote-cc2538_armgcc/openapps/opencoap/usha.c ****  *   block size
 152:build/openmote-cc2538_armgcc/openapps/opencoap/usha.c ****  *
 153:build/openmote-cc2538_armgcc/openapps/opencoap/usha.c ****  */
 154:build/openmote-cc2538_armgcc/openapps/opencoap/usha.c **** int USHABlockSize(enum SHAversion whichSha)
 155:build/openmote-cc2538_armgcc/openapps/opencoap/usha.c **** {
 263              		.loc 1 155 0
 264              		.cfi_startproc
 265              		@ args = 0, pretend = 0, frame = 8
 266              		@ frame_needed = 1, uses_anonymous_args = 0
 267              		@ link register save eliminated.
 268 00f0 80B4     		push	{r7}
 269              		.cfi_def_cfa_offset 4
 270              		.cfi_offset 7, -4
 271 00f2 83B0     		sub	sp, sp, #12
 272              		.cfi_def_cfa_offset 16
 273 00f4 00AF     		add	r7, sp, #0
 274              		.cfi_def_cfa_register 7
 275 00f6 0346     		mov	r3, r0
 276 00f8 FB71     		strb	r3, [r7, #7]
 156:build/openmote-cc2538_armgcc/openapps/opencoap/usha.c ****   switch (whichSha) {
 277              		.loc 1 156 0
 278 00fa FB79     		ldrb	r3, [r7, #7]	@ zero_extendqisi2
 279 00fc 022B     		cmp	r3, #2
 280 00fe 01D1     		bne	.L29
 157:build/openmote-cc2538_armgcc/openapps/opencoap/usha.c ****     case SHA256: return SHA256_Message_Block_Size;
 281              		.loc 1 157 0
 282 0100 4023     		movs	r3, #64
 283 0102 00E0     		b	.L28
 284              	.L29:
 158:build/openmote-cc2538_armgcc/openapps/opencoap/usha.c ****     default: return 0;
 285              		.loc 1 158 0
 286 0104 0023     		movs	r3, #0
 287              	.L28:
 159:build/openmote-cc2538_armgcc/openapps/opencoap/usha.c ****   }
 160:build/openmote-cc2538_armgcc/openapps/opencoap/usha.c **** }
 288              		.loc 1 160 0
 289 0106 1846     		mov	r0, r3
 290 0108 0C37     		adds	r7, r7, #12
 291              		.cfi_def_cfa_offset 4
 292 010a BD46     		mov	sp, r7
 293              		.cfi_def_cfa_register 13
 294              		@ sp needed
 295 010c 5DF8047B 		ldr	r7, [sp], #4
 296              		.cfi_restore 7
 297              		.cfi_def_cfa_offset 0
 298 0110 7047     		bx	lr
 299              		.cfi_endproc
 300              	.LFE4:
 302 0112 00BF     		.align	2
 303              		.global	USHAHashSize
 304              		.thumb
 305              		.thumb_func
 307              	USHAHashSize:
 308              	.LFB5:
 161:build/openmote-cc2538_armgcc/openapps/opencoap/usha.c **** 
 162:build/openmote-cc2538_armgcc/openapps/opencoap/usha.c **** /*
 163:build/openmote-cc2538_armgcc/openapps/opencoap/usha.c ****  * USHAHashSize
 164:build/openmote-cc2538_armgcc/openapps/opencoap/usha.c ****  *
 165:build/openmote-cc2538_armgcc/openapps/opencoap/usha.c ****  * Description:
 166:build/openmote-cc2538_armgcc/openapps/opencoap/usha.c ****  *   This function will return the hashsize for the given SHA
 167:build/openmote-cc2538_armgcc/openapps/opencoap/usha.c ****  *   algorithm.
 168:build/openmote-cc2538_armgcc/openapps/opencoap/usha.c ****  *
 169:build/openmote-cc2538_armgcc/openapps/opencoap/usha.c ****  * Parameters:
 170:build/openmote-cc2538_armgcc/openapps/opencoap/usha.c ****  *   whichSha:
 171:build/openmote-cc2538_armgcc/openapps/opencoap/usha.c ****  *     which SHA algorithm to query
 172:build/openmote-cc2538_armgcc/openapps/opencoap/usha.c ****  *
 173:build/openmote-cc2538_armgcc/openapps/opencoap/usha.c ****  * Returns:
 174:build/openmote-cc2538_armgcc/openapps/opencoap/usha.c ****  *   hash size
 175:build/openmote-cc2538_armgcc/openapps/opencoap/usha.c ****  *
 176:build/openmote-cc2538_armgcc/openapps/opencoap/usha.c ****  */
 177:build/openmote-cc2538_armgcc/openapps/opencoap/usha.c **** int USHAHashSize(enum SHAversion whichSha)
 178:build/openmote-cc2538_armgcc/openapps/opencoap/usha.c **** {
 309              		.loc 1 178 0
 310              		.cfi_startproc
 311              		@ args = 0, pretend = 0, frame = 8
 312              		@ frame_needed = 1, uses_anonymous_args = 0
 313              		@ link register save eliminated.
 314 0114 80B4     		push	{r7}
 315              		.cfi_def_cfa_offset 4
 316              		.cfi_offset 7, -4
 317 0116 83B0     		sub	sp, sp, #12
 318              		.cfi_def_cfa_offset 16
 319 0118 00AF     		add	r7, sp, #0
 320              		.cfi_def_cfa_register 7
 321 011a 0346     		mov	r3, r0
 322 011c FB71     		strb	r3, [r7, #7]
 179:build/openmote-cc2538_armgcc/openapps/opencoap/usha.c ****   switch (whichSha) {
 323              		.loc 1 179 0
 324 011e FB79     		ldrb	r3, [r7, #7]	@ zero_extendqisi2
 325 0120 022B     		cmp	r3, #2
 326 0122 01D1     		bne	.L34
 180:build/openmote-cc2538_armgcc/openapps/opencoap/usha.c ****     case SHA256: return SHA256HashSize;
 327              		.loc 1 180 0
 328 0124 2023     		movs	r3, #32
 329 0126 00E0     		b	.L33
 330              	.L34:
 181:build/openmote-cc2538_armgcc/openapps/opencoap/usha.c ****     default: return 0;
 331              		.loc 1 181 0
 332 0128 0023     		movs	r3, #0
 333              	.L33:
 182:build/openmote-cc2538_armgcc/openapps/opencoap/usha.c ****   }
 183:build/openmote-cc2538_armgcc/openapps/opencoap/usha.c **** }
 334              		.loc 1 183 0
 335 012a 1846     		mov	r0, r3
 336 012c 0C37     		adds	r7, r7, #12
 337              		.cfi_def_cfa_offset 4
 338 012e BD46     		mov	sp, r7
 339              		.cfi_def_cfa_register 13
 340              		@ sp needed
 341 0130 5DF8047B 		ldr	r7, [sp], #4
 342              		.cfi_restore 7
 343              		.cfi_def_cfa_offset 0
 344 0134 7047     		bx	lr
 345              		.cfi_endproc
 346              	.LFE5:
 348 0136 00BF     		.align	2
 349              		.global	USHAHashSizeBits
 350              		.thumb
 351              		.thumb_func
 353              	USHAHashSizeBits:
 354              	.LFB6:
 184:build/openmote-cc2538_armgcc/openapps/opencoap/usha.c **** 
 185:build/openmote-cc2538_armgcc/openapps/opencoap/usha.c **** /*
 186:build/openmote-cc2538_armgcc/openapps/opencoap/usha.c ****  * USHAHashSizeBits
 187:build/openmote-cc2538_armgcc/openapps/opencoap/usha.c ****  *
 188:build/openmote-cc2538_armgcc/openapps/opencoap/usha.c ****  * Description:
 189:build/openmote-cc2538_armgcc/openapps/opencoap/usha.c ****  *   This function will return the hashsize for the given SHA
 190:build/openmote-cc2538_armgcc/openapps/opencoap/usha.c ****  *   algorithm, expressed in bits.
 191:build/openmote-cc2538_armgcc/openapps/opencoap/usha.c ****  *
 192:build/openmote-cc2538_armgcc/openapps/opencoap/usha.c ****  * Parameters:
 193:build/openmote-cc2538_armgcc/openapps/opencoap/usha.c ****  *   whichSha:
 194:build/openmote-cc2538_armgcc/openapps/opencoap/usha.c ****  *     which SHA algorithm to query
 195:build/openmote-cc2538_armgcc/openapps/opencoap/usha.c ****  *
 196:build/openmote-cc2538_armgcc/openapps/opencoap/usha.c ****  * Returns:
 197:build/openmote-cc2538_armgcc/openapps/opencoap/usha.c ****  *   hash size in bits
 198:build/openmote-cc2538_armgcc/openapps/opencoap/usha.c ****  *
 199:build/openmote-cc2538_armgcc/openapps/opencoap/usha.c ****  */
 200:build/openmote-cc2538_armgcc/openapps/opencoap/usha.c **** int USHAHashSizeBits(enum SHAversion whichSha)
 201:build/openmote-cc2538_armgcc/openapps/opencoap/usha.c **** {
 355              		.loc 1 201 0
 356              		.cfi_startproc
 357              		@ args = 0, pretend = 0, frame = 8
 358              		@ frame_needed = 1, uses_anonymous_args = 0
 359              		@ link register save eliminated.
 360 0138 80B4     		push	{r7}
 361              		.cfi_def_cfa_offset 4
 362              		.cfi_offset 7, -4
 363 013a 83B0     		sub	sp, sp, #12
 364              		.cfi_def_cfa_offset 16
 365 013c 00AF     		add	r7, sp, #0
 366              		.cfi_def_cfa_register 7
 367 013e 0346     		mov	r3, r0
 368 0140 FB71     		strb	r3, [r7, #7]
 202:build/openmote-cc2538_armgcc/openapps/opencoap/usha.c ****   switch (whichSha) {
 369              		.loc 1 202 0
 370 0142 FB79     		ldrb	r3, [r7, #7]	@ zero_extendqisi2
 371 0144 022B     		cmp	r3, #2
 372 0146 02D1     		bne	.L39
 203:build/openmote-cc2538_armgcc/openapps/opencoap/usha.c ****     case SHA256: return SHA256HashSizeBits;
 373              		.loc 1 203 0
 374 0148 4FF48073 		mov	r3, #256
 375 014c 00E0     		b	.L38
 376              	.L39:
 204:build/openmote-cc2538_armgcc/openapps/opencoap/usha.c ****     default: return 0;
 377              		.loc 1 204 0
 378 014e 0023     		movs	r3, #0
 379              	.L38:
 205:build/openmote-cc2538_armgcc/openapps/opencoap/usha.c ****   }
 206:build/openmote-cc2538_armgcc/openapps/opencoap/usha.c **** }
 380              		.loc 1 206 0
 381 0150 1846     		mov	r0, r3
 382 0152 0C37     		adds	r7, r7, #12
 383              		.cfi_def_cfa_offset 4
 384 0154 BD46     		mov	sp, r7
 385              		.cfi_def_cfa_register 13
 386              		@ sp needed
 387 0156 5DF8047B 		ldr	r7, [sp], #4
 388              		.cfi_restore 7
 389              		.cfi_def_cfa_offset 0
 390 015a 7047     		bx	lr
 391              		.cfi_endproc
 392              	.LFE6:
 394              		.section	.rodata
 395              		.align	2
 396              	.LC0:
 397 0000 53484132 		.ascii	"SHA256\000"
 397      353600
 398              		.text
 399              		.align	2
 400              		.global	USHAHashName
 401              		.thumb
 402              		.thumb_func
 404              	USHAHashName:
 405              	.LFB7:
 207:build/openmote-cc2538_armgcc/openapps/opencoap/usha.c **** 
 208:build/openmote-cc2538_armgcc/openapps/opencoap/usha.c **** /*
 209:build/openmote-cc2538_armgcc/openapps/opencoap/usha.c ****  * USHAHashName
 210:build/openmote-cc2538_armgcc/openapps/opencoap/usha.c ****  *
 211:build/openmote-cc2538_armgcc/openapps/opencoap/usha.c ****  * Description:
 212:build/openmote-cc2538_armgcc/openapps/opencoap/usha.c ****  *   This function will return the name of the given SHA algorithm
 213:build/openmote-cc2538_armgcc/openapps/opencoap/usha.c ****  *   as a string.
 214:build/openmote-cc2538_armgcc/openapps/opencoap/usha.c ****  *
 215:build/openmote-cc2538_armgcc/openapps/opencoap/usha.c ****  * Parameters:
 216:build/openmote-cc2538_armgcc/openapps/opencoap/usha.c ****  *   whichSha:
 217:build/openmote-cc2538_armgcc/openapps/opencoap/usha.c ****  *     which SHA algorithm to query
 218:build/openmote-cc2538_armgcc/openapps/opencoap/usha.c ****  *
 219:build/openmote-cc2538_armgcc/openapps/opencoap/usha.c ****  * Returns:
 220:build/openmote-cc2538_armgcc/openapps/opencoap/usha.c ****  *   character string with the name in it
 221:build/openmote-cc2538_armgcc/openapps/opencoap/usha.c ****  *
 222:build/openmote-cc2538_armgcc/openapps/opencoap/usha.c ****  */
 223:build/openmote-cc2538_armgcc/openapps/opencoap/usha.c **** const char *USHAHashName(enum SHAversion whichSha)
 224:build/openmote-cc2538_armgcc/openapps/opencoap/usha.c **** {
 406              		.loc 1 224 0
 407              		.cfi_startproc
 408              		@ args = 0, pretend = 0, frame = 8
 409              		@ frame_needed = 1, uses_anonymous_args = 0
 410              		@ link register save eliminated.
 411 015c 80B4     		push	{r7}
 412              		.cfi_def_cfa_offset 4
 413              		.cfi_offset 7, -4
 414 015e 83B0     		sub	sp, sp, #12
 415              		.cfi_def_cfa_offset 16
 416 0160 00AF     		add	r7, sp, #0
 417              		.cfi_def_cfa_register 7
 418 0162 0346     		mov	r3, r0
 419 0164 FB71     		strb	r3, [r7, #7]
 225:build/openmote-cc2538_armgcc/openapps/opencoap/usha.c ****   switch (whichSha) {
 420              		.loc 1 225 0
 421 0166 FB79     		ldrb	r3, [r7, #7]	@ zero_extendqisi2
 422 0168 022B     		cmp	r3, #2
 423 016a 01D1     		bne	.L44
 226:build/openmote-cc2538_armgcc/openapps/opencoap/usha.c ****     case SHA256: return "SHA256";
 424              		.loc 1 226 0
 425 016c 044B     		ldr	r3, .L45
 426 016e 00E0     		b	.L43
 427              	.L44:
 227:build/openmote-cc2538_armgcc/openapps/opencoap/usha.c ****     default: return 0;
 428              		.loc 1 227 0
 429 0170 0023     		movs	r3, #0
 430              	.L43:
 228:build/openmote-cc2538_armgcc/openapps/opencoap/usha.c ****   }
 229:build/openmote-cc2538_armgcc/openapps/opencoap/usha.c **** }
 431              		.loc 1 229 0
 432 0172 1846     		mov	r0, r3
 433 0174 0C37     		adds	r7, r7, #12
 434              		.cfi_def_cfa_offset 4
 435 0176 BD46     		mov	sp, r7
 436              		.cfi_def_cfa_register 13
 437              		@ sp needed
 438 0178 5DF8047B 		ldr	r7, [sp], #4
 439              		.cfi_restore 7
 440              		.cfi_def_cfa_offset 0
 441 017c 7047     		bx	lr
 442              	.L46:
 443 017e 00BF     		.align	2
 444              	.L45:
 445 0180 00000000 		.word	.LC0
 446              		.cfi_endproc
 447              	.LFE7:
 449              	.Letext0:
 450              		.file 2 "/usr/include/newlib/machine/_default_types.h"
 451              		.file 3 "/usr/include/newlib/sys/_stdint.h"
 452              		.file 4 "/usr/include/newlib/stdint.h"
 453              		.file 5 "build/openmote-cc2538_armgcc/openapps/opencoap/sha.h"
DEFINED SYMBOLS
                            *ABS*:0000000000000000 usha.c
     /tmp/ccMhOvkZ.s:18     .text:0000000000000000 $t
     /tmp/ccMhOvkZ.s:23     .text:0000000000000000 USHAReset
     /tmp/ccMhOvkZ.s:84     .text:000000000000003c USHAInput
     /tmp/ccMhOvkZ.s:143    .text:0000000000000078 USHAFinalBits
     /tmp/ccMhOvkZ.s:204    .text:00000000000000b8 USHAResult
     /tmp/ccMhOvkZ.s:261    .text:00000000000000f0 USHABlockSize
     /tmp/ccMhOvkZ.s:307    .text:0000000000000114 USHAHashSize
     /tmp/ccMhOvkZ.s:353    .text:0000000000000138 USHAHashSizeBits
     /tmp/ccMhOvkZ.s:395    .rodata:0000000000000000 $d
     /tmp/ccMhOvkZ.s:404    .text:000000000000015c USHAHashName
     /tmp/ccMhOvkZ.s:445    .text:0000000000000180 $d
                     .debug_frame:0000000000000010 $d
                           .group:0000000000000000 wm4.0.c64f62fd52e22d94e2a6dd9c07eeb43e
                           .group:0000000000000000 wm4.features.h.22.2e382148a0560adabf236cddd4e880f4
                           .group:0000000000000000 wm4._default_types.h.15.933e8edd27a65e0b69af4a865eb623d2
                           .group:0000000000000000 wm4._intsup.h.10.35a45952db64d30146faa63a55c20c1c
                           .group:0000000000000000 wm4._stdint.h.10.f76354baea1c7088202064e6f3d4f5e3
                           .group:0000000000000000 wm4.stdint.h.23.373a9d32a9e4c2e88fd347156532d281

UNDEFINED SYMBOLS
SHA256Reset
SHA256Input
SHA256FinalBits
SHA256Result
