   1              		.syntax unified
   2              		.cpu cortex-m3
   3              		.fpu softvfp
   4              		.eabi_attribute 20, 1
   5              		.eabi_attribute 21, 1
   6              		.eabi_attribute 23, 3
   7              		.eabi_attribute 24, 1
   8              		.eabi_attribute 25, 1
   9              		.eabi_attribute 26, 1
  10              		.eabi_attribute 30, 6
  11              		.eabi_attribute 34, 1
  12              		.eabi_attribute 18, 4
  13              		.thumb
  14              		.file	"msf.c"
  15              		.text
  16              	.Ltext0:
  17              		.cfi_sections	.debug_frame
  18              		.section	.rodata
  19              		.align	2
  22              	rreg_uriquery:
  23 0000 683D7563 		.ascii	"h=ucb\000"
  23      6200
  24 0006 0000     		.align	2
  27              	infoBoardname:
  28 0008 43433235 		.ascii	"CC2538\000"
  28      333800
  29 000f 00       		.align	2
  32              	infouCName:
  33 0010 43433235 		.ascii	"CC2538\000"
  33      333800
  34 0017 00       		.align	2
  37              	infoRadioName:
  38 0018 43433235 		.ascii	"CC2538 SoC\000"
  38      33382053 
  38      6F4300
  39 0023 00       		.align	2
  42              	infoStackName:
  43 0024 4F70656E 		.ascii	"OpenWSN \000"
  43      57534E20 
  43      00
  44 002d 000000   		.align	2
  47              	all_routers_multicast:
  48 0030 FF       		.byte	-1
  49 0031 02       		.byte	2
  50 0032 00       		.byte	0
  51 0033 00       		.byte	0
  52 0034 00       		.byte	0
  53 0035 00       		.byte	0
  54 0036 00       		.byte	0
  55 0037 00       		.byte	0
  56 0038 00       		.byte	0
  57 0039 00       		.byte	0
  58 003a 00       		.byte	0
  59 003b 00       		.byte	0
  60 003c 00       		.byte	0
  61 003d 00       		.byte	0
  62 003e 00       		.byte	0
  63 003f 1A       		.byte	26
  64              		.align	2
  67              	linklocalprefix:
  68 0040 FE       		.byte	-2
  69 0041 80       		.byte	-128
  70 0042 00       		.byte	0
  71 0043 00       		.byte	0
  72 0044 00       		.byte	0
  73 0045 00       		.byte	0
  74 0046 00       		.byte	0
  75 0047 00       		.byte	0
  76              		.align	2
  79              	chTemplate_default:
  80 0048 05       		.byte	5
  81 0049 06       		.byte	6
  82 004a 0C       		.byte	12
  83 004b 07       		.byte	7
  84 004c 0F       		.byte	15
  85 004d 04       		.byte	4
  86 004e 0E       		.byte	14
  87 004f 0B       		.byte	11
  88 0050 08       		.byte	8
  89 0051 00       		.byte	0
  90 0052 01       		.byte	1
  91 0053 02       		.byte	2
  92 0054 0D       		.byte	13
  93 0055 03       		.byte	3
  94 0056 09       		.byte	9
  95 0057 0A       		.byte	10
  96              		.align	2
  99              	ebIEsBytestream:
 100 0058 1A       		.byte	26
 101 0059 88       		.byte	-120
 102 005a 06       		.byte	6
 103 005b 1A       		.byte	26
 104 005c 00       		.byte	0
 105 005d 00       		.byte	0
 106 005e 00       		.byte	0
 107 005f 00       		.byte	0
 108 0060 00       		.byte	0
 109 0061 00       		.byte	0
 110 0062 01       		.byte	1
 111 0063 1C       		.byte	28
 112 0064 00       		.byte	0
 113 0065 01       		.byte	1
 114 0066 C8       		.byte	-56
 115 0067 00       		.byte	0
 116 0068 0A       		.byte	10
 117 0069 1B       		.byte	27
 118 006a 01       		.byte	1
 119 006b 00       		.byte	0
 120 006c 65       		.byte	101
 121 006d 00       		.byte	0
 122 006e 01       		.byte	1
 123 006f 00       		.byte	0
 124 0070 00       		.byte	0
 125 0071 00       		.byte	0
 126 0072 00       		.byte	0
 127 0073 0F       		.byte	15
 128              		.comm	msf_vars,10,4
 129              		.text
 130              		.align	2
 131              		.global	msf_init
 132              		.thumb
 133              		.thumb_func
 135              	msf_init:
 136              	.LFB0:
 137              		.file 1 "build/openmote-cc2538_armgcc/openstack/02b-MAChigh/msf.c"
   1:build/openmote-cc2538_armgcc/openstack/02b-MAChigh/msf.c **** #include "opendefs.h"
   2:build/openmote-cc2538_armgcc/openstack/02b-MAChigh/msf.c **** #include "msf.h"
   3:build/openmote-cc2538_armgcc/openstack/02b-MAChigh/msf.c **** #include "neighbors.h"
   4:build/openmote-cc2538_armgcc/openstack/02b-MAChigh/msf.c **** #include "sixtop.h"
   5:build/openmote-cc2538_armgcc/openstack/02b-MAChigh/msf.c **** #include "scheduler.h"
   6:build/openmote-cc2538_armgcc/openstack/02b-MAChigh/msf.c **** #include "schedule.h"
   7:build/openmote-cc2538_armgcc/openstack/02b-MAChigh/msf.c **** #include "openapps.h"
   8:build/openmote-cc2538_armgcc/openstack/02b-MAChigh/msf.c **** #include "openrandom.h"
   9:build/openmote-cc2538_armgcc/openstack/02b-MAChigh/msf.c **** #include "idmanager.h"
  10:build/openmote-cc2538_armgcc/openstack/02b-MAChigh/msf.c **** #include "icmpv6rpl.h"
  11:build/openmote-cc2538_armgcc/openstack/02b-MAChigh/msf.c **** #include "IEEE802154E.h"
  12:build/openmote-cc2538_armgcc/openstack/02b-MAChigh/msf.c **** 
  13:build/openmote-cc2538_armgcc/openstack/02b-MAChigh/msf.c **** //=========================== definition =====================================
  14:build/openmote-cc2538_armgcc/openstack/02b-MAChigh/msf.c **** 
  15:build/openmote-cc2538_armgcc/openstack/02b-MAChigh/msf.c **** //=========================== variables =======================================
  16:build/openmote-cc2538_armgcc/openstack/02b-MAChigh/msf.c **** 
  17:build/openmote-cc2538_armgcc/openstack/02b-MAChigh/msf.c **** msf_vars_t msf_vars;
  18:build/openmote-cc2538_armgcc/openstack/02b-MAChigh/msf.c **** 
  19:build/openmote-cc2538_armgcc/openstack/02b-MAChigh/msf.c **** //=========================== prototypes ======================================
  20:build/openmote-cc2538_armgcc/openstack/02b-MAChigh/msf.c **** 
  21:build/openmote-cc2538_armgcc/openstack/02b-MAChigh/msf.c **** // sixtop callback
  22:build/openmote-cc2538_armgcc/openstack/02b-MAChigh/msf.c **** uint16_t msf_getMetadata(void);
  23:build/openmote-cc2538_armgcc/openstack/02b-MAChigh/msf.c **** metadata_t msf_translateMetadata(void);
  24:build/openmote-cc2538_armgcc/openstack/02b-MAChigh/msf.c **** void msf_handleRCError(uint8_t code, open_addr_t* address);
  25:build/openmote-cc2538_armgcc/openstack/02b-MAChigh/msf.c **** 
  26:build/openmote-cc2538_armgcc/openstack/02b-MAChigh/msf.c **** void msf_timer_housekeeping_cb(opentimers_id_t id);
  27:build/openmote-cc2538_armgcc/openstack/02b-MAChigh/msf.c **** void msf_timer_housekeeping_task(void);
  28:build/openmote-cc2538_armgcc/openstack/02b-MAChigh/msf.c **** 
  29:build/openmote-cc2538_armgcc/openstack/02b-MAChigh/msf.c **** void msf_timer_waitretry_cb(opentimers_id_t id);
  30:build/openmote-cc2538_armgcc/openstack/02b-MAChigh/msf.c **** 
  31:build/openmote-cc2538_armgcc/openstack/02b-MAChigh/msf.c **** void msf_timer_clear_task(void);
  32:build/openmote-cc2538_armgcc/openstack/02b-MAChigh/msf.c **** // msf private
  33:build/openmote-cc2538_armgcc/openstack/02b-MAChigh/msf.c **** void msf_trigger6pAdd(void);
  34:build/openmote-cc2538_armgcc/openstack/02b-MAChigh/msf.c **** void msf_trigger6pDelete(void);
  35:build/openmote-cc2538_armgcc/openstack/02b-MAChigh/msf.c **** void msf_housekeeping(void);
  36:build/openmote-cc2538_armgcc/openstack/02b-MAChigh/msf.c **** 
  37:build/openmote-cc2538_armgcc/openstack/02b-MAChigh/msf.c **** //=========================== public ==========================================
  38:build/openmote-cc2538_armgcc/openstack/02b-MAChigh/msf.c **** 
  39:build/openmote-cc2538_armgcc/openstack/02b-MAChigh/msf.c **** void msf_init(void) {
 138              		.loc 1 39 0
 139              		.cfi_startproc
 140              		@ args = 0, pretend = 0, frame = 0
 141              		@ frame_needed = 1, uses_anonymous_args = 0
 142 0000 90B5     		push	{r4, r7, lr}
 143              		.cfi_def_cfa_offset 12
 144              		.cfi_offset 4, -12
 145              		.cfi_offset 7, -8
 146              		.cfi_offset 14, -4
 147 0002 83B0     		sub	sp, sp, #12
 148              		.cfi_def_cfa_offset 24
 149 0004 02AF     		add	r7, sp, #8
 150              		.cfi_def_cfa 7, 16
  40:build/openmote-cc2538_armgcc/openstack/02b-MAChigh/msf.c ****     memset(&msf_vars,0,sizeof(msf_vars_t));
 151              		.loc 1 40 0
 152 0006 1A48     		ldr	r0, .L2
 153 0008 0021     		movs	r1, #0
 154 000a 0A22     		movs	r2, #10
 155 000c FFF7FEFF 		bl	memset
  41:build/openmote-cc2538_armgcc/openstack/02b-MAChigh/msf.c ****     msf_vars.numAppPacketsPerSlotFrame = 0;
 156              		.loc 1 41 0
 157 0010 174B     		ldr	r3, .L2
 158 0012 0022     		movs	r2, #0
 159 0014 1A70     		strb	r2, [r3]
  42:build/openmote-cc2538_armgcc/openstack/02b-MAChigh/msf.c ****     sixtop_setSFcallback(
 160              		.loc 1 42 0
 161 0016 1748     		ldr	r0, .L2+4
 162 0018 1749     		ldr	r1, .L2+8
 163 001a 184A     		ldr	r2, .L2+12
 164 001c 184B     		ldr	r3, .L2+16
 165 001e FFF7FEFF 		bl	sixtop_setSFcallback
  43:build/openmote-cc2538_armgcc/openstack/02b-MAChigh/msf.c ****         (sixtop_sf_getsfid)msf_getsfid,
  44:build/openmote-cc2538_armgcc/openstack/02b-MAChigh/msf.c ****         (sixtop_sf_getmetadata)msf_getMetadata,
  45:build/openmote-cc2538_armgcc/openstack/02b-MAChigh/msf.c ****         (sixtop_sf_translatemetadata)msf_translateMetadata,
  46:build/openmote-cc2538_armgcc/openstack/02b-MAChigh/msf.c ****         (sixtop_sf_handle_callback)msf_handleRCError
  47:build/openmote-cc2538_armgcc/openstack/02b-MAChigh/msf.c ****     );
  48:build/openmote-cc2538_armgcc/openstack/02b-MAChigh/msf.c ****     msf_vars.housekeepingTimerId = opentimers_create();
 166              		.loc 1 48 0
 167 0022 FFF7FEFF 		bl	opentimers_create
 168 0026 0346     		mov	r3, r0
 169 0028 1A46     		mov	r2, r3
 170 002a 114B     		ldr	r3, .L2
 171 002c 1A71     		strb	r2, [r3, #4]
  49:build/openmote-cc2538_armgcc/openstack/02b-MAChigh/msf.c ****     msf_vars.housekeepingPeriod  = HOUSEKEEPING_PERIOD;
 172              		.loc 1 49 0
 173 002e 104B     		ldr	r3, .L2
 174 0030 47F23052 		movw	r2, #30000
 175 0034 DA80     		strh	r2, [r3, #6]	@ movhi
  50:build/openmote-cc2538_armgcc/openstack/02b-MAChigh/msf.c ****     opentimers_scheduleIn(
 176              		.loc 1 50 0
 177 0036 0E4B     		ldr	r3, .L2
 178 0038 1C79     		ldrb	r4, [r3, #4]	@ zero_extendqisi2
  51:build/openmote-cc2538_armgcc/openstack/02b-MAChigh/msf.c ****         msf_vars.housekeepingTimerId,
  52:build/openmote-cc2538_armgcc/openstack/02b-MAChigh/msf.c ****         openrandom_getRandomizePeriod(msf_vars.housekeepingPeriod, msf_vars.housekeepingPeriod),
 179              		.loc 1 52 0
 180 003a 0D4B     		ldr	r3, .L2
 181 003c DA88     		ldrh	r2, [r3, #6]
 182 003e 0C4B     		ldr	r3, .L2
 183 0040 DB88     		ldrh	r3, [r3, #6]
 184 0042 1046     		mov	r0, r2
 185 0044 1946     		mov	r1, r3
 186 0046 FFF7FEFF 		bl	openrandom_getRandomizePeriod
 187 004a 0346     		mov	r3, r0
  50:build/openmote-cc2538_armgcc/openstack/02b-MAChigh/msf.c ****     opentimers_scheduleIn(
 188              		.loc 1 50 0
 189 004c 1A46     		mov	r2, r3
 190 004e 0D4B     		ldr	r3, .L2+20
 191 0050 0093     		str	r3, [sp]
 192 0052 2046     		mov	r0, r4
 193 0054 1146     		mov	r1, r2
 194 0056 0022     		movs	r2, #0
 195 0058 0123     		movs	r3, #1
 196 005a FFF7FEFF 		bl	opentimers_scheduleIn
  53:build/openmote-cc2538_armgcc/openstack/02b-MAChigh/msf.c ****         TIME_MS,
  54:build/openmote-cc2538_armgcc/openstack/02b-MAChigh/msf.c ****         TIMER_ONESHOT,
  55:build/openmote-cc2538_armgcc/openstack/02b-MAChigh/msf.c ****         msf_timer_housekeeping_cb
  56:build/openmote-cc2538_armgcc/openstack/02b-MAChigh/msf.c ****     );
  57:build/openmote-cc2538_armgcc/openstack/02b-MAChigh/msf.c ****     msf_vars.waitretryTimerId    = opentimers_create();
 197              		.loc 1 57 0
 198 005e FFF7FEFF 		bl	opentimers_create
 199 0062 0346     		mov	r3, r0
 200 0064 1A46     		mov	r2, r3
 201 0066 024B     		ldr	r3, .L2
 202 0068 1A72     		strb	r2, [r3, #8]
  58:build/openmote-cc2538_armgcc/openstack/02b-MAChigh/msf.c **** }
 203              		.loc 1 58 0
 204 006a 0437     		adds	r7, r7, #4
 205              		.cfi_def_cfa_offset 12
 206 006c BD46     		mov	sp, r7
 207              		.cfi_def_cfa_register 13
 208              		@ sp needed
 209 006e 90BD     		pop	{r4, r7, pc}
 210              	.L3:
 211              		.align	2
 212              	.L2:
 213 0070 00000000 		.word	msf_vars
 214 0074 00000000 		.word	msf_getsfid
 215 0078 00000000 		.word	msf_getMetadata
 216 007c 00000000 		.word	msf_translateMetadata
 217 0080 00000000 		.word	msf_handleRCError
 218 0084 00000000 		.word	msf_timer_housekeeping_cb
 219              		.cfi_endproc
 220              	.LFE0:
 222              		.align	2
 223              		.global	msf_updateCellsPassed
 224              		.thumb
 225              		.thumb_func
 227              	msf_updateCellsPassed:
 228              	.LFB1:
  59:build/openmote-cc2538_armgcc/openstack/02b-MAChigh/msf.c **** 
  60:build/openmote-cc2538_armgcc/openstack/02b-MAChigh/msf.c **** // called by schedule
  61:build/openmote-cc2538_armgcc/openstack/02b-MAChigh/msf.c **** void    msf_updateCellsPassed(open_addr_t* neighbor){
 229              		.loc 1 61 0
 230              		.cfi_startproc
 231              		@ args = 0, pretend = 0, frame = 8
 232              		@ frame_needed = 1, uses_anonymous_args = 0
 233 0088 80B5     		push	{r7, lr}
 234              		.cfi_def_cfa_offset 8
 235              		.cfi_offset 7, -8
 236              		.cfi_offset 14, -4
 237 008a 82B0     		sub	sp, sp, #8
 238              		.cfi_def_cfa_offset 16
 239 008c 00AF     		add	r7, sp, #0
 240              		.cfi_def_cfa_register 7
 241 008e 7860     		str	r0, [r7, #4]
  62:build/openmote-cc2538_armgcc/openstack/02b-MAChigh/msf.c **** #ifdef MSF_ADAPTING_TO_TRAFFIC
  63:build/openmote-cc2538_armgcc/openstack/02b-MAChigh/msf.c ****     if (icmpv6rpl_isPreferredParent(neighbor)==FALSE){
 242              		.loc 1 63 0
 243 0090 7868     		ldr	r0, [r7, #4]
 244 0092 FFF7FEFF 		bl	icmpv6rpl_isPreferredParent
 245 0096 0346     		mov	r3, r0
 246 0098 83F00103 		eor	r3, r3, #1
 247 009c DBB2     		uxtb	r3, r3
 248 009e 002B     		cmp	r3, #0
 249 00a0 00D0     		beq	.L5
  64:build/openmote-cc2538_armgcc/openstack/02b-MAChigh/msf.c ****         return;
 250              		.loc 1 64 0
 251 00a2 1BE0     		b	.L4
 252              	.L5:
  65:build/openmote-cc2538_armgcc/openstack/02b-MAChigh/msf.c ****     }
  66:build/openmote-cc2538_armgcc/openstack/02b-MAChigh/msf.c **** 
  67:build/openmote-cc2538_armgcc/openstack/02b-MAChigh/msf.c ****     msf_vars.numCellsPassed++;
 253              		.loc 1 67 0
 254 00a4 0F4B     		ldr	r3, .L9
 255 00a6 9B78     		ldrb	r3, [r3, #2]	@ zero_extendqisi2
 256 00a8 0133     		adds	r3, r3, #1
 257 00aa DAB2     		uxtb	r2, r3
 258 00ac 0D4B     		ldr	r3, .L9
 259 00ae 9A70     		strb	r2, [r3, #2]
  68:build/openmote-cc2538_armgcc/openstack/02b-MAChigh/msf.c ****     if (msf_vars.numCellsPassed == MAX_NUMCELLS){
 260              		.loc 1 68 0
 261 00b0 0C4B     		ldr	r3, .L9
 262 00b2 9B78     		ldrb	r3, [r3, #2]	@ zero_extendqisi2
 263 00b4 102B     		cmp	r3, #16
 264 00b6 11D1     		bne	.L4
  69:build/openmote-cc2538_armgcc/openstack/02b-MAChigh/msf.c ****         if (msf_vars.numCellsUsed > LIM_NUMCELLSUSED_HIGH){
 265              		.loc 1 69 0
 266 00b8 0A4B     		ldr	r3, .L9
 267 00ba DB78     		ldrb	r3, [r3, #3]	@ zero_extendqisi2
 268 00bc 0C2B     		cmp	r3, #12
 269 00be 01D9     		bls	.L7
  70:build/openmote-cc2538_armgcc/openstack/02b-MAChigh/msf.c ****             msf_trigger6pAdd();
 270              		.loc 1 70 0
 271 00c0 FFF7FEFF 		bl	msf_trigger6pAdd
 272              	.L7:
  71:build/openmote-cc2538_armgcc/openstack/02b-MAChigh/msf.c ****         }
  72:build/openmote-cc2538_armgcc/openstack/02b-MAChigh/msf.c ****         if (msf_vars.numCellsUsed < LIM_NUMCELLSUSED_LOW){
 273              		.loc 1 72 0
 274 00c4 074B     		ldr	r3, .L9
 275 00c6 DB78     		ldrb	r3, [r3, #3]	@ zero_extendqisi2
 276 00c8 032B     		cmp	r3, #3
 277 00ca 01D8     		bhi	.L8
  73:build/openmote-cc2538_armgcc/openstack/02b-MAChigh/msf.c ****             msf_trigger6pDelete();
 278              		.loc 1 73 0
 279 00cc FFF7FEFF 		bl	msf_trigger6pDelete
 280              	.L8:
  74:build/openmote-cc2538_armgcc/openstack/02b-MAChigh/msf.c ****         }
  75:build/openmote-cc2538_armgcc/openstack/02b-MAChigh/msf.c ****         msf_vars.numCellsPassed = 0;
 281              		.loc 1 75 0
 282 00d0 044B     		ldr	r3, .L9
 283 00d2 0022     		movs	r2, #0
 284 00d4 9A70     		strb	r2, [r3, #2]
  76:build/openmote-cc2538_armgcc/openstack/02b-MAChigh/msf.c ****         msf_vars.numCellsUsed   = 0;
 285              		.loc 1 76 0
 286 00d6 034B     		ldr	r3, .L9
 287 00d8 0022     		movs	r2, #0
 288 00da DA70     		strb	r2, [r3, #3]
 289              	.L4:
  77:build/openmote-cc2538_armgcc/openstack/02b-MAChigh/msf.c ****     }
  78:build/openmote-cc2538_armgcc/openstack/02b-MAChigh/msf.c **** #endif
  79:build/openmote-cc2538_armgcc/openstack/02b-MAChigh/msf.c **** }
 290              		.loc 1 79 0
 291 00dc 0837     		adds	r7, r7, #8
 292              		.cfi_def_cfa_offset 8
 293 00de BD46     		mov	sp, r7
 294              		.cfi_def_cfa_register 13
 295              		@ sp needed
 296 00e0 80BD     		pop	{r7, pc}
 297              	.L10:
 298 00e2 00BF     		.align	2
 299              	.L9:
 300 00e4 00000000 		.word	msf_vars
 301              		.cfi_endproc
 302              	.LFE1:
 304              		.align	2
 305              		.global	msf_updateCellsUsed
 306              		.thumb
 307              		.thumb_func
 309              	msf_updateCellsUsed:
 310              	.LFB2:
  80:build/openmote-cc2538_armgcc/openstack/02b-MAChigh/msf.c **** 
  81:build/openmote-cc2538_armgcc/openstack/02b-MAChigh/msf.c **** void    msf_updateCellsUsed(open_addr_t* neighbor){
 311              		.loc 1 81 0
 312              		.cfi_startproc
 313              		@ args = 0, pretend = 0, frame = 8
 314              		@ frame_needed = 1, uses_anonymous_args = 0
 315 00e8 80B5     		push	{r7, lr}
 316              		.cfi_def_cfa_offset 8
 317              		.cfi_offset 7, -8
 318              		.cfi_offset 14, -4
 319 00ea 82B0     		sub	sp, sp, #8
 320              		.cfi_def_cfa_offset 16
 321 00ec 00AF     		add	r7, sp, #0
 322              		.cfi_def_cfa_register 7
 323 00ee 7860     		str	r0, [r7, #4]
  82:build/openmote-cc2538_armgcc/openstack/02b-MAChigh/msf.c **** 
  83:build/openmote-cc2538_armgcc/openstack/02b-MAChigh/msf.c ****     if (icmpv6rpl_isPreferredParent(neighbor)==FALSE){
 324              		.loc 1 83 0
 325 00f0 7868     		ldr	r0, [r7, #4]
 326 00f2 FFF7FEFF 		bl	icmpv6rpl_isPreferredParent
 327 00f6 0346     		mov	r3, r0
 328 00f8 83F00103 		eor	r3, r3, #1
 329 00fc DBB2     		uxtb	r3, r3
 330 00fe 002B     		cmp	r3, #0
 331 0100 00D0     		beq	.L12
  84:build/openmote-cc2538_armgcc/openstack/02b-MAChigh/msf.c ****         return;
 332              		.loc 1 84 0
 333 0102 05E0     		b	.L11
 334              	.L12:
  85:build/openmote-cc2538_armgcc/openstack/02b-MAChigh/msf.c ****     }
  86:build/openmote-cc2538_armgcc/openstack/02b-MAChigh/msf.c **** 
  87:build/openmote-cc2538_armgcc/openstack/02b-MAChigh/msf.c ****     msf_vars.numCellsUsed++;
 335              		.loc 1 87 0
 336 0104 044B     		ldr	r3, .L14
 337 0106 DB78     		ldrb	r3, [r3, #3]	@ zero_extendqisi2
 338 0108 0133     		adds	r3, r3, #1
 339 010a DAB2     		uxtb	r2, r3
 340 010c 024B     		ldr	r3, .L14
 341 010e DA70     		strb	r2, [r3, #3]
 342              	.L11:
  88:build/openmote-cc2538_armgcc/openstack/02b-MAChigh/msf.c **** }
 343              		.loc 1 88 0
 344 0110 0837     		adds	r7, r7, #8
 345              		.cfi_def_cfa_offset 8
 346 0112 BD46     		mov	sp, r7
 347              		.cfi_def_cfa_register 13
 348              		@ sp needed
 349 0114 80BD     		pop	{r7, pc}
 350              	.L15:
 351 0116 00BF     		.align	2
 352              	.L14:
 353 0118 00000000 		.word	msf_vars
 354              		.cfi_endproc
 355              	.LFE2:
 357              		.align	2
 358              		.global	msf_trigger6pClear
 359              		.thumb
 360              		.thumb_func
 362              	msf_trigger6pClear:
 363              	.LFB3:
  89:build/openmote-cc2538_armgcc/openstack/02b-MAChigh/msf.c **** 
  90:build/openmote-cc2538_armgcc/openstack/02b-MAChigh/msf.c **** void    msf_trigger6pClear(open_addr_t* neighbor){
 364              		.loc 1 90 0
 365              		.cfi_startproc
 366              		@ args = 0, pretend = 0, frame = 8
 367              		@ frame_needed = 1, uses_anonymous_args = 0
 368 011c 80B5     		push	{r7, lr}
 369              		.cfi_def_cfa_offset 8
 370              		.cfi_offset 7, -8
 371              		.cfi_offset 14, -4
 372 011e 88B0     		sub	sp, sp, #32
 373              		.cfi_def_cfa_offset 40
 374 0120 06AF     		add	r7, sp, #24
 375              		.cfi_def_cfa 7, 16
 376 0122 7860     		str	r0, [r7, #4]
  91:build/openmote-cc2538_armgcc/openstack/02b-MAChigh/msf.c **** 
  92:build/openmote-cc2538_armgcc/openstack/02b-MAChigh/msf.c ****     if (schedule_hasDedicatedCellToNeighbor(neighbor)>0){
 377              		.loc 1 92 0
 378 0124 7868     		ldr	r0, [r7, #4]
 379 0126 FFF7FEFF 		bl	schedule_hasDedicatedCellToNeighbor
 380 012a 0346     		mov	r3, r0
 381 012c 002B     		cmp	r3, #0
 382 012e 0FDD     		ble	.L16
  93:build/openmote-cc2538_armgcc/openstack/02b-MAChigh/msf.c ****         sixtop_request(
 383              		.loc 1 93 0
 384 0130 0023     		movs	r3, #0
 385 0132 0093     		str	r3, [sp]
 386 0134 0023     		movs	r3, #0
 387 0136 0193     		str	r3, [sp, #4]
 388 0138 0023     		movs	r3, #0
 389 013a 0293     		str	r3, [sp, #8]
 390 013c 0023     		movs	r3, #0
 391 013e 0393     		str	r3, [sp, #12]
 392 0140 0023     		movs	r3, #0
 393 0142 0493     		str	r3, [sp, #16]
 394 0144 0720     		movs	r0, #7
 395 0146 7968     		ldr	r1, [r7, #4]
 396 0148 0122     		movs	r2, #1
 397 014a 0723     		movs	r3, #7
 398 014c FFF7FEFF 		bl	sixtop_request
 399              	.L16:
  94:build/openmote-cc2538_armgcc/openstack/02b-MAChigh/msf.c ****             IANA_6TOP_CMD_CLEAR,                // code
  95:build/openmote-cc2538_armgcc/openstack/02b-MAChigh/msf.c ****             neighbor,                           // neighbor
  96:build/openmote-cc2538_armgcc/openstack/02b-MAChigh/msf.c ****             NUMCELLS_MSF,                       // number cells
  97:build/openmote-cc2538_armgcc/openstack/02b-MAChigh/msf.c ****             CELLOPTIONS_MSF,                    // cellOptions
  98:build/openmote-cc2538_armgcc/openstack/02b-MAChigh/msf.c ****             NULL,                               // celllist to add (not used)
  99:build/openmote-cc2538_armgcc/openstack/02b-MAChigh/msf.c ****             NULL,                               // celllist to delete (not used)
 100:build/openmote-cc2538_armgcc/openstack/02b-MAChigh/msf.c ****             IANA_6TISCH_SFID_MSF,               // sfid
 101:build/openmote-cc2538_armgcc/openstack/02b-MAChigh/msf.c ****             0,                                  // list command offset (not used)
 102:build/openmote-cc2538_armgcc/openstack/02b-MAChigh/msf.c ****             0                                   // list command maximum celllist (not used)
 103:build/openmote-cc2538_armgcc/openstack/02b-MAChigh/msf.c ****         );
 104:build/openmote-cc2538_armgcc/openstack/02b-MAChigh/msf.c ****     }
 105:build/openmote-cc2538_armgcc/openstack/02b-MAChigh/msf.c **** }
 400              		.loc 1 105 0
 401 0150 0837     		adds	r7, r7, #8
 402              		.cfi_def_cfa_offset 8
 403 0152 BD46     		mov	sp, r7
 404              		.cfi_def_cfa_register 13
 405              		@ sp needed
 406 0154 80BD     		pop	{r7, pc}
 407              		.cfi_endproc
 408              	.LFE3:
 410 0156 00BF     		.align	2
 411              		.global	msf_getsfid
 412              		.thumb
 413              		.thumb_func
 415              	msf_getsfid:
 416              	.LFB4:
 106:build/openmote-cc2538_armgcc/openstack/02b-MAChigh/msf.c **** //=========================== callback =========================================
 107:build/openmote-cc2538_armgcc/openstack/02b-MAChigh/msf.c **** 
 108:build/openmote-cc2538_armgcc/openstack/02b-MAChigh/msf.c **** uint8_t msf_getsfid(void){
 417              		.loc 1 108 0
 418              		.cfi_startproc
 419              		@ args = 0, pretend = 0, frame = 0
 420              		@ frame_needed = 1, uses_anonymous_args = 0
 421              		@ link register save eliminated.
 422 0158 80B4     		push	{r7}
 423              		.cfi_def_cfa_offset 4
 424              		.cfi_offset 7, -4
 425 015a 00AF     		add	r7, sp, #0
 426              		.cfi_def_cfa_register 7
 109:build/openmote-cc2538_armgcc/openstack/02b-MAChigh/msf.c ****     return IANA_6TISCH_SFID_MSF;
 427              		.loc 1 109 0
 428 015c 0023     		movs	r3, #0
 110:build/openmote-cc2538_armgcc/openstack/02b-MAChigh/msf.c **** }
 429              		.loc 1 110 0
 430 015e 1846     		mov	r0, r3
 431 0160 BD46     		mov	sp, r7
 432              		.cfi_def_cfa_register 13
 433              		@ sp needed
 434 0162 5DF8047B 		ldr	r7, [sp], #4
 435              		.cfi_restore 7
 436              		.cfi_def_cfa_offset 0
 437 0166 7047     		bx	lr
 438              		.cfi_endproc
 439              	.LFE4:
 441              		.align	2
 442              		.global	msf_getMetadata
 443              		.thumb
 444              		.thumb_func
 446              	msf_getMetadata:
 447              	.LFB5:
 111:build/openmote-cc2538_armgcc/openstack/02b-MAChigh/msf.c **** 
 112:build/openmote-cc2538_armgcc/openstack/02b-MAChigh/msf.c **** uint16_t msf_getMetadata(void){
 448              		.loc 1 112 0
 449              		.cfi_startproc
 450              		@ args = 0, pretend = 0, frame = 0
 451              		@ frame_needed = 1, uses_anonymous_args = 0
 452              		@ link register save eliminated.
 453 0168 80B4     		push	{r7}
 454              		.cfi_def_cfa_offset 4
 455              		.cfi_offset 7, -4
 456 016a 00AF     		add	r7, sp, #0
 457              		.cfi_def_cfa_register 7
 113:build/openmote-cc2538_armgcc/openstack/02b-MAChigh/msf.c ****     return SCHEDULE_MINIMAL_6TISCH_DEFAULT_SLOTFRAME_HANDLE;
 458              		.loc 1 113 0
 459 016c 0023     		movs	r3, #0
 114:build/openmote-cc2538_armgcc/openstack/02b-MAChigh/msf.c **** }
 460              		.loc 1 114 0
 461 016e 1846     		mov	r0, r3
 462 0170 BD46     		mov	sp, r7
 463              		.cfi_def_cfa_register 13
 464              		@ sp needed
 465 0172 5DF8047B 		ldr	r7, [sp], #4
 466              		.cfi_restore 7
 467              		.cfi_def_cfa_offset 0
 468 0176 7047     		bx	lr
 469              		.cfi_endproc
 470              	.LFE5:
 472              		.align	2
 473              		.global	msf_translateMetadata
 474              		.thumb
 475              		.thumb_func
 477              	msf_translateMetadata:
 478              	.LFB6:
 115:build/openmote-cc2538_armgcc/openstack/02b-MAChigh/msf.c **** 
 116:build/openmote-cc2538_armgcc/openstack/02b-MAChigh/msf.c **** metadata_t msf_translateMetadata(void){
 479              		.loc 1 116 0
 480              		.cfi_startproc
 481              		@ args = 0, pretend = 0, frame = 0
 482              		@ frame_needed = 1, uses_anonymous_args = 0
 483              		@ link register save eliminated.
 484 0178 80B4     		push	{r7}
 485              		.cfi_def_cfa_offset 4
 486              		.cfi_offset 7, -4
 487 017a 00AF     		add	r7, sp, #0
 488              		.cfi_def_cfa_register 7
 117:build/openmote-cc2538_armgcc/openstack/02b-MAChigh/msf.c ****     return METADATA_TYPE_FRAMEID;
 489              		.loc 1 117 0
 490 017c 0023     		movs	r3, #0
 118:build/openmote-cc2538_armgcc/openstack/02b-MAChigh/msf.c **** }
 491              		.loc 1 118 0
 492 017e 1846     		mov	r0, r3
 493 0180 BD46     		mov	sp, r7
 494              		.cfi_def_cfa_register 13
 495              		@ sp needed
 496 0182 5DF8047B 		ldr	r7, [sp], #4
 497              		.cfi_restore 7
 498              		.cfi_def_cfa_offset 0
 499 0186 7047     		bx	lr
 500              		.cfi_endproc
 501              	.LFE6:
 503              		.align	2
 504              		.global	msf_handleRCError
 505              		.thumb
 506              		.thumb_func
 508              	msf_handleRCError:
 509              	.LFB7:
 119:build/openmote-cc2538_armgcc/openstack/02b-MAChigh/msf.c **** 
 120:build/openmote-cc2538_armgcc/openstack/02b-MAChigh/msf.c **** void msf_handleRCError(uint8_t code, open_addr_t* address){
 510              		.loc 1 120 0
 511              		.cfi_startproc
 512              		@ args = 0, pretend = 0, frame = 16
 513              		@ frame_needed = 1, uses_anonymous_args = 0
 514 0188 80B5     		push	{r7, lr}
 515              		.cfi_def_cfa_offset 8
 516              		.cfi_offset 7, -8
 517              		.cfi_offset 14, -4
 518 018a 86B0     		sub	sp, sp, #24
 519              		.cfi_def_cfa_offset 32
 520 018c 02AF     		add	r7, sp, #8
 521              		.cfi_def_cfa 7, 24
 522 018e 0346     		mov	r3, r0
 523 0190 3960     		str	r1, [r7]
 524 0192 FB71     		strb	r3, [r7, #7]
 121:build/openmote-cc2538_armgcc/openstack/02b-MAChigh/msf.c ****     uint16_t waitDuration;
 122:build/openmote-cc2538_armgcc/openstack/02b-MAChigh/msf.c **** 
 123:build/openmote-cc2538_armgcc/openstack/02b-MAChigh/msf.c ****     if (
 525              		.loc 1 123 0
 526 0194 FB79     		ldrb	r3, [r7, #7]	@ zero_extendqisi2
 527 0196 032B     		cmp	r3, #3
 528 0198 02D0     		beq	.L25
 124:build/openmote-cc2538_armgcc/openstack/02b-MAChigh/msf.c ****         code==IANA_6TOP_RC_RESET        ||
 529              		.loc 1 124 0
 530 019a FB79     		ldrb	r3, [r7, #7]	@ zero_extendqisi2
 531 019c 092B     		cmp	r3, #9
 532 019e 1ED1     		bne	.L30
 533              	.L25:
 125:build/openmote-cc2538_armgcc/openstack/02b-MAChigh/msf.c ****         code==IANA_6TOP_RC_LOCKED
 126:build/openmote-cc2538_armgcc/openstack/02b-MAChigh/msf.c ****     ){
 127:build/openmote-cc2538_armgcc/openstack/02b-MAChigh/msf.c ****         // waitretry
 128:build/openmote-cc2538_armgcc/openstack/02b-MAChigh/msf.c ****         msf_vars.waitretry = TRUE;
 534              		.loc 1 128 0
 535 01a0 184B     		ldr	r3, .L31
 536 01a2 0122     		movs	r2, #1
 537 01a4 5A72     		strb	r2, [r3, #9]
 129:build/openmote-cc2538_armgcc/openstack/02b-MAChigh/msf.c ****         waitDuration = WAITDURATION_MIN+openrandom_get16b()%WAITDURATION_RANDOM_RANGE;
 538              		.loc 1 129 0
 539 01a6 FFF7FEFF 		bl	openrandom_get16b
 540 01aa 0346     		mov	r3, r0
 541 01ac 164A     		ldr	r2, .L31+4
 542 01ae A2FB0312 		umull	r1, r2, r2, r3
 543 01b2 520B     		lsrs	r2, r2, #13
 544 01b4 47F23051 		movw	r1, #30000
 545 01b8 01FB02F2 		mul	r2, r1, r2
 546 01bc 9B1A     		subs	r3, r3, r2
 547 01be 9BB2     		uxth	r3, r3
 548 01c0 03F5EA43 		add	r3, r3, #29952
 549 01c4 3033     		adds	r3, r3, #48
 550 01c6 FB81     		strh	r3, [r7, #14]	@ movhi
 130:build/openmote-cc2538_armgcc/openstack/02b-MAChigh/msf.c ****         opentimers_scheduleIn(
 551              		.loc 1 130 0
 552 01c8 0E4B     		ldr	r3, .L31
 553 01ca 197A     		ldrb	r1, [r3, #8]	@ zero_extendqisi2
 554 01cc FA89     		ldrh	r2, [r7, #14]
 555 01ce 0F4B     		ldr	r3, .L31+8
 556 01d0 0093     		str	r3, [sp]
 557 01d2 0846     		mov	r0, r1
 558 01d4 1146     		mov	r1, r2
 559 01d6 0022     		movs	r2, #0
 560 01d8 0123     		movs	r3, #1
 561 01da FFF7FEFF 		bl	opentimers_scheduleIn
 562              	.L30:
 131:build/openmote-cc2538_armgcc/openstack/02b-MAChigh/msf.c ****             msf_vars.waitretryTimerId,
 132:build/openmote-cc2538_armgcc/openstack/02b-MAChigh/msf.c ****             waitDuration,
 133:build/openmote-cc2538_armgcc/openstack/02b-MAChigh/msf.c ****             TIME_MS,
 134:build/openmote-cc2538_armgcc/openstack/02b-MAChigh/msf.c ****             TIMER_ONESHOT,
 135:build/openmote-cc2538_armgcc/openstack/02b-MAChigh/msf.c ****             msf_timer_waitretry_cb
 136:build/openmote-cc2538_armgcc/openstack/02b-MAChigh/msf.c ****         );
 137:build/openmote-cc2538_armgcc/openstack/02b-MAChigh/msf.c ****     }
 138:build/openmote-cc2538_armgcc/openstack/02b-MAChigh/msf.c **** 
 139:build/openmote-cc2538_armgcc/openstack/02b-MAChigh/msf.c ****     if (
 140:build/openmote-cc2538_armgcc/openstack/02b-MAChigh/msf.c ****         code==IANA_6TOP_RC_ERROR        ||
 141:build/openmote-cc2538_armgcc/openstack/02b-MAChigh/msf.c ****         code==IANA_6TOP_RC_VER_ERR      ||
 142:build/openmote-cc2538_armgcc/openstack/02b-MAChigh/msf.c ****         code==IANA_6TOP_RC_SFID_ERR
 143:build/openmote-cc2538_armgcc/openstack/02b-MAChigh/msf.c ****     ){
 144:build/openmote-cc2538_armgcc/openstack/02b-MAChigh/msf.c ****         // quarantine
 145:build/openmote-cc2538_armgcc/openstack/02b-MAChigh/msf.c ****     }
 146:build/openmote-cc2538_armgcc/openstack/02b-MAChigh/msf.c **** 
 147:build/openmote-cc2538_armgcc/openstack/02b-MAChigh/msf.c ****     if (
 563              		.loc 1 147 0
 564 01de FB79     		ldrb	r3, [r7, #7]	@ zero_extendqisi2
 565 01e0 062B     		cmp	r3, #6
 566 01e2 02D0     		beq	.L27
 148:build/openmote-cc2538_armgcc/openstack/02b-MAChigh/msf.c ****         code==IANA_6TOP_RC_SEQNUM_ERR   ||
 567              		.loc 1 148 0
 568 01e4 FB79     		ldrb	r3, [r7, #7]	@ zero_extendqisi2
 569 01e6 072B     		cmp	r3, #7
 570 01e8 03D1     		bne	.L28
 571              	.L27:
 149:build/openmote-cc2538_armgcc/openstack/02b-MAChigh/msf.c ****         code==IANA_6TOP_RC_CELLLIST_ERR
 150:build/openmote-cc2538_armgcc/openstack/02b-MAChigh/msf.c ****     ){
 151:build/openmote-cc2538_armgcc/openstack/02b-MAChigh/msf.c ****         // clear
 152:build/openmote-cc2538_armgcc/openstack/02b-MAChigh/msf.c ****         scheduler_push_task(msf_timer_clear_task,TASKPRIO_MSF);
 572              		.loc 1 152 0
 573 01ea 0948     		ldr	r0, .L31+12
 574 01ec 0821     		movs	r1, #8
 575 01ee FFF7FEFF 		bl	scheduler_push_task
 576              	.L28:
 153:build/openmote-cc2538_armgcc/openstack/02b-MAChigh/msf.c ****     }
 154:build/openmote-cc2538_armgcc/openstack/02b-MAChigh/msf.c **** 
 155:build/openmote-cc2538_armgcc/openstack/02b-MAChigh/msf.c ****     if (code==IANA_6TOP_RC_BUSY){
 577              		.loc 1 155 0
 578 01f2 FB79     		ldrb	r3, [r7, #7]	@ zero_extendqisi2
 579 01f4 082B     		cmp	r3, #8
 580 01f6 02D1     		bne	.L24
 156:build/openmote-cc2538_armgcc/openstack/02b-MAChigh/msf.c ****         // mark neighbor f6NORES
 157:build/openmote-cc2538_armgcc/openstack/02b-MAChigh/msf.c ****         neighbors_setNeighborNoResource(address);
 581              		.loc 1 157 0
 582 01f8 3868     		ldr	r0, [r7]
 583 01fa FFF7FEFF 		bl	neighbors_setNeighborNoResource
 584              	.L24:
 158:build/openmote-cc2538_armgcc/openstack/02b-MAChigh/msf.c ****     }
 159:build/openmote-cc2538_armgcc/openstack/02b-MAChigh/msf.c **** }
 585              		.loc 1 159 0
 586 01fe 1037     		adds	r7, r7, #16
 587              		.cfi_def_cfa_offset 8
 588 0200 BD46     		mov	sp, r7
 589              		.cfi_def_cfa_register 13
 590              		@ sp needed
 591 0202 80BD     		pop	{r7, pc}
 592              	.L32:
 593              		.align	2
 594              	.L31:
 595 0204 00000000 		.word	msf_vars
 596 0208 73B2E745 		.word	1172812403
 597 020c 00000000 		.word	msf_timer_waitretry_cb
 598 0210 00000000 		.word	msf_timer_clear_task
 599              		.cfi_endproc
 600              	.LFE7:
 602              		.align	2
 603              		.global	msf_timer_waitretry_cb
 604              		.thumb
 605              		.thumb_func
 607              	msf_timer_waitretry_cb:
 608              	.LFB8:
 160:build/openmote-cc2538_armgcc/openstack/02b-MAChigh/msf.c **** 
 161:build/openmote-cc2538_armgcc/openstack/02b-MAChigh/msf.c **** void msf_timer_waitretry_cb(opentimers_id_t id){
 609              		.loc 1 161 0
 610              		.cfi_startproc
 611              		@ args = 0, pretend = 0, frame = 8
 612              		@ frame_needed = 1, uses_anonymous_args = 0
 613              		@ link register save eliminated.
 614 0214 80B4     		push	{r7}
 615              		.cfi_def_cfa_offset 4
 616              		.cfi_offset 7, -4
 617 0216 83B0     		sub	sp, sp, #12
 618              		.cfi_def_cfa_offset 16
 619 0218 00AF     		add	r7, sp, #0
 620              		.cfi_def_cfa_register 7
 621 021a 0346     		mov	r3, r0
 622 021c FB71     		strb	r3, [r7, #7]
 162:build/openmote-cc2538_armgcc/openstack/02b-MAChigh/msf.c ****     msf_vars.waitretry = FALSE;
 623              		.loc 1 162 0
 624 021e 044B     		ldr	r3, .L34
 625 0220 0022     		movs	r2, #0
 626 0222 5A72     		strb	r2, [r3, #9]
 163:build/openmote-cc2538_armgcc/openstack/02b-MAChigh/msf.c **** }
 627              		.loc 1 163 0
 628 0224 0C37     		adds	r7, r7, #12
 629              		.cfi_def_cfa_offset 4
 630 0226 BD46     		mov	sp, r7
 631              		.cfi_def_cfa_register 13
 632              		@ sp needed
 633 0228 5DF8047B 		ldr	r7, [sp], #4
 634              		.cfi_restore 7
 635              		.cfi_def_cfa_offset 0
 636 022c 7047     		bx	lr
 637              	.L35:
 638 022e 00BF     		.align	2
 639              	.L34:
 640 0230 00000000 		.word	msf_vars
 641              		.cfi_endproc
 642              	.LFE8:
 644              		.align	2
 645              		.global	msf_timer_housekeeping_cb
 646              		.thumb
 647              		.thumb_func
 649              	msf_timer_housekeeping_cb:
 650              	.LFB9:
 164:build/openmote-cc2538_armgcc/openstack/02b-MAChigh/msf.c **** 
 165:build/openmote-cc2538_armgcc/openstack/02b-MAChigh/msf.c **** void msf_timer_housekeeping_cb(opentimers_id_t id){
 651              		.loc 1 165 0
 652              		.cfi_startproc
 653              		@ args = 0, pretend = 0, frame = 8
 654              		@ frame_needed = 1, uses_anonymous_args = 0
 655 0234 90B5     		push	{r4, r7, lr}
 656              		.cfi_def_cfa_offset 12
 657              		.cfi_offset 4, -12
 658              		.cfi_offset 7, -8
 659              		.cfi_offset 14, -4
 660 0236 85B0     		sub	sp, sp, #20
 661              		.cfi_def_cfa_offset 32
 662 0238 02AF     		add	r7, sp, #8
 663              		.cfi_def_cfa 7, 24
 664 023a 0346     		mov	r3, r0
 665 023c FB71     		strb	r3, [r7, #7]
 166:build/openmote-cc2538_armgcc/openstack/02b-MAChigh/msf.c ****     scheduler_push_task(msf_timer_housekeeping_task,TASKPRIO_MSF);
 666              		.loc 1 166 0
 667 023e 0D48     		ldr	r0, .L37
 668 0240 0821     		movs	r1, #8
 669 0242 FFF7FEFF 		bl	scheduler_push_task
 167:build/openmote-cc2538_armgcc/openstack/02b-MAChigh/msf.c ****     // update the period
 168:build/openmote-cc2538_armgcc/openstack/02b-MAChigh/msf.c ****     opentimers_scheduleIn(
 670              		.loc 1 168 0
 671 0246 0C4B     		ldr	r3, .L37+4
 672 0248 1C79     		ldrb	r4, [r3, #4]	@ zero_extendqisi2
 169:build/openmote-cc2538_armgcc/openstack/02b-MAChigh/msf.c ****         msf_vars.housekeepingTimerId,
 170:build/openmote-cc2538_armgcc/openstack/02b-MAChigh/msf.c ****         openrandom_getRandomizePeriod(msf_vars.housekeepingPeriod, msf_vars.housekeepingPeriod),
 673              		.loc 1 170 0
 674 024a 0B4B     		ldr	r3, .L37+4
 675 024c DA88     		ldrh	r2, [r3, #6]
 676 024e 0A4B     		ldr	r3, .L37+4
 677 0250 DB88     		ldrh	r3, [r3, #6]
 678 0252 1046     		mov	r0, r2
 679 0254 1946     		mov	r1, r3
 680 0256 FFF7FEFF 		bl	openrandom_getRandomizePeriod
 681 025a 0346     		mov	r3, r0
 168:build/openmote-cc2538_armgcc/openstack/02b-MAChigh/msf.c ****         msf_vars.housekeepingTimerId,
 682              		.loc 1 168 0
 683 025c 1A46     		mov	r2, r3
 684 025e 074B     		ldr	r3, .L37+8
 685 0260 0093     		str	r3, [sp]
 686 0262 2046     		mov	r0, r4
 687 0264 1146     		mov	r1, r2
 688 0266 0022     		movs	r2, #0
 689 0268 0123     		movs	r3, #1
 690 026a FFF7FEFF 		bl	opentimers_scheduleIn
 171:build/openmote-cc2538_armgcc/openstack/02b-MAChigh/msf.c ****         TIME_MS,
 172:build/openmote-cc2538_armgcc/openstack/02b-MAChigh/msf.c ****         TIMER_ONESHOT,
 173:build/openmote-cc2538_armgcc/openstack/02b-MAChigh/msf.c ****         msf_timer_housekeeping_cb
 174:build/openmote-cc2538_armgcc/openstack/02b-MAChigh/msf.c ****     );
 175:build/openmote-cc2538_armgcc/openstack/02b-MAChigh/msf.c **** }
 691              		.loc 1 175 0
 692 026e 0C37     		adds	r7, r7, #12
 693              		.cfi_def_cfa_offset 12
 694 0270 BD46     		mov	sp, r7
 695              		.cfi_def_cfa_register 13
 696              		@ sp needed
 697 0272 90BD     		pop	{r4, r7, pc}
 698              	.L38:
 699              		.align	2
 700              	.L37:
 701 0274 00000000 		.word	msf_timer_housekeeping_task
 702 0278 00000000 		.word	msf_vars
 703 027c 00000000 		.word	msf_timer_housekeeping_cb
 704              		.cfi_endproc
 705              	.LFE9:
 707              		.align	2
 708              		.global	msf_timer_housekeeping_task
 709              		.thumb
 710              		.thumb_func
 712              	msf_timer_housekeeping_task:
 713              	.LFB10:
 176:build/openmote-cc2538_armgcc/openstack/02b-MAChigh/msf.c **** 
 177:build/openmote-cc2538_armgcc/openstack/02b-MAChigh/msf.c **** void msf_timer_housekeeping_task(void){
 714              		.loc 1 177 0
 715              		.cfi_startproc
 716              		@ args = 0, pretend = 0, frame = 0
 717              		@ frame_needed = 1, uses_anonymous_args = 0
 718 0280 80B5     		push	{r7, lr}
 719              		.cfi_def_cfa_offset 8
 720              		.cfi_offset 7, -8
 721              		.cfi_offset 14, -4
 722 0282 00AF     		add	r7, sp, #0
 723              		.cfi_def_cfa_register 7
 178:build/openmote-cc2538_armgcc/openstack/02b-MAChigh/msf.c **** 
 179:build/openmote-cc2538_armgcc/openstack/02b-MAChigh/msf.c ****     msf_housekeeping();
 724              		.loc 1 179 0
 725 0284 FFF7FEFF 		bl	msf_housekeeping
 180:build/openmote-cc2538_armgcc/openstack/02b-MAChigh/msf.c **** }
 726              		.loc 1 180 0
 727 0288 80BD     		pop	{r7, pc}
 728              		.cfi_endproc
 729              	.LFE10:
 731 028a 00BF     		.align	2
 732              		.global	msf_timer_clear_task
 733              		.thumb
 734              		.thumb_func
 736              	msf_timer_clear_task:
 737              	.LFB11:
 181:build/openmote-cc2538_armgcc/openstack/02b-MAChigh/msf.c **** 
 182:build/openmote-cc2538_armgcc/openstack/02b-MAChigh/msf.c **** void msf_timer_clear_task(void){
 738              		.loc 1 182 0
 739              		.cfi_startproc
 740              		@ args = 0, pretend = 0, frame = 24
 741              		@ frame_needed = 1, uses_anonymous_args = 0
 742 028c 80B5     		push	{r7, lr}
 743              		.cfi_def_cfa_offset 8
 744              		.cfi_offset 7, -8
 745              		.cfi_offset 14, -4
 746 028e 8CB0     		sub	sp, sp, #48
 747              		.cfi_def_cfa_offset 56
 748 0290 06AF     		add	r7, sp, #24
 749              		.cfi_def_cfa 7, 32
 183:build/openmote-cc2538_armgcc/openstack/02b-MAChigh/msf.c ****     open_addr_t    neighbor;
 184:build/openmote-cc2538_armgcc/openstack/02b-MAChigh/msf.c ****     bool           foundNeighbor;
 185:build/openmote-cc2538_armgcc/openstack/02b-MAChigh/msf.c **** 
 186:build/openmote-cc2538_armgcc/openstack/02b-MAChigh/msf.c ****     // get preferred parent
 187:build/openmote-cc2538_armgcc/openstack/02b-MAChigh/msf.c ****     foundNeighbor = icmpv6rpl_getPreferredParentEui64(&neighbor);
 750              		.loc 1 187 0
 751 0292 3B1D     		adds	r3, r7, #4
 752 0294 1846     		mov	r0, r3
 753 0296 FFF7FEFF 		bl	icmpv6rpl_getPreferredParentEui64
 754 029a 0346     		mov	r3, r0
 755 029c FB75     		strb	r3, [r7, #23]
 188:build/openmote-cc2538_armgcc/openstack/02b-MAChigh/msf.c ****     if (foundNeighbor==FALSE) {
 756              		.loc 1 188 0
 757 029e FB7D     		ldrb	r3, [r7, #23]
 758 02a0 83F00103 		eor	r3, r3, #1
 759 02a4 DBB2     		uxtb	r3, r3
 760 02a6 002B     		cmp	r3, #0
 761 02a8 10D1     		bne	.L40
 189:build/openmote-cc2538_armgcc/openstack/02b-MAChigh/msf.c ****         return;
 190:build/openmote-cc2538_armgcc/openstack/02b-MAChigh/msf.c ****     }
 191:build/openmote-cc2538_armgcc/openstack/02b-MAChigh/msf.c **** 
 192:build/openmote-cc2538_armgcc/openstack/02b-MAChigh/msf.c ****     sixtop_request(
 762              		.loc 1 192 0
 763 02aa 3A1D     		adds	r2, r7, #4
 764 02ac 0023     		movs	r3, #0
 765 02ae 0093     		str	r3, [sp]
 766 02b0 0023     		movs	r3, #0
 767 02b2 0193     		str	r3, [sp, #4]
 768 02b4 0023     		movs	r3, #0
 769 02b6 0293     		str	r3, [sp, #8]
 770 02b8 0023     		movs	r3, #0
 771 02ba 0393     		str	r3, [sp, #12]
 772 02bc 0023     		movs	r3, #0
 773 02be 0493     		str	r3, [sp, #16]
 774 02c0 0720     		movs	r0, #7
 775 02c2 1146     		mov	r1, r2
 776 02c4 0122     		movs	r2, #1
 777 02c6 0723     		movs	r3, #7
 778 02c8 FFF7FEFF 		bl	sixtop_request
 779              	.L40:
 193:build/openmote-cc2538_armgcc/openstack/02b-MAChigh/msf.c ****         IANA_6TOP_CMD_CLEAR,                // code
 194:build/openmote-cc2538_armgcc/openstack/02b-MAChigh/msf.c ****         &neighbor,                          // neighbor
 195:build/openmote-cc2538_armgcc/openstack/02b-MAChigh/msf.c ****         NUMCELLS_MSF,                       // number cells
 196:build/openmote-cc2538_armgcc/openstack/02b-MAChigh/msf.c ****         CELLOPTIONS_MSF,                    // cellOptions
 197:build/openmote-cc2538_armgcc/openstack/02b-MAChigh/msf.c ****         NULL,                               // celllist to add (not used)
 198:build/openmote-cc2538_armgcc/openstack/02b-MAChigh/msf.c ****         NULL,                               // celllist to delete (not used)
 199:build/openmote-cc2538_armgcc/openstack/02b-MAChigh/msf.c ****         IANA_6TISCH_SFID_MSF,               // sfid
 200:build/openmote-cc2538_armgcc/openstack/02b-MAChigh/msf.c ****         0,                                  // list command offset (not used)
 201:build/openmote-cc2538_armgcc/openstack/02b-MAChigh/msf.c ****         0                                   // list command maximum celllist (not used)
 202:build/openmote-cc2538_armgcc/openstack/02b-MAChigh/msf.c ****     );
 203:build/openmote-cc2538_armgcc/openstack/02b-MAChigh/msf.c **** }
 780              		.loc 1 203 0
 781 02cc 1837     		adds	r7, r7, #24
 782              		.cfi_def_cfa_offset 8
 783 02ce BD46     		mov	sp, r7
 784              		.cfi_def_cfa_register 13
 785              		@ sp needed
 786 02d0 80BD     		pop	{r7, pc}
 787              		.cfi_endproc
 788              	.LFE11:
 790 02d2 00BF     		.align	2
 791              		.global	msf_trigger6pAdd
 792              		.thumb
 793              		.thumb_func
 795              	msf_trigger6pAdd:
 796              	.LFB12:
 204:build/openmote-cc2538_armgcc/openstack/02b-MAChigh/msf.c **** 
 205:build/openmote-cc2538_armgcc/openstack/02b-MAChigh/msf.c **** //=========================== private =========================================
 206:build/openmote-cc2538_armgcc/openstack/02b-MAChigh/msf.c **** 
 207:build/openmote-cc2538_armgcc/openstack/02b-MAChigh/msf.c **** void msf_trigger6pAdd(void){
 797              		.loc 1 207 0
 798              		.cfi_startproc
 799              		@ args = 0, pretend = 0, frame = 48
 800              		@ frame_needed = 1, uses_anonymous_args = 0
 801 02d4 80B5     		push	{r7, lr}
 802              		.cfi_def_cfa_offset 8
 803              		.cfi_offset 7, -8
 804              		.cfi_offset 14, -4
 805 02d6 92B0     		sub	sp, sp, #72
 806              		.cfi_def_cfa_offset 80
 807 02d8 06AF     		add	r7, sp, #24
 808              		.cfi_def_cfa 7, 56
 208:build/openmote-cc2538_armgcc/openstack/02b-MAChigh/msf.c ****     open_addr_t    neighbor;
 209:build/openmote-cc2538_armgcc/openstack/02b-MAChigh/msf.c ****     bool           foundNeighbor;
 210:build/openmote-cc2538_armgcc/openstack/02b-MAChigh/msf.c ****     cellInfo_ht    celllist_add[CELLLIST_MAX_LEN];
 211:build/openmote-cc2538_armgcc/openstack/02b-MAChigh/msf.c **** 
 212:build/openmote-cc2538_armgcc/openstack/02b-MAChigh/msf.c ****     if (ieee154e_isSynch()==FALSE) {
 809              		.loc 1 212 0
 810 02da FFF7FEFF 		bl	ieee154e_isSynch
 811 02de 0346     		mov	r3, r0
 812 02e0 83F00103 		eor	r3, r3, #1
 813 02e4 DBB2     		uxtb	r3, r3
 814 02e6 002B     		cmp	r3, #0
 815 02e8 00D0     		beq	.L44
 213:build/openmote-cc2538_armgcc/openstack/02b-MAChigh/msf.c ****         return;
 816              		.loc 1 213 0
 817 02ea 32E0     		b	.L43
 818              	.L44:
 214:build/openmote-cc2538_armgcc/openstack/02b-MAChigh/msf.c ****     }
 215:build/openmote-cc2538_armgcc/openstack/02b-MAChigh/msf.c **** 
 216:build/openmote-cc2538_armgcc/openstack/02b-MAChigh/msf.c ****     if (msf_vars.waitretry){
 819              		.loc 1 216 0
 820 02ec 1A4B     		ldr	r3, .L50
 821 02ee 5B7A     		ldrb	r3, [r3, #9]	@ zero_extendqisi2
 822 02f0 002B     		cmp	r3, #0
 823 02f2 00D0     		beq	.L46
 217:build/openmote-cc2538_armgcc/openstack/02b-MAChigh/msf.c ****         return;
 824              		.loc 1 217 0
 825 02f4 2DE0     		b	.L43
 826              	.L46:
 218:build/openmote-cc2538_armgcc/openstack/02b-MAChigh/msf.c ****     }
 219:build/openmote-cc2538_armgcc/openstack/02b-MAChigh/msf.c **** 
 220:build/openmote-cc2538_armgcc/openstack/02b-MAChigh/msf.c ****     // get preferred parent
 221:build/openmote-cc2538_armgcc/openstack/02b-MAChigh/msf.c ****     foundNeighbor = icmpv6rpl_getPreferredParentEui64(&neighbor);
 827              		.loc 1 221 0
 828 02f6 07F11C03 		add	r3, r7, #28
 829 02fa 1846     		mov	r0, r3
 830 02fc FFF7FEFF 		bl	icmpv6rpl_getPreferredParentEui64
 831 0300 0346     		mov	r3, r0
 832 0302 87F82F30 		strb	r3, [r7, #47]
 222:build/openmote-cc2538_armgcc/openstack/02b-MAChigh/msf.c ****     if (foundNeighbor==FALSE) {
 833              		.loc 1 222 0
 834 0306 97F82F30 		ldrb	r3, [r7, #47]
 835 030a 83F00103 		eor	r3, r3, #1
 836 030e DBB2     		uxtb	r3, r3
 837 0310 002B     		cmp	r3, #0
 838 0312 00D0     		beq	.L47
 223:build/openmote-cc2538_armgcc/openstack/02b-MAChigh/msf.c ****         return;
 839              		.loc 1 223 0
 840 0314 1DE0     		b	.L43
 841              	.L47:
 224:build/openmote-cc2538_armgcc/openstack/02b-MAChigh/msf.c ****     }
 225:build/openmote-cc2538_armgcc/openstack/02b-MAChigh/msf.c **** 
 226:build/openmote-cc2538_armgcc/openstack/02b-MAChigh/msf.c ****     if (msf_candidateAddCellList(celllist_add,NUMCELLS_MSF)==FALSE){
 842              		.loc 1 226 0
 843 0316 3B46     		mov	r3, r7
 844 0318 1846     		mov	r0, r3
 845 031a 0121     		movs	r1, #1
 846 031c FFF7FEFF 		bl	msf_candidateAddCellList
 847 0320 0346     		mov	r3, r0
 848 0322 83F00103 		eor	r3, r3, #1
 849 0326 DBB2     		uxtb	r3, r3
 850 0328 002B     		cmp	r3, #0
 851 032a 00D0     		beq	.L48
 227:build/openmote-cc2538_armgcc/openstack/02b-MAChigh/msf.c ****         // failed to get cell list to add
 228:build/openmote-cc2538_armgcc/openstack/02b-MAChigh/msf.c ****         return;
 852              		.loc 1 228 0
 853 032c 11E0     		b	.L43
 854              	.L48:
 229:build/openmote-cc2538_armgcc/openstack/02b-MAChigh/msf.c ****     }
 230:build/openmote-cc2538_armgcc/openstack/02b-MAChigh/msf.c **** 
 231:build/openmote-cc2538_armgcc/openstack/02b-MAChigh/msf.c ****     sixtop_request(
 855              		.loc 1 231 0
 856 032e 07F11C02 		add	r2, r7, #28
 857 0332 3B46     		mov	r3, r7
 858 0334 0093     		str	r3, [sp]
 859 0336 0023     		movs	r3, #0
 860 0338 0193     		str	r3, [sp, #4]
 861 033a 0023     		movs	r3, #0
 862 033c 0293     		str	r3, [sp, #8]
 863 033e 0023     		movs	r3, #0
 864 0340 0393     		str	r3, [sp, #12]
 865 0342 0023     		movs	r3, #0
 866 0344 0493     		str	r3, [sp, #16]
 867 0346 0120     		movs	r0, #1
 868 0348 1146     		mov	r1, r2
 869 034a 0122     		movs	r2, #1
 870 034c 0723     		movs	r3, #7
 871 034e FFF7FEFF 		bl	sixtop_request
 872              	.L43:
 232:build/openmote-cc2538_armgcc/openstack/02b-MAChigh/msf.c ****         IANA_6TOP_CMD_ADD,                  // code
 233:build/openmote-cc2538_armgcc/openstack/02b-MAChigh/msf.c ****         &neighbor,                          // neighbor
 234:build/openmote-cc2538_armgcc/openstack/02b-MAChigh/msf.c ****         NUMCELLS_MSF,                       // number cells
 235:build/openmote-cc2538_armgcc/openstack/02b-MAChigh/msf.c ****         CELLOPTIONS_MSF,                    // cellOptions
 236:build/openmote-cc2538_armgcc/openstack/02b-MAChigh/msf.c ****         celllist_add,                       // celllist to add
 237:build/openmote-cc2538_armgcc/openstack/02b-MAChigh/msf.c ****         NULL,                               // celllist to delete (not used)
 238:build/openmote-cc2538_armgcc/openstack/02b-MAChigh/msf.c ****         IANA_6TISCH_SFID_MSF,               // sfid
 239:build/openmote-cc2538_armgcc/openstack/02b-MAChigh/msf.c ****         0,                                  // list command offset (not used)
 240:build/openmote-cc2538_armgcc/openstack/02b-MAChigh/msf.c ****         0                                   // list command maximum celllist (not used)
 241:build/openmote-cc2538_armgcc/openstack/02b-MAChigh/msf.c ****     );
 242:build/openmote-cc2538_armgcc/openstack/02b-MAChigh/msf.c **** }
 873              		.loc 1 242 0
 874 0352 3037     		adds	r7, r7, #48
 875              		.cfi_def_cfa_offset 8
 876 0354 BD46     		mov	sp, r7
 877              		.cfi_def_cfa_register 13
 878              		@ sp needed
 879 0356 80BD     		pop	{r7, pc}
 880              	.L51:
 881              		.align	2
 882              	.L50:
 883 0358 00000000 		.word	msf_vars
 884              		.cfi_endproc
 885              	.LFE12:
 887              		.align	2
 888              		.global	msf_trigger6pDelete
 889              		.thumb
 890              		.thumb_func
 892              	msf_trigger6pDelete:
 893              	.LFB13:
 243:build/openmote-cc2538_armgcc/openstack/02b-MAChigh/msf.c **** 
 244:build/openmote-cc2538_armgcc/openstack/02b-MAChigh/msf.c **** void msf_trigger6pDelete(void){
 894              		.loc 1 244 0
 895              		.cfi_startproc
 896              		@ args = 0, pretend = 0, frame = 48
 897              		@ frame_needed = 1, uses_anonymous_args = 0
 898 035c 80B5     		push	{r7, lr}
 899              		.cfi_def_cfa_offset 8
 900              		.cfi_offset 7, -8
 901              		.cfi_offset 14, -4
 902 035e 92B0     		sub	sp, sp, #72
 903              		.cfi_def_cfa_offset 80
 904 0360 06AF     		add	r7, sp, #24
 905              		.cfi_def_cfa 7, 56
 245:build/openmote-cc2538_armgcc/openstack/02b-MAChigh/msf.c ****     open_addr_t    neighbor;
 246:build/openmote-cc2538_armgcc/openstack/02b-MAChigh/msf.c ****     bool           foundNeighbor;
 247:build/openmote-cc2538_armgcc/openstack/02b-MAChigh/msf.c ****     cellInfo_ht    celllist_delete[CELLLIST_MAX_LEN];
 248:build/openmote-cc2538_armgcc/openstack/02b-MAChigh/msf.c **** 
 249:build/openmote-cc2538_armgcc/openstack/02b-MAChigh/msf.c ****     if (ieee154e_isSynch()==FALSE) {
 906              		.loc 1 249 0
 907 0362 FFF7FEFF 		bl	ieee154e_isSynch
 908 0366 0346     		mov	r3, r0
 909 0368 83F00103 		eor	r3, r3, #1
 910 036c DBB2     		uxtb	r3, r3
 911 036e 002B     		cmp	r3, #0
 912 0370 00D0     		beq	.L53
 250:build/openmote-cc2538_armgcc/openstack/02b-MAChigh/msf.c ****         return;
 913              		.loc 1 250 0
 914 0372 3EE0     		b	.L52
 915              	.L53:
 251:build/openmote-cc2538_armgcc/openstack/02b-MAChigh/msf.c ****     }
 252:build/openmote-cc2538_armgcc/openstack/02b-MAChigh/msf.c **** 
 253:build/openmote-cc2538_armgcc/openstack/02b-MAChigh/msf.c ****     if (msf_vars.waitretry){
 916              		.loc 1 253 0
 917 0374 204B     		ldr	r3, .L60
 918 0376 5B7A     		ldrb	r3, [r3, #9]	@ zero_extendqisi2
 919 0378 002B     		cmp	r3, #0
 920 037a 00D0     		beq	.L55
 254:build/openmote-cc2538_armgcc/openstack/02b-MAChigh/msf.c ****         return;
 921              		.loc 1 254 0
 922 037c 39E0     		b	.L52
 923              	.L55:
 255:build/openmote-cc2538_armgcc/openstack/02b-MAChigh/msf.c ****     }
 256:build/openmote-cc2538_armgcc/openstack/02b-MAChigh/msf.c **** 
 257:build/openmote-cc2538_armgcc/openstack/02b-MAChigh/msf.c ****     // get preferred parent
 258:build/openmote-cc2538_armgcc/openstack/02b-MAChigh/msf.c ****     foundNeighbor = icmpv6rpl_getPreferredParentEui64(&neighbor);
 924              		.loc 1 258 0
 925 037e 07F11C03 		add	r3, r7, #28
 926 0382 1846     		mov	r0, r3
 927 0384 FFF7FEFF 		bl	icmpv6rpl_getPreferredParentEui64
 928 0388 0346     		mov	r3, r0
 929 038a 87F82F30 		strb	r3, [r7, #47]
 259:build/openmote-cc2538_armgcc/openstack/02b-MAChigh/msf.c ****     if (foundNeighbor==FALSE) {
 930              		.loc 1 259 0
 931 038e 97F82F30 		ldrb	r3, [r7, #47]
 932 0392 83F00103 		eor	r3, r3, #1
 933 0396 DBB2     		uxtb	r3, r3
 934 0398 002B     		cmp	r3, #0
 935 039a 00D0     		beq	.L56
 260:build/openmote-cc2538_armgcc/openstack/02b-MAChigh/msf.c ****         return;
 936              		.loc 1 260 0
 937 039c 29E0     		b	.L52
 938              	.L56:
 261:build/openmote-cc2538_armgcc/openstack/02b-MAChigh/msf.c ****     }
 262:build/openmote-cc2538_armgcc/openstack/02b-MAChigh/msf.c **** 
 263:build/openmote-cc2538_armgcc/openstack/02b-MAChigh/msf.c ****     if (schedule_getNumberOfDedicatedCells(&neighbor)<=1){
 939              		.loc 1 263 0
 940 039e 07F11C03 		add	r3, r7, #28
 941 03a2 1846     		mov	r0, r3
 942 03a4 FFF7FEFF 		bl	schedule_getNumberOfDedicatedCells
 943 03a8 0346     		mov	r3, r0
 944 03aa 012B     		cmp	r3, #1
 945 03ac 00D8     		bhi	.L57
 264:build/openmote-cc2538_armgcc/openstack/02b-MAChigh/msf.c ****         // at least one dedicated cell presents
 265:build/openmote-cc2538_armgcc/openstack/02b-MAChigh/msf.c ****         return;
 946              		.loc 1 265 0
 947 03ae 20E0     		b	.L52
 948              	.L57:
 266:build/openmote-cc2538_armgcc/openstack/02b-MAChigh/msf.c ****     }
 267:build/openmote-cc2538_armgcc/openstack/02b-MAChigh/msf.c **** 
 268:build/openmote-cc2538_armgcc/openstack/02b-MAChigh/msf.c ****     if (msf_candidateRemoveCellList(celllist_delete,&neighbor,NUMCELLS_MSF)==FALSE){
 949              		.loc 1 268 0
 950 03b0 3A46     		mov	r2, r7
 951 03b2 07F11C03 		add	r3, r7, #28
 952 03b6 1046     		mov	r0, r2
 953 03b8 1946     		mov	r1, r3
 954 03ba 0122     		movs	r2, #1
 955 03bc FFF7FEFF 		bl	msf_candidateRemoveCellList
 956 03c0 0346     		mov	r3, r0
 957 03c2 83F00103 		eor	r3, r3, #1
 958 03c6 DBB2     		uxtb	r3, r3
 959 03c8 002B     		cmp	r3, #0
 960 03ca 00D0     		beq	.L58
 269:build/openmote-cc2538_armgcc/openstack/02b-MAChigh/msf.c ****         // failed to get cell list to delete
 270:build/openmote-cc2538_armgcc/openstack/02b-MAChigh/msf.c ****         return;
 961              		.loc 1 270 0
 962 03cc 11E0     		b	.L52
 963              	.L58:
 271:build/openmote-cc2538_armgcc/openstack/02b-MAChigh/msf.c ****     }
 272:build/openmote-cc2538_armgcc/openstack/02b-MAChigh/msf.c ****     sixtop_request(
 964              		.loc 1 272 0
 965 03ce 07F11C02 		add	r2, r7, #28
 966 03d2 0023     		movs	r3, #0
 967 03d4 0093     		str	r3, [sp]
 968 03d6 3B46     		mov	r3, r7
 969 03d8 0193     		str	r3, [sp, #4]
 970 03da 0023     		movs	r3, #0
 971 03dc 0293     		str	r3, [sp, #8]
 972 03de 0023     		movs	r3, #0
 973 03e0 0393     		str	r3, [sp, #12]
 974 03e2 0023     		movs	r3, #0
 975 03e4 0493     		str	r3, [sp, #16]
 976 03e6 0220     		movs	r0, #2
 977 03e8 1146     		mov	r1, r2
 978 03ea 0122     		movs	r2, #1
 979 03ec 0723     		movs	r3, #7
 980 03ee FFF7FEFF 		bl	sixtop_request
 981              	.L52:
 273:build/openmote-cc2538_armgcc/openstack/02b-MAChigh/msf.c ****         IANA_6TOP_CMD_DELETE,   // code
 274:build/openmote-cc2538_armgcc/openstack/02b-MAChigh/msf.c ****         &neighbor,              // neighbor
 275:build/openmote-cc2538_armgcc/openstack/02b-MAChigh/msf.c ****         NUMCELLS_MSF,           // number cells
 276:build/openmote-cc2538_armgcc/openstack/02b-MAChigh/msf.c ****         CELLOPTIONS_MSF,        // cellOptions
 277:build/openmote-cc2538_armgcc/openstack/02b-MAChigh/msf.c ****         NULL,                   // celllist to add (not used)
 278:build/openmote-cc2538_armgcc/openstack/02b-MAChigh/msf.c ****         celllist_delete,        // celllist to delete
 279:build/openmote-cc2538_armgcc/openstack/02b-MAChigh/msf.c ****         IANA_6TISCH_SFID_MSF,   // sfid
 280:build/openmote-cc2538_armgcc/openstack/02b-MAChigh/msf.c ****         0,                      // list command offset (not used)
 281:build/openmote-cc2538_armgcc/openstack/02b-MAChigh/msf.c ****         0                       // list command maximum celllist (not used)
 282:build/openmote-cc2538_armgcc/openstack/02b-MAChigh/msf.c ****     );
 283:build/openmote-cc2538_armgcc/openstack/02b-MAChigh/msf.c **** }
 982              		.loc 1 283 0
 983 03f2 3037     		adds	r7, r7, #48
 984              		.cfi_def_cfa_offset 8
 985 03f4 BD46     		mov	sp, r7
 986              		.cfi_def_cfa_register 13
 987              		@ sp needed
 988 03f6 80BD     		pop	{r7, pc}
 989              	.L61:
 990              		.align	2
 991              	.L60:
 992 03f8 00000000 		.word	msf_vars
 993              		.cfi_endproc
 994              	.LFE13:
 996              		.align	2
 997              		.global	msf_appPktPeriod
 998              		.thumb
 999              		.thumb_func
 1001              	msf_appPktPeriod:
 1002              	.LFB14:
 284:build/openmote-cc2538_armgcc/openstack/02b-MAChigh/msf.c **** 
 285:build/openmote-cc2538_armgcc/openstack/02b-MAChigh/msf.c **** void msf_appPktPeriod(uint8_t numAppPacketsPerSlotFrame){
 1003              		.loc 1 285 0
 1004              		.cfi_startproc
 1005              		@ args = 0, pretend = 0, frame = 8
 1006              		@ frame_needed = 1, uses_anonymous_args = 0
 1007              		@ link register save eliminated.
 1008 03fc 80B4     		push	{r7}
 1009              		.cfi_def_cfa_offset 4
 1010              		.cfi_offset 7, -4
 1011 03fe 83B0     		sub	sp, sp, #12
 1012              		.cfi_def_cfa_offset 16
 1013 0400 00AF     		add	r7, sp, #0
 1014              		.cfi_def_cfa_register 7
 1015 0402 0346     		mov	r3, r0
 1016 0404 FB71     		strb	r3, [r7, #7]
 286:build/openmote-cc2538_armgcc/openstack/02b-MAChigh/msf.c ****     msf_vars.numAppPacketsPerSlotFrame = numAppPacketsPerSlotFrame;
 1017              		.loc 1 286 0
 1018 0406 044A     		ldr	r2, .L63
 1019 0408 FB79     		ldrb	r3, [r7, #7]
 1020 040a 1370     		strb	r3, [r2]
 287:build/openmote-cc2538_armgcc/openstack/02b-MAChigh/msf.c **** }
 1021              		.loc 1 287 0
 1022 040c 0C37     		adds	r7, r7, #12
 1023              		.cfi_def_cfa_offset 4
 1024 040e BD46     		mov	sp, r7
 1025              		.cfi_def_cfa_register 13
 1026              		@ sp needed
 1027 0410 5DF8047B 		ldr	r7, [sp], #4
 1028              		.cfi_restore 7
 1029              		.cfi_def_cfa_offset 0
 1030 0414 7047     		bx	lr
 1031              	.L64:
 1032 0416 00BF     		.align	2
 1033              	.L63:
 1034 0418 00000000 		.word	msf_vars
 1035              		.cfi_endproc
 1036              	.LFE14:
 1038              		.align	2
 1039              		.global	msf_candidateAddCellList
 1040              		.thumb
 1041              		.thumb_func
 1043              	msf_candidateAddCellList:
 1044              	.LFB15:
 288:build/openmote-cc2538_armgcc/openstack/02b-MAChigh/msf.c **** 
 289:build/openmote-cc2538_armgcc/openstack/02b-MAChigh/msf.c **** bool msf_candidateAddCellList(
 290:build/openmote-cc2538_armgcc/openstack/02b-MAChigh/msf.c ****       cellInfo_ht* cellList,
 291:build/openmote-cc2538_armgcc/openstack/02b-MAChigh/msf.c ****       uint8_t      requiredCells
 292:build/openmote-cc2538_armgcc/openstack/02b-MAChigh/msf.c ****    ){
 1045              		.loc 1 292 0
 1046              		.cfi_startproc
 1047              		@ args = 0, pretend = 0, frame = 16
 1048              		@ frame_needed = 1, uses_anonymous_args = 0
 1049 041c 90B5     		push	{r4, r7, lr}
 1050              		.cfi_def_cfa_offset 12
 1051              		.cfi_offset 4, -12
 1052              		.cfi_offset 7, -8
 1053              		.cfi_offset 14, -4
 1054 041e 85B0     		sub	sp, sp, #20
 1055              		.cfi_def_cfa_offset 32
 1056 0420 00AF     		add	r7, sp, #0
 1057              		.cfi_def_cfa_register 7
 1058 0422 7860     		str	r0, [r7, #4]
 1059 0424 0B46     		mov	r3, r1
 1060 0426 FB70     		strb	r3, [r7, #3]
 293:build/openmote-cc2538_armgcc/openstack/02b-MAChigh/msf.c ****     uint8_t i;
 294:build/openmote-cc2538_armgcc/openstack/02b-MAChigh/msf.c ****     frameLength_t slotoffset;
 295:build/openmote-cc2538_armgcc/openstack/02b-MAChigh/msf.c ****     uint8_t numCandCells;
 296:build/openmote-cc2538_armgcc/openstack/02b-MAChigh/msf.c **** 
 297:build/openmote-cc2538_armgcc/openstack/02b-MAChigh/msf.c ****     memset(cellList,0,CELLLIST_MAX_LEN*sizeof(cellInfo_ht));
 1061              		.loc 1 297 0
 1062 0428 7868     		ldr	r0, [r7, #4]
 1063 042a 0021     		movs	r1, #0
 1064 042c 1922     		movs	r2, #25
 1065 042e FFF7FEFF 		bl	memset
 298:build/openmote-cc2538_armgcc/openstack/02b-MAChigh/msf.c ****     numCandCells=0;
 1066              		.loc 1 298 0
 1067 0432 0023     		movs	r3, #0
 1068 0434 BB73     		strb	r3, [r7, #14]
 299:build/openmote-cc2538_armgcc/openstack/02b-MAChigh/msf.c ****     for(i=0;i<CELLLIST_MAX_LEN;i++){
 1069              		.loc 1 299 0
 1070 0436 0023     		movs	r3, #0
 1071 0438 FB73     		strb	r3, [r7, #15]
 1072 043a 38E0     		b	.L66
 1073              	.L68:
 300:build/openmote-cc2538_armgcc/openstack/02b-MAChigh/msf.c ****         slotoffset = openrandom_get16b()%schedule_getFrameLength();
 1074              		.loc 1 300 0
 1075 043c FFF7FEFF 		bl	openrandom_get16b
 1076 0440 0346     		mov	r3, r0
 1077 0442 1C46     		mov	r4, r3
 1078 0444 FFF7FEFF 		bl	schedule_getFrameLength
 1079 0448 0346     		mov	r3, r0
 1080 044a B4FBF3F2 		udiv	r2, r4, r3
 1081 044e 03FB02F3 		mul	r3, r3, r2
 1082 0452 E31A     		subs	r3, r4, r3
 1083 0454 BB81     		strh	r3, [r7, #12]	@ movhi
 301:build/openmote-cc2538_armgcc/openstack/02b-MAChigh/msf.c ****         if(schedule_isSlotOffsetAvailable(slotoffset)==TRUE){
 1084              		.loc 1 301 0
 1085 0456 BB89     		ldrh	r3, [r7, #12]
 1086 0458 1846     		mov	r0, r3
 1087 045a FFF7FEFF 		bl	schedule_isSlotOffsetAvailable
 1088 045e 0346     		mov	r3, r0
 1089 0460 002B     		cmp	r3, #0
 1090 0462 21D0     		beq	.L67
 302:build/openmote-cc2538_armgcc/openstack/02b-MAChigh/msf.c ****             cellList[numCandCells].slotoffset       = slotoffset;
 1091              		.loc 1 302 0
 1092 0464 BA7B     		ldrb	r2, [r7, #14]	@ zero_extendqisi2
 1093 0466 1346     		mov	r3, r2
 1094 0468 9B00     		lsls	r3, r3, #2
 1095 046a 1344     		add	r3, r3, r2
 1096 046c 7A68     		ldr	r2, [r7, #4]
 1097 046e 1344     		add	r3, r3, r2
 1098 0470 BA89     		ldrh	r2, [r7, #12]	@ movhi
 1099 0472 A3F80120 		strh	r2, [r3, #1]	@ unaligned
 303:build/openmote-cc2538_armgcc/openstack/02b-MAChigh/msf.c ****             cellList[numCandCells].channeloffset    = openrandom_get16b()&0x0F;
 1100              		.loc 1 303 0
 1101 0476 BA7B     		ldrb	r2, [r7, #14]	@ zero_extendqisi2
 1102 0478 1346     		mov	r3, r2
 1103 047a 9B00     		lsls	r3, r3, #2
 1104 047c 1344     		add	r3, r3, r2
 1105 047e 7A68     		ldr	r2, [r7, #4]
 1106 0480 D418     		adds	r4, r2, r3
 1107 0482 FFF7FEFF 		bl	openrandom_get16b
 1108 0486 0346     		mov	r3, r0
 1109 0488 03F00F03 		and	r3, r3, #15
 1110 048c 9BB2     		uxth	r3, r3
 1111 048e A4F80330 		strh	r3, [r4, #3]	@ unaligned
 304:build/openmote-cc2538_armgcc/openstack/02b-MAChigh/msf.c ****             cellList[numCandCells].isUsed           = TRUE;
 1112              		.loc 1 304 0
 1113 0492 BA7B     		ldrb	r2, [r7, #14]	@ zero_extendqisi2
 1114 0494 1346     		mov	r3, r2
 1115 0496 9B00     		lsls	r3, r3, #2
 1116 0498 1344     		add	r3, r3, r2
 1117 049a 7A68     		ldr	r2, [r7, #4]
 1118 049c 1344     		add	r3, r3, r2
 1119 049e 0122     		movs	r2, #1
 1120 04a0 1A70     		strb	r2, [r3]
 305:build/openmote-cc2538_armgcc/openstack/02b-MAChigh/msf.c ****             numCandCells++;
 1121              		.loc 1 305 0
 1122 04a2 BB7B     		ldrb	r3, [r7, #14]	@ zero_extendqisi2
 1123 04a4 0133     		adds	r3, r3, #1
 1124 04a6 BB73     		strb	r3, [r7, #14]
 1125              	.L67:
 299:build/openmote-cc2538_armgcc/openstack/02b-MAChigh/msf.c ****         slotoffset = openrandom_get16b()%schedule_getFrameLength();
 1126              		.loc 1 299 0 discriminator 2
 1127 04a8 FB7B     		ldrb	r3, [r7, #15]	@ zero_extendqisi2
 1128 04aa 0133     		adds	r3, r3, #1
 1129 04ac FB73     		strb	r3, [r7, #15]
 1130              	.L66:
 299:build/openmote-cc2538_armgcc/openstack/02b-MAChigh/msf.c ****         slotoffset = openrandom_get16b()%schedule_getFrameLength();
 1131              		.loc 1 299 0 is_stmt 0 discriminator 1
 1132 04ae FB7B     		ldrb	r3, [r7, #15]	@ zero_extendqisi2
 1133 04b0 042B     		cmp	r3, #4
 1134 04b2 C3D9     		bls	.L68
 306:build/openmote-cc2538_armgcc/openstack/02b-MAChigh/msf.c ****         }
 307:build/openmote-cc2538_armgcc/openstack/02b-MAChigh/msf.c ****     }
 308:build/openmote-cc2538_armgcc/openstack/02b-MAChigh/msf.c **** 
 309:build/openmote-cc2538_armgcc/openstack/02b-MAChigh/msf.c ****     if (numCandCells<requiredCells || requiredCells==0) {
 1135              		.loc 1 309 0 is_stmt 1
 1136 04b4 BA7B     		ldrb	r2, [r7, #14]	@ zero_extendqisi2
 1137 04b6 FB78     		ldrb	r3, [r7, #3]	@ zero_extendqisi2
 1138 04b8 9A42     		cmp	r2, r3
 1139 04ba 02D3     		bcc	.L69
 1140              		.loc 1 309 0 is_stmt 0 discriminator 1
 1141 04bc FB78     		ldrb	r3, [r7, #3]	@ zero_extendqisi2
 1142 04be 002B     		cmp	r3, #0
 1143 04c0 01D1     		bne	.L70
 1144              	.L69:
 310:build/openmote-cc2538_armgcc/openstack/02b-MAChigh/msf.c ****         return FALSE;
 1145              		.loc 1 310 0 is_stmt 1
 1146 04c2 0023     		movs	r3, #0
 1147 04c4 00E0     		b	.L71
 1148              	.L70:
 311:build/openmote-cc2538_armgcc/openstack/02b-MAChigh/msf.c ****     } else {
 312:build/openmote-cc2538_armgcc/openstack/02b-MAChigh/msf.c ****         return TRUE;
 1149              		.loc 1 312 0
 1150 04c6 0123     		movs	r3, #1
 1151              	.L71:
 313:build/openmote-cc2538_armgcc/openstack/02b-MAChigh/msf.c ****     }
 314:build/openmote-cc2538_armgcc/openstack/02b-MAChigh/msf.c **** }
 1152              		.loc 1 314 0
 1153 04c8 1846     		mov	r0, r3
 1154 04ca 1437     		adds	r7, r7, #20
 1155              		.cfi_def_cfa_offset 12
 1156 04cc BD46     		mov	sp, r7
 1157              		.cfi_def_cfa_register 13
 1158              		@ sp needed
 1159 04ce 90BD     		pop	{r4, r7, pc}
 1160              		.cfi_endproc
 1161              	.LFE15:
 1163              		.align	2
 1164              		.global	msf_candidateRemoveCellList
 1165              		.thumb
 1166              		.thumb_func
 1168              	msf_candidateRemoveCellList:
 1169              	.LFB16:
 315:build/openmote-cc2538_armgcc/openstack/02b-MAChigh/msf.c **** 
 316:build/openmote-cc2538_armgcc/openstack/02b-MAChigh/msf.c **** bool msf_candidateRemoveCellList(
 317:build/openmote-cc2538_armgcc/openstack/02b-MAChigh/msf.c ****       cellInfo_ht* cellList,
 318:build/openmote-cc2538_armgcc/openstack/02b-MAChigh/msf.c ****       open_addr_t* neighbor,
 319:build/openmote-cc2538_armgcc/openstack/02b-MAChigh/msf.c ****       uint8_t      requiredCells
 320:build/openmote-cc2538_armgcc/openstack/02b-MAChigh/msf.c ****    ){
 1170              		.loc 1 320 0
 1171              		.cfi_startproc
 1172              		@ args = 0, pretend = 0, frame = 32
 1173              		@ frame_needed = 1, uses_anonymous_args = 0
 1174 04d0 90B5     		push	{r4, r7, lr}
 1175              		.cfi_def_cfa_offset 12
 1176              		.cfi_offset 4, -12
 1177              		.cfi_offset 7, -8
 1178              		.cfi_offset 14, -4
 1179 04d2 89B0     		sub	sp, sp, #36
 1180              		.cfi_def_cfa_offset 48
 1181 04d4 00AF     		add	r7, sp, #0
 1182              		.cfi_def_cfa_register 7
 1183 04d6 F860     		str	r0, [r7, #12]
 1184 04d8 B960     		str	r1, [r7, #8]
 1185 04da 1346     		mov	r3, r2
 1186 04dc FB71     		strb	r3, [r7, #7]
 321:build/openmote-cc2538_armgcc/openstack/02b-MAChigh/msf.c ****    uint8_t              i;
 322:build/openmote-cc2538_armgcc/openstack/02b-MAChigh/msf.c ****    uint8_t              numCandCells;
 323:build/openmote-cc2538_armgcc/openstack/02b-MAChigh/msf.c ****    slotinfo_element_t   info;
 324:build/openmote-cc2538_armgcc/openstack/02b-MAChigh/msf.c **** 
 325:build/openmote-cc2538_armgcc/openstack/02b-MAChigh/msf.c ****    memset(cellList,0,CELLLIST_MAX_LEN*sizeof(cellInfo_ht));
 1187              		.loc 1 325 0
 1188 04de F868     		ldr	r0, [r7, #12]
 1189 04e0 0021     		movs	r1, #0
 1190 04e2 1922     		movs	r2, #25
 1191 04e4 FFF7FEFF 		bl	memset
 326:build/openmote-cc2538_armgcc/openstack/02b-MAChigh/msf.c ****    numCandCells    = 0;
 1192              		.loc 1 326 0
 1193 04e8 0023     		movs	r3, #0
 1194 04ea BB77     		strb	r3, [r7, #30]
 327:build/openmote-cc2538_armgcc/openstack/02b-MAChigh/msf.c ****    for(i=0;i<schedule_getFrameLength();i++){
 1195              		.loc 1 327 0
 1196 04ec 0023     		movs	r3, #0
 1197 04ee FB77     		strb	r3, [r7, #31]
 1198 04f0 31E0     		b	.L73
 1199              	.L76:
 328:build/openmote-cc2538_armgcc/openstack/02b-MAChigh/msf.c ****       schedule_getSlotInfo(i,neighbor,&info);
 1200              		.loc 1 328 0
 1201 04f2 FB7F     		ldrb	r3, [r7, #31]	@ zero_extendqisi2
 1202 04f4 9AB2     		uxth	r2, r3
 1203 04f6 07F11003 		add	r3, r7, #16
 1204 04fa 1046     		mov	r0, r2
 1205 04fc B968     		ldr	r1, [r7, #8]
 1206 04fe 1A46     		mov	r2, r3
 1207 0500 FFF7FEFF 		bl	schedule_getSlotInfo
 329:build/openmote-cc2538_armgcc/openstack/02b-MAChigh/msf.c ****       if(info.link_type == CELLTYPE_TX){
 1208              		.loc 1 329 0
 1209 0504 3B7E     		ldrb	r3, [r7, #24]	@ zero_extendqisi2
 1210 0506 012B     		cmp	r3, #1
 1211 0508 22D1     		bne	.L74
 330:build/openmote-cc2538_armgcc/openstack/02b-MAChigh/msf.c ****          cellList[numCandCells].slotoffset       = i;
 1212              		.loc 1 330 0
 1213 050a BA7F     		ldrb	r2, [r7, #30]	@ zero_extendqisi2
 1214 050c 1346     		mov	r3, r2
 1215 050e 9B00     		lsls	r3, r3, #2
 1216 0510 1344     		add	r3, r3, r2
 1217 0512 FA68     		ldr	r2, [r7, #12]
 1218 0514 1344     		add	r3, r3, r2
 1219 0516 FA7F     		ldrb	r2, [r7, #31]	@ zero_extendqisi2
 1220 0518 92B2     		uxth	r2, r2
 1221 051a A3F80120 		strh	r2, [r3, #1]	@ unaligned
 331:build/openmote-cc2538_armgcc/openstack/02b-MAChigh/msf.c ****          cellList[numCandCells].channeloffset    = info.channelOffset;
 1222              		.loc 1 331 0
 1223 051e BA7F     		ldrb	r2, [r7, #30]	@ zero_extendqisi2
 1224 0520 1346     		mov	r3, r2
 1225 0522 9B00     		lsls	r3, r3, #2
 1226 0524 1344     		add	r3, r3, r2
 1227 0526 FA68     		ldr	r2, [r7, #12]
 1228 0528 1344     		add	r3, r3, r2
 1229 052a 3A7F     		ldrb	r2, [r7, #28]	@ zero_extendqisi2
 1230 052c 92B2     		uxth	r2, r2
 1231 052e A3F80320 		strh	r2, [r3, #3]	@ unaligned
 332:build/openmote-cc2538_armgcc/openstack/02b-MAChigh/msf.c ****          cellList[numCandCells].isUsed           = TRUE;
 1232              		.loc 1 332 0
 1233 0532 BA7F     		ldrb	r2, [r7, #30]	@ zero_extendqisi2
 1234 0534 1346     		mov	r3, r2
 1235 0536 9B00     		lsls	r3, r3, #2
 1236 0538 1344     		add	r3, r3, r2
 1237 053a FA68     		ldr	r2, [r7, #12]
 1238 053c 1344     		add	r3, r3, r2
 1239 053e 0122     		movs	r2, #1
 1240 0540 1A70     		strb	r2, [r3]
 333:build/openmote-cc2538_armgcc/openstack/02b-MAChigh/msf.c ****          numCandCells++;
 1241              		.loc 1 333 0
 1242 0542 BB7F     		ldrb	r3, [r7, #30]	@ zero_extendqisi2
 1243 0544 0133     		adds	r3, r3, #1
 1244 0546 BB77     		strb	r3, [r7, #30]
 334:build/openmote-cc2538_armgcc/openstack/02b-MAChigh/msf.c ****          if (numCandCells==CELLLIST_MAX_LEN){
 1245              		.loc 1 334 0
 1246 0548 BB7F     		ldrb	r3, [r7, #30]	@ zero_extendqisi2
 1247 054a 052B     		cmp	r3, #5
 1248 054c 00D1     		bne	.L74
 335:build/openmote-cc2538_armgcc/openstack/02b-MAChigh/msf.c ****             break;
 1249              		.loc 1 335 0
 1250 054e 09E0     		b	.L75
 1251              	.L74:
 327:build/openmote-cc2538_armgcc/openstack/02b-MAChigh/msf.c ****       schedule_getSlotInfo(i,neighbor,&info);
 1252              		.loc 1 327 0 discriminator 2
 1253 0550 FB7F     		ldrb	r3, [r7, #31]	@ zero_extendqisi2
 1254 0552 0133     		adds	r3, r3, #1
 1255 0554 FB77     		strb	r3, [r7, #31]
 1256              	.L73:
 327:build/openmote-cc2538_armgcc/openstack/02b-MAChigh/msf.c ****       schedule_getSlotInfo(i,neighbor,&info);
 1257              		.loc 1 327 0 is_stmt 0 discriminator 1
 1258 0556 FB7F     		ldrb	r3, [r7, #31]	@ zero_extendqisi2
 1259 0558 9CB2     		uxth	r4, r3
 1260 055a FFF7FEFF 		bl	schedule_getFrameLength
 1261 055e 0346     		mov	r3, r0
 1262 0560 9C42     		cmp	r4, r3
 1263 0562 C6D3     		bcc	.L76
 1264              	.L75:
 336:build/openmote-cc2538_armgcc/openstack/02b-MAChigh/msf.c ****          }
 337:build/openmote-cc2538_armgcc/openstack/02b-MAChigh/msf.c ****       }
 338:build/openmote-cc2538_armgcc/openstack/02b-MAChigh/msf.c ****    }
 339:build/openmote-cc2538_armgcc/openstack/02b-MAChigh/msf.c **** 
 340:build/openmote-cc2538_armgcc/openstack/02b-MAChigh/msf.c ****    if(numCandCells<requiredCells){
 1265              		.loc 1 340 0 is_stmt 1
 1266 0564 BA7F     		ldrb	r2, [r7, #30]	@ zero_extendqisi2
 1267 0566 FB79     		ldrb	r3, [r7, #7]	@ zero_extendqisi2
 1268 0568 9A42     		cmp	r2, r3
 1269 056a 01D2     		bcs	.L77
 341:build/openmote-cc2538_armgcc/openstack/02b-MAChigh/msf.c ****       return FALSE;
 1270              		.loc 1 341 0
 1271 056c 0023     		movs	r3, #0
 1272 056e 00E0     		b	.L79
 1273              	.L77:
 342:build/openmote-cc2538_armgcc/openstack/02b-MAChigh/msf.c ****    }else{
 343:build/openmote-cc2538_armgcc/openstack/02b-MAChigh/msf.c ****       return TRUE;
 1274              		.loc 1 343 0
 1275 0570 0123     		movs	r3, #1
 1276              	.L79:
 344:build/openmote-cc2538_armgcc/openstack/02b-MAChigh/msf.c ****    }
 345:build/openmote-cc2538_armgcc/openstack/02b-MAChigh/msf.c **** }
 1277              		.loc 1 345 0 discriminator 1
 1278 0572 1846     		mov	r0, r3
 1279 0574 2437     		adds	r7, r7, #36
 1280              		.cfi_def_cfa_offset 12
 1281 0576 BD46     		mov	sp, r7
 1282              		.cfi_def_cfa_register 13
 1283              		@ sp needed
 1284 0578 90BD     		pop	{r4, r7, pc}
 1285              		.cfi_endproc
 1286              	.LFE16:
 1288 057a 00BF     		.align	2
 1289              		.global	msf_housekeeping
 1290              		.thumb
 1291              		.thumb_func
 1293              	msf_housekeeping:
 1294              	.LFB17:
 346:build/openmote-cc2538_armgcc/openstack/02b-MAChigh/msf.c **** 
 347:build/openmote-cc2538_armgcc/openstack/02b-MAChigh/msf.c **** void msf_housekeeping(void){
 1295              		.loc 1 347 0
 1296              		.cfi_startproc
 1297              		@ args = 0, pretend = 0, frame = 80
 1298              		@ frame_needed = 1, uses_anonymous_args = 0
 1299 057c 80B5     		push	{r7, lr}
 1300              		.cfi_def_cfa_offset 8
 1301              		.cfi_offset 7, -8
 1302              		.cfi_offset 14, -4
 1303 057e 9AB0     		sub	sp, sp, #104
 1304              		.cfi_def_cfa_offset 112
 1305 0580 06AF     		add	r7, sp, #24
 1306              		.cfi_def_cfa 7, 88
 348:build/openmote-cc2538_armgcc/openstack/02b-MAChigh/msf.c **** 
 349:build/openmote-cc2538_armgcc/openstack/02b-MAChigh/msf.c ****     open_addr_t    parentNeighbor;
 350:build/openmote-cc2538_armgcc/openstack/02b-MAChigh/msf.c ****     bool           foundNeighbor;
 351:build/openmote-cc2538_armgcc/openstack/02b-MAChigh/msf.c ****     cellInfo_ht    celllist_add[CELLLIST_MAX_LEN];
 352:build/openmote-cc2538_armgcc/openstack/02b-MAChigh/msf.c ****     cellInfo_ht    celllist_delete[CELLLIST_MAX_LEN];
 353:build/openmote-cc2538_armgcc/openstack/02b-MAChigh/msf.c **** 
 354:build/openmote-cc2538_armgcc/openstack/02b-MAChigh/msf.c ****     if (ieee154e_isSynch()==FALSE) {
 1307              		.loc 1 354 0
 1308 0582 FFF7FEFF 		bl	ieee154e_isSynch
 1309 0586 0346     		mov	r3, r0
 1310 0588 83F00103 		eor	r3, r3, #1
 1311 058c DBB2     		uxtb	r3, r3
 1312 058e 002B     		cmp	r3, #0
 1313 0590 00D0     		beq	.L81
 355:build/openmote-cc2538_armgcc/openstack/02b-MAChigh/msf.c ****         return;
 1314              		.loc 1 355 0
 1315 0592 5BE0     		b	.L80
 1316              	.L81:
 356:build/openmote-cc2538_armgcc/openstack/02b-MAChigh/msf.c ****     }
 357:build/openmote-cc2538_armgcc/openstack/02b-MAChigh/msf.c **** 
 358:build/openmote-cc2538_armgcc/openstack/02b-MAChigh/msf.c ****     foundNeighbor = icmpv6rpl_getPreferredParentEui64(&parentNeighbor);
 1317              		.loc 1 358 0
 1318 0594 07F13C03 		add	r3, r7, #60
 1319 0598 1846     		mov	r0, r3
 1320 059a FFF7FEFF 		bl	icmpv6rpl_getPreferredParentEui64
 1321 059e 0346     		mov	r3, r0
 1322 05a0 87F84F30 		strb	r3, [r7, #79]
 359:build/openmote-cc2538_armgcc/openstack/02b-MAChigh/msf.c ****     if (foundNeighbor==FALSE) {
 1323              		.loc 1 359 0
 1324 05a4 97F84F30 		ldrb	r3, [r7, #79]
 1325 05a8 83F00103 		eor	r3, r3, #1
 1326 05ac DBB2     		uxtb	r3, r3
 1327 05ae 002B     		cmp	r3, #0
 1328 05b0 00D0     		beq	.L83
 360:build/openmote-cc2538_armgcc/openstack/02b-MAChigh/msf.c ****         return;
 1329              		.loc 1 360 0
 1330 05b2 4BE0     		b	.L80
 1331              	.L83:
 361:build/openmote-cc2538_armgcc/openstack/02b-MAChigh/msf.c ****     }
 362:build/openmote-cc2538_armgcc/openstack/02b-MAChigh/msf.c ****     if (schedule_getNumberOfDedicatedCells(&parentNeighbor)==0){
 1332              		.loc 1 362 0
 1333 05b4 07F13C03 		add	r3, r7, #60
 1334 05b8 1846     		mov	r0, r3
 1335 05ba FFF7FEFF 		bl	schedule_getNumberOfDedicatedCells
 1336 05be 0346     		mov	r3, r0
 1337 05c0 002B     		cmp	r3, #0
 1338 05c2 02D1     		bne	.L84
 363:build/openmote-cc2538_armgcc/openstack/02b-MAChigh/msf.c ****         msf_trigger6pAdd();
 1339              		.loc 1 363 0
 1340 05c4 FFF7FEFF 		bl	msf_trigger6pAdd
 364:build/openmote-cc2538_armgcc/openstack/02b-MAChigh/msf.c ****         return;
 1341              		.loc 1 364 0
 1342 05c8 40E0     		b	.L80
 1343              	.L84:
 365:build/openmote-cc2538_armgcc/openstack/02b-MAChigh/msf.c ****     }
 366:build/openmote-cc2538_armgcc/openstack/02b-MAChigh/msf.c **** 
 367:build/openmote-cc2538_armgcc/openstack/02b-MAChigh/msf.c ****     if (msf_vars.waitretry){
 1344              		.loc 1 367 0
 1345 05ca 224B     		ldr	r3, .L90
 1346 05cc 5B7A     		ldrb	r3, [r3, #9]	@ zero_extendqisi2
 1347 05ce 002B     		cmp	r3, #0
 1348 05d0 00D0     		beq	.L85
 368:build/openmote-cc2538_armgcc/openstack/02b-MAChigh/msf.c ****         return;
 1349              		.loc 1 368 0
 1350 05d2 3BE0     		b	.L80
 1351              	.L85:
 369:build/openmote-cc2538_armgcc/openstack/02b-MAChigh/msf.c ****     }
 370:build/openmote-cc2538_armgcc/openstack/02b-MAChigh/msf.c **** 
 371:build/openmote-cc2538_armgcc/openstack/02b-MAChigh/msf.c ****     if (schedule_isNumTxWrapped(&parentNeighbor)==FALSE){
 1352              		.loc 1 371 0
 1353 05d4 07F13C03 		add	r3, r7, #60
 1354 05d8 1846     		mov	r0, r3
 1355 05da FFF7FEFF 		bl	schedule_isNumTxWrapped
 1356 05de 0346     		mov	r3, r0
 1357 05e0 83F00103 		eor	r3, r3, #1
 1358 05e4 DBB2     		uxtb	r3, r3
 1359 05e6 002B     		cmp	r3, #0
 1360 05e8 00D0     		beq	.L86
 372:build/openmote-cc2538_armgcc/openstack/02b-MAChigh/msf.c ****         return;
 1361              		.loc 1 372 0
 1362 05ea 2FE0     		b	.L80
 1363              	.L86:
 373:build/openmote-cc2538_armgcc/openstack/02b-MAChigh/msf.c ****     }
 374:build/openmote-cc2538_armgcc/openstack/02b-MAChigh/msf.c **** 
 375:build/openmote-cc2538_armgcc/openstack/02b-MAChigh/msf.c ****     memset(celllist_delete, 0, CELLLIST_MAX_LEN*sizeof(cellInfo_ht));
 1364              		.loc 1 375 0
 1365 05ec 3B1D     		adds	r3, r7, #4
 1366 05ee 1846     		mov	r0, r3
 1367 05f0 0021     		movs	r1, #0
 1368 05f2 1922     		movs	r2, #25
 1369 05f4 FFF7FEFF 		bl	memset
 376:build/openmote-cc2538_armgcc/openstack/02b-MAChigh/msf.c ****     if (schedule_getCellsToBeRelocated(&parentNeighbor, celllist_delete)){
 1370              		.loc 1 376 0
 1371 05f8 07F13C02 		add	r2, r7, #60
 1372 05fc 3B1D     		adds	r3, r7, #4
 1373 05fe 1046     		mov	r0, r2
 1374 0600 1946     		mov	r1, r3
 1375 0602 FFF7FEFF 		bl	schedule_getCellsToBeRelocated
 1376 0606 0346     		mov	r3, r0
 1377 0608 002B     		cmp	r3, #0
 1378 060a 1FD0     		beq	.L80
 377:build/openmote-cc2538_armgcc/openstack/02b-MAChigh/msf.c ****         if (msf_candidateAddCellList(celllist_add,NUMCELLS_MSF)==FALSE){
 1379              		.loc 1 377 0
 1380 060c 07F12003 		add	r3, r7, #32
 1381 0610 1846     		mov	r0, r3
 1382 0612 0121     		movs	r1, #1
 1383 0614 FFF7FEFF 		bl	msf_candidateAddCellList
 1384 0618 0346     		mov	r3, r0
 1385 061a 83F00103 		eor	r3, r3, #1
 1386 061e DBB2     		uxtb	r3, r3
 1387 0620 002B     		cmp	r3, #0
 1388 0622 00D0     		beq	.L88
 378:build/openmote-cc2538_armgcc/openstack/02b-MAChigh/msf.c ****             // failed to get cell list to add
 379:build/openmote-cc2538_armgcc/openstack/02b-MAChigh/msf.c ****             return;
 1389              		.loc 1 379 0
 1390 0624 12E0     		b	.L80
 1391              	.L88:
 380:build/openmote-cc2538_armgcc/openstack/02b-MAChigh/msf.c ****         }
 381:build/openmote-cc2538_armgcc/openstack/02b-MAChigh/msf.c ****         sixtop_request(
 1392              		.loc 1 381 0
 1393 0626 07F13C02 		add	r2, r7, #60
 1394 062a 07F12003 		add	r3, r7, #32
 1395 062e 0093     		str	r3, [sp]
 1396 0630 3B1D     		adds	r3, r7, #4
 1397 0632 0193     		str	r3, [sp, #4]
 1398 0634 0023     		movs	r3, #0
 1399 0636 0293     		str	r3, [sp, #8]
 1400 0638 0023     		movs	r3, #0
 1401 063a 0393     		str	r3, [sp, #12]
 1402 063c 0023     		movs	r3, #0
 1403 063e 0493     		str	r3, [sp, #16]
 1404 0640 0320     		movs	r0, #3
 1405 0642 1146     		mov	r1, r2
 1406 0644 0122     		movs	r2, #1
 1407 0646 0723     		movs	r3, #7
 1408 0648 FFF7FEFF 		bl	sixtop_request
 1409              	.L80:
 382:build/openmote-cc2538_armgcc/openstack/02b-MAChigh/msf.c ****             IANA_6TOP_CMD_RELOCATE,   // code
 383:build/openmote-cc2538_armgcc/openstack/02b-MAChigh/msf.c ****             &parentNeighbor,          // neighbor
 384:build/openmote-cc2538_armgcc/openstack/02b-MAChigh/msf.c ****             NUMCELLS_MSF,             // number cells
 385:build/openmote-cc2538_armgcc/openstack/02b-MAChigh/msf.c ****             CELLOPTIONS_MSF,          // cellOptions
 386:build/openmote-cc2538_armgcc/openstack/02b-MAChigh/msf.c ****             celllist_add,             // celllist to add
 387:build/openmote-cc2538_armgcc/openstack/02b-MAChigh/msf.c ****             celllist_delete,          // celllist to delete
 388:build/openmote-cc2538_armgcc/openstack/02b-MAChigh/msf.c ****             IANA_6TISCH_SFID_MSF,     // sfid
 389:build/openmote-cc2538_armgcc/openstack/02b-MAChigh/msf.c ****             0,                        // list command offset (not used)
 390:build/openmote-cc2538_armgcc/openstack/02b-MAChigh/msf.c ****             0                         // list command maximum celllist (not used)
 391:build/openmote-cc2538_armgcc/openstack/02b-MAChigh/msf.c ****         );
 392:build/openmote-cc2538_armgcc/openstack/02b-MAChigh/msf.c ****     }
 393:build/openmote-cc2538_armgcc/openstack/02b-MAChigh/msf.c **** }...
 1410              		.loc 1 393 0
 1411 064c 5037     		adds	r7, r7, #80
 1412              		.cfi_def_cfa_offset 8
 1413 064e BD46     		mov	sp, r7
 1414              		.cfi_def_cfa_register 13
 1415              		@ sp needed
 1416 0650 80BD     		pop	{r7, pc}
 1417              	.L91:
 1418 0652 00BF     		.align	2
 1419              	.L90:
 1420 0654 00000000 		.word	msf_vars
 1421              		.cfi_endproc
 1422              	.LFE17:
 1424              	.Letext0:
 1425              		.file 2 "/usr/include/newlib/machine/_default_types.h"
 1426              		.file 3 "/usr/include/newlib/sys/_stdint.h"
 1427              		.file 4 "inc/opendefs.h"
 1428              		.file 5 "drivers/common/opentimers.h"
 1429              		.file 6 "build/openmote-cc2538_armgcc/openstack/02b-MAChigh/msf.h"
 1430              		.file 7 "build/openmote-cc2538_armgcc/openstack/02b-MAChigh/sixtop.h"
 1431              		.file 8 "kernel/scheduler.h"
 1432              		.file 9 "build/openmote-cc2538_armgcc/openstack/02b-MAChigh/schedule.h"
 1433              		.file 10 "bsp/boards/openmote-cc2538/board_info.h"
 1434              		.file 11 "openstack/03b-IPv6/icmpv6rpl.h"
 1435              		.file 12 "openstack/cross-layers/idmanager.h"
 1436              		.file 13 "openstack/02a-MAClow/IEEE802154E.h"
DEFINED SYMBOLS
                            *ABS*:0000000000000000 msf.c
     /tmp/ccOSq3a9.s:19     .rodata:0000000000000000 $d
     /tmp/ccOSq3a9.s:22     .rodata:0000000000000000 rreg_uriquery
     /tmp/ccOSq3a9.s:27     .rodata:0000000000000008 infoBoardname
     /tmp/ccOSq3a9.s:32     .rodata:0000000000000010 infouCName
     /tmp/ccOSq3a9.s:37     .rodata:0000000000000018 infoRadioName
     /tmp/ccOSq3a9.s:42     .rodata:0000000000000024 infoStackName
     /tmp/ccOSq3a9.s:47     .rodata:0000000000000030 all_routers_multicast
     /tmp/ccOSq3a9.s:67     .rodata:0000000000000040 linklocalprefix
     /tmp/ccOSq3a9.s:79     .rodata:0000000000000048 chTemplate_default
     /tmp/ccOSq3a9.s:99     .rodata:0000000000000058 ebIEsBytestream
                            *COM*:000000000000000a msf_vars
     /tmp/ccOSq3a9.s:130    .text:0000000000000000 $t
     /tmp/ccOSq3a9.s:135    .text:0000000000000000 msf_init
     /tmp/ccOSq3a9.s:213    .text:0000000000000070 $d
     /tmp/ccOSq3a9.s:415    .text:0000000000000158 msf_getsfid
     /tmp/ccOSq3a9.s:446    .text:0000000000000168 msf_getMetadata
     /tmp/ccOSq3a9.s:477    .text:0000000000000178 msf_translateMetadata
     /tmp/ccOSq3a9.s:508    .text:0000000000000188 msf_handleRCError
     /tmp/ccOSq3a9.s:649    .text:0000000000000234 msf_timer_housekeeping_cb
     /tmp/ccOSq3a9.s:222    .text:0000000000000088 $t
     /tmp/ccOSq3a9.s:227    .text:0000000000000088 msf_updateCellsPassed
     /tmp/ccOSq3a9.s:795    .text:00000000000002d4 msf_trigger6pAdd
     /tmp/ccOSq3a9.s:892    .text:000000000000035c msf_trigger6pDelete
     /tmp/ccOSq3a9.s:300    .text:00000000000000e4 $d
     /tmp/ccOSq3a9.s:304    .text:00000000000000e8 $t
     /tmp/ccOSq3a9.s:309    .text:00000000000000e8 msf_updateCellsUsed
     /tmp/ccOSq3a9.s:353    .text:0000000000000118 $d
     /tmp/ccOSq3a9.s:357    .text:000000000000011c $t
     /tmp/ccOSq3a9.s:362    .text:000000000000011c msf_trigger6pClear
     /tmp/ccOSq3a9.s:595    .text:0000000000000204 $d
     /tmp/ccOSq3a9.s:607    .text:0000000000000214 msf_timer_waitretry_cb
     /tmp/ccOSq3a9.s:736    .text:000000000000028c msf_timer_clear_task
     /tmp/ccOSq3a9.s:602    .text:0000000000000214 $t
     /tmp/ccOSq3a9.s:640    .text:0000000000000230 $d
     /tmp/ccOSq3a9.s:644    .text:0000000000000234 $t
     /tmp/ccOSq3a9.s:701    .text:0000000000000274 $d
     /tmp/ccOSq3a9.s:712    .text:0000000000000280 msf_timer_housekeeping_task
     /tmp/ccOSq3a9.s:707    .text:0000000000000280 $t
     /tmp/ccOSq3a9.s:1293   .text:000000000000057c msf_housekeeping
     /tmp/ccOSq3a9.s:1043   .text:000000000000041c msf_candidateAddCellList
     /tmp/ccOSq3a9.s:883    .text:0000000000000358 $d
     /tmp/ccOSq3a9.s:887    .text:000000000000035c $t
     /tmp/ccOSq3a9.s:1168   .text:00000000000004d0 msf_candidateRemoveCellList
     /tmp/ccOSq3a9.s:992    .text:00000000000003f8 $d
     /tmp/ccOSq3a9.s:996    .text:00000000000003fc $t
     /tmp/ccOSq3a9.s:1001   .text:00000000000003fc msf_appPktPeriod
     /tmp/ccOSq3a9.s:1034   .text:0000000000000418 $d
     /tmp/ccOSq3a9.s:1038   .text:000000000000041c $t
     /tmp/ccOSq3a9.s:1420   .text:0000000000000654 $d
                     .debug_frame:0000000000000010 $d
                           .group:0000000000000000 wm4.0.c64f62fd52e22d94e2a6dd9c07eeb43e
                           .group:0000000000000000 wm4.features.h.22.2e382148a0560adabf236cddd4e880f4
                           .group:0000000000000000 wm4._default_types.h.15.933e8edd27a65e0b69af4a865eb623d2
                           .group:0000000000000000 wm4._intsup.h.10.35a45952db64d30146faa63a55c20c1c
                           .group:0000000000000000 wm4._stdint.h.10.f76354baea1c7088202064e6f3d4f5e3
                           .group:0000000000000000 wm4.stdint.h.23.373a9d32a9e4c2e88fd347156532d281
                           .group:0000000000000000 wm4.toolchain_defs.h.2.e5fd326231d01413e5361944b26cde07
                           .group:0000000000000000 wm4.newlib.h.8.2702bca278809460f0af6fba1d84eb68
                           .group:0000000000000000 wm4.config.h.220.a09b0b0de3c25be3f39d71990e617bff
                           .group:0000000000000000 wm4._ansi.h.23.84af8eb8cd468d25cc5f45f5eb13ec51
                           .group:0000000000000000 wm4.stddef.h.39.daafd3d79fe2f3a84d2d73d7d4e706f8
                           .group:0000000000000000 wm4.lock.h.2.9bc98482741e5e2a9450b12934a684ea
                           .group:0000000000000000 wm4._types.h.54.d3d34a3b7f3cc230cd159baf022b4b08
                           .group:0000000000000000 wm4.stddef.h.158.61317cdbfb4026324507d123a50b0fd6
                           .group:0000000000000000 wm4.reent.h.17.8bd9e4098e0428508c282cad794fae43
                           .group:0000000000000000 wm4.cdefs.h.47.e6563c1c3863188ba4ac4eaa2c85b6f1
                           .group:0000000000000000 wm4.string.h.15.dab3980bf35408a4c507182805e2de3a
                           .group:0000000000000000 wm4.stddef.h.158.a7efb00f6cbc6f43213b50e183c9830c
                           .group:0000000000000000 wm4.stdbool.h.29.1c9ee6859ce8145f7838a4f2549ccec2
                           .group:0000000000000000 wm4.hw_types.h.67.b10589a0806dcc2d274d6fab6b736519
                           .group:0000000000000000 wm4.interrupt.h.41.272fc4ec0e276feb439e7974d0f77eaf
                           .group:0000000000000000 wm4.board_info.h.22.b5c65365e76c8378df4f4b0ed59cbc39
                           .group:0000000000000000 wm4.opendefs.h.23.47191652995b7fa35f12da40c3552cda
                           .group:0000000000000000 wm4.opentimers.h.8.4ddb88466c5d61beaa6758270059ffcf
                           .group:0000000000000000 wm4.msf.h.15.3ebf70d3ec106b14cb6275c72c4177ce
                           .group:0000000000000000 wm4.icmpv6rpl.h.2.f31802bcce2a0808bf5db39ce34f4322
                           .group:0000000000000000 wm4.neighbors.h.15.2a77b1a66a5fa826e9ff514b195b0560
                           .group:0000000000000000 wm4.sixtop.h.2.ee4bd0b70b528bdc38891cf2a16bad67
                           .group:0000000000000000 wm4.scheduler.h.2.d8d85f436d0d4b3991926a15b8490cf4
                           .group:0000000000000000 wm4.schedule.h.2.1e56c0a55af41b0871de1bf3babafbff
                           .group:0000000000000000 wm4.idmanager.h.2.8c0e2159b32ef3125cbb1e984805cbfe
                           .group:0000000000000000 wm4.IEEE802154E.h.31.4df44943e63b807d05253db7aa10079f

UNDEFINED SYMBOLS
memset
sixtop_setSFcallback
opentimers_create
openrandom_getRandomizePeriod
opentimers_scheduleIn
icmpv6rpl_isPreferredParent
schedule_hasDedicatedCellToNeighbor
sixtop_request
openrandom_get16b
scheduler_push_task
neighbors_setNeighborNoResource
icmpv6rpl_getPreferredParentEui64
ieee154e_isSynch
schedule_getNumberOfDedicatedCells
schedule_getFrameLength
schedule_isSlotOffsetAvailable
schedule_getSlotInfo
schedule_isNumTxWrapped
schedule_getCellsToBeRelocated
